This file contains any messages produced by compilers while
running configure, to aid debugging if configure makes a mistake.

It was created by configure, which was
generated by GNU Autoconf 2.64.  Invocation command line was

  $ /home/ssy/aarch-gcc-build_a/source/gcc-4.9.4/configure --target=aarch64-unknown-linux-uclibc --prefix=/home/ssy/aarch-gcc-build_a/tools --disable-multilib --disable-libmudflap --disable-libstdcxx --with-newlib --disable-nls --disable-shared --disable-libgomp --disable-libmudflap --disable-libquadmath --disable-__cxa_atexit --disable-tm-clone-registry --with-cloog=no --with-isl=no --with-system-zlib --disable-lto --disable-plugin --disable-nls --disable-libquadmath-support --enable-threads=no --enable-languages=c --disable-werror

## --------- ##
## Platform. ##
## --------- ##

hostname = ubuntu2404
uname -m = x86_64
uname -r = 6.8.0-55-generic
uname -s = Linux
uname -v = #57-Ubuntu SMP PREEMPT_DYNAMIC Wed Feb 12 23:42:21 UTC 2025

/usr/bin/uname -p = x86_64
/bin/uname -X     = unknown

/bin/arch              = x86_64
/usr/bin/arch -k       = unknown
/usr/convex/getsysinfo = unknown
/usr/bin/hostinfo      = unknown
/bin/machine           = unknown
/usr/bin/oslevel       = unknown
/bin/universe          = unknown

PATH: /home/ssy/aarch-gcc-build_a/tools/bin
PATH: /home/ssy/ct-ng-tool/bin
PATH: /usr/local/bin
PATH: /home/ssy/.pyenv/plugins/pyenv-virtualenv/shims
PATH: /home/ssy/.pyenv/shims
PATH: /home/ssy/.pyenv/bin
PATH: /home/ssy/.local/bin
PATH: /home/ssy/Flamegraph
PATH: /usr/lib/jvm/java-21-openjdk-amd64/bin
PATH: /opt/apache-maven-3.9.9/bin
PATH: /home/ssy/.cargo/bin
PATH: /usr/local/sbin
PATH: /usr/local/bin
PATH: /usr/sbin
PATH: /usr/bin
PATH: /sbin
PATH: /bin
PATH: /usr/games
PATH: /usr/local/games
PATH: /snap/bin
PATH: /home/ssy/android_studio/android-studio-2024.1.2.12-linux/android-studio/bin
PATH: /home/ssy/clashcli


## ----------- ##
## Core tests. ##
## ----------- ##

configure:2322: checking build system type
configure:2336: result: x86_64-unknown-linux-gnu
configure:2383: checking host system type
configure:2396: result: x86_64-unknown-linux-gnu
configure:2416: checking target system type
configure:2429: result: aarch64-unknown-linux-uclibc
configure:2483: checking for a BSD-compatible install
configure:2551: result: /usr/bin/install -c
configure:2562: checking whether ln works
configure:2584: result: yes
configure:2588: checking whether ln -s works
configure:2592: result: yes
configure:2599: checking for a sed that does not truncate output
configure:2663: result: /usr/bin/sed
configure:2672: checking for gawk
configure:2688: found /usr/bin/gawk
configure:2699: result: gawk
configure:3154: checking for libatomic support
configure:3164: result: yes
configure:3173: checking for libcilkrts support
configure:3179: result: no
configure:3192: checking for libitm support
configure:3202: result: yes
configure:3211: checking for libsanitizer support
configure:3217: result: no
configure:3230: checking for libvtv support
configure:3236: result: no
configure:3973: checking for gcc
configure:3989: found /usr/bin/gcc
configure:4000: result: gcc
configure:4229: checking for C compiler version
configure:4238: gcc --version >&5
gcc (Ubuntu 13.3.0-6ubuntu2~24.04) 13.3.0
Copyright (C) 2023 Free Software Foundation, Inc.
This is free software; see the source for copying conditions.  There is NO
warranty; not even for MERCHANTABILITY or FITNESS FOR A PARTICULAR PURPOSE.

configure:4249: $? = 0
configure:4238: gcc -v >&5
Using built-in specs.
COLLECT_GCC=gcc
COLLECT_LTO_WRAPPER=/usr/libexec/gcc/x86_64-linux-gnu/13/lto-wrapper
OFFLOAD_TARGET_NAMES=nvptx-none:amdgcn-amdhsa
OFFLOAD_TARGET_DEFAULT=1
Target: x86_64-linux-gnu
Configured with: ../src/configure -v --with-pkgversion='Ubuntu 13.3.0-6ubuntu2~24.04' --with-bugurl=file:///usr/share/doc/gcc-13/README.Bugs --enable-languages=c,ada,c++,go,d,fortran,objc,obj-c++,m2 --prefix=/usr --with-gcc-major-version-only --program-suffix=-13 --program-prefix=x86_64-linux-gnu- --enable-shared --enable-linker-build-id --libexecdir=/usr/libexec --without-included-gettext --enable-threads=posix --libdir=/usr/lib --enable-nls --enable-bootstrap --enable-clocale=gnu --enable-libstdcxx-debug --enable-libstdcxx-time=yes --with-default-libstdcxx-abi=new --enable-libstdcxx-backtrace --enable-gnu-unique-object --disable-vtable-verify --enable-plugin --enable-default-pie --with-system-zlib --enable-libphobos-checking=release --with-target-system-zlib=auto --enable-objc-gc=auto --enable-multiarch --disable-werror --enable-cet --with-arch-32=i686 --with-abi=m64 --with-multilib-list=m32,m64,mx32 --enable-multilib --with-tune=generic --enable-offload-targets=nvptx-none=/build/gcc-13-fG75Ri/gcc-13-13.3.0/debian/tmp-nvptx/usr,amdgcn-amdhsa=/build/gcc-13-fG75Ri/gcc-13-13.3.0/debian/tmp-gcn/usr --enable-offload-defaulted --without-cuda-driver --enable-checking=release --build=x86_64-linux-gnu --host=x86_64-linux-gnu --target=x86_64-linux-gnu --with-build-config=bootstrap-lto-lean --enable-link-serialization=2
Thread model: posix
Supported LTO compression algorithms: zlib zstd
gcc version 13.3.0 (Ubuntu 13.3.0-6ubuntu2~24.04) 
... rest of stderr output deleted ...
configure:4249: $? = 0
configure:4238: gcc -V >&5
gcc: error: unrecognized command-line option '-V'
gcc: fatal error: no input files
compilation terminated.
configure:4249: $? = 1
configure:4238: gcc -qversion >&5
gcc: error: unrecognized command-line option '-qversion'; did you mean '--version'?
gcc: fatal error: no input files
compilation terminated.
configure:4249: $? = 1
configure:4269: checking for C compiler default output file name
configure:4291: gcc    conftest.c  >&5
configure:4295: $? = 0
configure:4332: result: a.out
configure:4348: checking whether the C compiler works
configure:4357: ./a.out
configure:4361: $? = 0
configure:4376: result: yes
configure:4383: checking whether we are cross compiling
configure:4385: result: no
configure:4388: checking for suffix of executables
configure:4395: gcc -o conftest    conftest.c  >&5
configure:4399: $? = 0
configure:4421: result: 
configure:4427: checking for suffix of object files
configure:4449: gcc -c   conftest.c >&5
configure:4453: $? = 0
configure:4474: result: o
configure:4478: checking whether we are using the GNU C compiler
configure:4497: gcc -c   conftest.c >&5
configure:4497: $? = 0
configure:4506: result: yes
configure:4515: checking whether gcc accepts -g
configure:4535: gcc -c -g  conftest.c >&5
configure:4535: $? = 0
configure:4576: result: yes
configure:4593: checking for gcc option to accept ISO C89
configure:4657: gcc  -c -g -O2  conftest.c >&5
configure:4657: $? = 0
configure:4670: result: none needed
configure:4748: checking for g++
configure:4764: found /usr/bin/g++
configure:4775: result: g++
configure:4802: checking for C++ compiler version
configure:4811: g++ --version >&5
g++ (Ubuntu 13.3.0-6ubuntu2~24.04) 13.3.0
Copyright (C) 2023 Free Software Foundation, Inc.
This is free software; see the source for copying conditions.  There is NO
warranty; not even for MERCHANTABILITY or FITNESS FOR A PARTICULAR PURPOSE.

configure:4822: $? = 0
configure:4811: g++ -v >&5
Using built-in specs.
COLLECT_GCC=g++
COLLECT_LTO_WRAPPER=/usr/libexec/gcc/x86_64-linux-gnu/13/lto-wrapper
OFFLOAD_TARGET_NAMES=nvptx-none:amdgcn-amdhsa
OFFLOAD_TARGET_DEFAULT=1
Target: x86_64-linux-gnu
Configured with: ../src/configure -v --with-pkgversion='Ubuntu 13.3.0-6ubuntu2~24.04' --with-bugurl=file:///usr/share/doc/gcc-13/README.Bugs --enable-languages=c,ada,c++,go,d,fortran,objc,obj-c++,m2 --prefix=/usr --with-gcc-major-version-only --program-suffix=-13 --program-prefix=x86_64-linux-gnu- --enable-shared --enable-linker-build-id --libexecdir=/usr/libexec --without-included-gettext --enable-threads=posix --libdir=/usr/lib --enable-nls --enable-bootstrap --enable-clocale=gnu --enable-libstdcxx-debug --enable-libstdcxx-time=yes --with-default-libstdcxx-abi=new --enable-libstdcxx-backtrace --enable-gnu-unique-object --disable-vtable-verify --enable-plugin --enable-default-pie --with-system-zlib --enable-libphobos-checking=release --with-target-system-zlib=auto --enable-objc-gc=auto --enable-multiarch --disable-werror --enable-cet --with-arch-32=i686 --with-abi=m64 --with-multilib-list=m32,m64,mx32 --enable-multilib --with-tune=generic --enable-offload-targets=nvptx-none=/build/gcc-13-fG75Ri/gcc-13-13.3.0/debian/tmp-nvptx/usr,amdgcn-amdhsa=/build/gcc-13-fG75Ri/gcc-13-13.3.0/debian/tmp-gcn/usr --enable-offload-defaulted --without-cuda-driver --enable-checking=release --build=x86_64-linux-gnu --host=x86_64-linux-gnu --target=x86_64-linux-gnu --with-build-config=bootstrap-lto-lean --enable-link-serialization=2
Thread model: posix
Supported LTO compression algorithms: zlib zstd
gcc version 13.3.0 (Ubuntu 13.3.0-6ubuntu2~24.04) 
... rest of stderr output deleted ...
configure:4822: $? = 0
configure:4811: g++ -V >&5
g++: error: unrecognized command-line option '-V'
g++: fatal error: no input files
compilation terminated.
configure:4822: $? = 1
configure:4811: g++ -qversion >&5
g++: error: unrecognized command-line option '-qversion'; did you mean '--version'?
g++: fatal error: no input files
compilation terminated.
configure:4822: $? = 1
configure:4826: checking whether we are using the GNU C++ compiler
configure:4845: g++ -c   conftest.cpp >&5
configure:4845: $? = 0
configure:4854: result: yes
configure:4863: checking whether g++ accepts -g
configure:4883: g++ -c -g  conftest.cpp >&5
configure:4883: $? = 0
configure:4924: result: yes
configure:4973: checking whether g++ accepts -static-libstdc++ -static-libgcc
configure:4990: g++ -o conftest -g -O2   -static-libstdc++ -static-libgcc conftest.cpp  >&5
configure:4990: $? = 0
configure:4991: result: yes
configure:5055: checking for gnatbind
configure:5085: result: no
configure:5147: checking for gnatmake
configure:5177: result: no
configure:5196: checking whether compiler driver understands Ada
configure:5219: result: no
configure:5228: checking how to compare bootstrapped objects
configure:5253: result: cmp --ignore-initial=16 $$f1 $$f2
configure:5307: checking for objdir
configure:5322: result: .libs
configure:7210: checking for default BUILD_CONFIG
configure:7242: result: 
configure:7247: checking for --enable-vtable-verify
configure:7260: result: no
configure:7849: checking for bison
configure:7865: found /usr/bin/bison
configure:7876: result: bison -y
configure:7896: checking for bison
configure:7912: found /usr/bin/bison
configure:7923: result: bison
configure:7943: checking for gm4
configure:7973: result: no
configure:7943: checking for gnum4
configure:7973: result: no
configure:7943: checking for m4
configure:7959: found /usr/bin/m4
configure:7970: result: m4
configure:7990: checking for flex
configure:8006: found /usr/bin/flex
configure:8017: result: flex
configure:8038: checking for flex
configure:8054: found /usr/bin/flex
configure:8065: result: flex
configure:8085: checking for makeinfo
configure:8101: found /usr/bin/makeinfo
configure:8112: result: makeinfo
configure:8146: checking for expect
configure:8162: found /usr/bin/expect
configure:8173: result: expect
configure:8195: checking for runtest
configure:8211: found /usr/bin/runtest
configure:8222: result: runtest
configure:8340: checking for ar
configure:8356: found /usr/bin/ar
configure:8367: result: ar
configure:8481: checking for as
configure:8497: found /usr/bin/as
configure:8508: result: as
configure:8622: checking for dlltool
configure:8652: result: no
configure:8763: checking for ld
configure:8779: found /usr/bin/ld
configure:8790: result: ld
configure:8904: checking for lipo
configure:8934: result: no
configure:9045: checking for nm
configure:9061: found /usr/bin/nm
configure:9072: result: nm
configure:9186: checking for ranlib
configure:9202: found /usr/bin/ranlib
configure:9213: result: ranlib
configure:9322: checking for strip
configure:9338: found /usr/bin/strip
configure:9349: result: strip
configure:9458: checking for windres
configure:9488: result: no
configure:9599: checking for windmc
configure:9629: result: no
configure:9740: checking for objcopy
configure:9756: found /usr/bin/objcopy
configure:9767: result: objcopy
configure:9881: checking for objdump
configure:9897: found /usr/bin/objdump
configure:9908: result: objdump
configure:10022: checking for readelf
configure:10038: found /usr/bin/readelf
configure:10049: result: readelf
configure:10163: checking for aarch64-unknown-linux-uclibc-cc
configure:10193: result: no
configure:10163: checking for aarch64-unknown-linux-uclibc-gcc
configure:10193: result: no
configure:10324: checking for aarch64-unknown-linux-uclibc-c++
configure:10354: result: no
configure:10324: checking for aarch64-unknown-linux-uclibc-g++
configure:10354: result: no
configure:10324: checking for aarch64-unknown-linux-uclibc-cxx
configure:10354: result: no
configure:10324: checking for aarch64-unknown-linux-uclibc-gxx
configure:10354: result: no
configure:10485: checking for aarch64-unknown-linux-uclibc-gcc
configure:10515: result: no
configure:10641: checking for aarch64-unknown-linux-uclibc-gcj
configure:10671: result: no
configure:10802: checking for aarch64-unknown-linux-uclibc-gfortran
configure:10832: result: no
configure:10963: checking for aarch64-unknown-linux-uclibc-gccgo
configure:10993: result: no
configure:11093: checking for ar
configure:11111: found /home/ssy/aarch-gcc-build_a/tools/aarch64-unknown-linux-uclibc/bin/ar
configure:11123: result: /home/ssy/aarch-gcc-build_a/tools/aarch64-unknown-linux-uclibc/bin/ar
configure:11323: checking for as
configure:11341: found /home/ssy/aarch-gcc-build_a/tools/aarch64-unknown-linux-uclibc/bin/as
configure:11353: result: /home/ssy/aarch-gcc-build_a/tools/aarch64-unknown-linux-uclibc/bin/as
configure:11553: checking for dlltool
configure:11586: result: no
configure:11664: checking for aarch64-unknown-linux-uclibc-dlltool
configure:11694: result: no
configure:11783: checking for ld
configure:11801: found /home/ssy/aarch-gcc-build_a/tools/aarch64-unknown-linux-uclibc/bin/ld
configure:11813: result: /home/ssy/aarch-gcc-build_a/tools/aarch64-unknown-linux-uclibc/bin/ld
configure:12013: checking for lipo
configure:12046: result: no
configure:12124: checking for aarch64-unknown-linux-uclibc-lipo
configure:12154: result: no
configure:12243: checking for nm
configure:12261: found /home/ssy/aarch-gcc-build_a/tools/aarch64-unknown-linux-uclibc/bin/nm
configure:12273: result: /home/ssy/aarch-gcc-build_a/tools/aarch64-unknown-linux-uclibc/bin/nm
configure:12473: checking for objdump
configure:12491: found /home/ssy/aarch-gcc-build_a/tools/aarch64-unknown-linux-uclibc/bin/objdump
configure:12503: result: /home/ssy/aarch-gcc-build_a/tools/aarch64-unknown-linux-uclibc/bin/objdump
configure:12703: checking for ranlib
configure:12721: found /home/ssy/aarch-gcc-build_a/tools/aarch64-unknown-linux-uclibc/bin/ranlib
configure:12733: result: /home/ssy/aarch-gcc-build_a/tools/aarch64-unknown-linux-uclibc/bin/ranlib
configure:12933: checking for readelf
configure:12951: found /home/ssy/aarch-gcc-build_a/tools/aarch64-unknown-linux-uclibc/bin/readelf
configure:12963: result: /home/ssy/aarch-gcc-build_a/tools/aarch64-unknown-linux-uclibc/bin/readelf
configure:13163: checking for strip
configure:13181: found /home/ssy/aarch-gcc-build_a/tools/aarch64-unknown-linux-uclibc/bin/strip
configure:13193: result: /home/ssy/aarch-gcc-build_a/tools/aarch64-unknown-linux-uclibc/bin/strip
configure:13393: checking for windres
configure:13426: result: no
configure:13504: checking for aarch64-unknown-linux-uclibc-windres
configure:13534: result: no
configure:13623: checking for windmc
configure:13656: result: no
configure:13734: checking for aarch64-unknown-linux-uclibc-windmc
configure:13764: result: no
configure:13831: checking where to find the target ar
configure:13859: result: pre-installed in /home/ssy/aarch-gcc-build_a/tools/aarch64-unknown-linux-uclibc/bin
configure:13873: checking where to find the target as
configure:13901: result: pre-installed in /home/ssy/aarch-gcc-build_a/tools/aarch64-unknown-linux-uclibc/bin
configure:13915: checking where to find the target cc
configure:13938: result: just compiled
configure:13957: checking where to find the target c++
configure:13997: result: pre-installed
configure:14002: checking where to find the target c++ for libstdc++
configure:14042: result: pre-installed
configure:14047: checking where to find the target dlltool
configure:14084: result: pre-installed
configure:14089: checking where to find the target gcc
configure:14112: result: just compiled
configure:14131: checking where to find the target gcj
configure:14171: result: pre-installed
configure:14176: checking where to find the target gfortran
configure:14216: result: pre-installed
configure:14221: checking where to find the target gccgo
configure:14261: result: pre-installed
configure:14266: checking where to find the target ld
configure:14294: result: pre-installed in /home/ssy/aarch-gcc-build_a/tools/aarch64-unknown-linux-uclibc/bin
configure:14308: checking where to find the target lipo
configure:14334: result: pre-installed
configure:14339: checking where to find the target nm
configure:14367: result: pre-installed in /home/ssy/aarch-gcc-build_a/tools/aarch64-unknown-linux-uclibc/bin
configure:14381: checking where to find the target objdump
configure:14409: result: pre-installed in /home/ssy/aarch-gcc-build_a/tools/aarch64-unknown-linux-uclibc/bin
configure:14423: checking where to find the target ranlib
configure:14451: result: pre-installed in /home/ssy/aarch-gcc-build_a/tools/aarch64-unknown-linux-uclibc/bin
configure:14465: checking where to find the target readelf
configure:14493: result: pre-installed in /home/ssy/aarch-gcc-build_a/tools/aarch64-unknown-linux-uclibc/bin
configure:14507: checking where to find the target strip
configure:14535: result: pre-installed in /home/ssy/aarch-gcc-build_a/tools/aarch64-unknown-linux-uclibc/bin
configure:14549: checking where to find the target windres
configure:14586: result: pre-installed
configure:14591: checking where to find the target windmc
configure:14628: result: pre-installed
configure:14661: checking whether to enable maintainer-specific portions of Makefiles
configure:14670: result: no
configure:14883: creating ./config.status

## ---------------------- ##
## Running config.status. ##
## ---------------------- ##

This file was extended by config.status, which was
generated by GNU Autoconf 2.64.  Invocation command line was

  CONFIG_FILES    = 
  CONFIG_HEADERS  = 
  CONFIG_LINKS    = 
  CONFIG_COMMANDS = 
  $ ./config.status 

on ubuntu2404

config.status:966: creating Makefile

## ---------------- ##
## Cache variables. ##
## ---------------- ##

ac_cv_build=x86_64-unknown-linux-gnu
ac_cv_c_compiler_gnu=yes
ac_cv_cxx_compiler_gnu=yes
ac_cv_env_AR_FOR_TARGET_set=
ac_cv_env_AR_FOR_TARGET_value=
ac_cv_env_AR_set=
ac_cv_env_AR_value=
ac_cv_env_AS_FOR_TARGET_set=
ac_cv_env_AS_FOR_TARGET_value=
ac_cv_env_AS_set=
ac_cv_env_AS_value=
ac_cv_env_CCC_set=
ac_cv_env_CCC_value=
ac_cv_env_CC_FOR_TARGET_set=
ac_cv_env_CC_FOR_TARGET_value=
ac_cv_env_CC_set=
ac_cv_env_CC_value=
ac_cv_env_CFLAGS_set=
ac_cv_env_CFLAGS_value=
ac_cv_env_CPPFLAGS_set=
ac_cv_env_CPPFLAGS_value=
ac_cv_env_CXXFLAGS_set=
ac_cv_env_CXXFLAGS_value=
ac_cv_env_CXX_FOR_TARGET_set=
ac_cv_env_CXX_FOR_TARGET_value=
ac_cv_env_CXX_set=
ac_cv_env_CXX_value=
ac_cv_env_DLLTOOL_FOR_TARGET_set=
ac_cv_env_DLLTOOL_FOR_TARGET_value=
ac_cv_env_DLLTOOL_set=
ac_cv_env_DLLTOOL_value=
ac_cv_env_GCC_FOR_TARGET_set=
ac_cv_env_GCC_FOR_TARGET_value=
ac_cv_env_GCJ_FOR_TARGET_set=
ac_cv_env_GCJ_FOR_TARGET_value=
ac_cv_env_GFORTRAN_FOR_TARGET_set=
ac_cv_env_GFORTRAN_FOR_TARGET_value=
ac_cv_env_GOC_FOR_TARGET_set=
ac_cv_env_GOC_FOR_TARGET_value=
ac_cv_env_LDFLAGS_set=
ac_cv_env_LDFLAGS_value=
ac_cv_env_LD_FOR_TARGET_set=
ac_cv_env_LD_FOR_TARGET_value=
ac_cv_env_LD_set=
ac_cv_env_LD_value=
ac_cv_env_LIBS_set=
ac_cv_env_LIBS_value=
ac_cv_env_LIPO_FOR_TARGET_set=
ac_cv_env_LIPO_FOR_TARGET_value=
ac_cv_env_LIPO_set=
ac_cv_env_LIPO_value=
ac_cv_env_NM_FOR_TARGET_set=
ac_cv_env_NM_FOR_TARGET_value=
ac_cv_env_NM_set=
ac_cv_env_NM_value=
ac_cv_env_OBJCOPY_set=
ac_cv_env_OBJCOPY_value=
ac_cv_env_OBJDUMP_FOR_TARGET_set=
ac_cv_env_OBJDUMP_FOR_TARGET_value=
ac_cv_env_OBJDUMP_set=
ac_cv_env_OBJDUMP_value=
ac_cv_env_RANLIB_FOR_TARGET_set=
ac_cv_env_RANLIB_FOR_TARGET_value=
ac_cv_env_RANLIB_set=
ac_cv_env_RANLIB_value=
ac_cv_env_READELF_FOR_TARGET_set=
ac_cv_env_READELF_FOR_TARGET_value=
ac_cv_env_READELF_set=
ac_cv_env_READELF_value=
ac_cv_env_STRIP_FOR_TARGET_set=
ac_cv_env_STRIP_FOR_TARGET_value=
ac_cv_env_STRIP_set=
ac_cv_env_STRIP_value=
ac_cv_env_WINDMC_FOR_TARGET_set=
ac_cv_env_WINDMC_FOR_TARGET_value=
ac_cv_env_WINDMC_set=
ac_cv_env_WINDMC_value=
ac_cv_env_WINDRES_FOR_TARGET_set=
ac_cv_env_WINDRES_FOR_TARGET_value=
ac_cv_env_WINDRES_set=
ac_cv_env_WINDRES_value=
ac_cv_env_build_alias_set=
ac_cv_env_build_alias_value=
ac_cv_env_build_configargs_set=
ac_cv_env_build_configargs_value=
ac_cv_env_host_alias_set=
ac_cv_env_host_alias_value=
ac_cv_env_host_configargs_set=
ac_cv_env_host_configargs_value=
ac_cv_env_target_alias_set=set
ac_cv_env_target_alias_value=aarch64-unknown-linux-uclibc
ac_cv_env_target_configargs_set=
ac_cv_env_target_configargs_value=
ac_cv_host=x86_64-unknown-linux-gnu
ac_cv_objext=o
ac_cv_path_AR_FOR_TARGET=/home/ssy/aarch-gcc-build_a/tools/aarch64-unknown-linux-uclibc/bin/ar
ac_cv_path_AS_FOR_TARGET=/home/ssy/aarch-gcc-build_a/tools/aarch64-unknown-linux-uclibc/bin/as
ac_cv_path_LD_FOR_TARGET=/home/ssy/aarch-gcc-build_a/tools/aarch64-unknown-linux-uclibc/bin/ld
ac_cv_path_NM_FOR_TARGET=/home/ssy/aarch-gcc-build_a/tools/aarch64-unknown-linux-uclibc/bin/nm
ac_cv_path_OBJDUMP_FOR_TARGET=/home/ssy/aarch-gcc-build_a/tools/aarch64-unknown-linux-uclibc/bin/objdump
ac_cv_path_RANLIB_FOR_TARGET=/home/ssy/aarch-gcc-build_a/tools/aarch64-unknown-linux-uclibc/bin/ranlib
ac_cv_path_READELF_FOR_TARGET=/home/ssy/aarch-gcc-build_a/tools/aarch64-unknown-linux-uclibc/bin/readelf
ac_cv_path_SED=/usr/bin/sed
ac_cv_path_STRIP_FOR_TARGET=/home/ssy/aarch-gcc-build_a/tools/aarch64-unknown-linux-uclibc/bin/strip
ac_cv_path_install='/usr/bin/install -c'
ac_cv_prog_AR=ar
ac_cv_prog_AS=as
ac_cv_prog_AWK=gawk
ac_cv_prog_BISON=bison
ac_cv_prog_EXPECT=expect
ac_cv_prog_FLEX=flex
ac_cv_prog_LD=ld
ac_cv_prog_LEX=flex
ac_cv_prog_M4=m4
ac_cv_prog_MAKEINFO=makeinfo
ac_cv_prog_NM=nm
ac_cv_prog_OBJCOPY=objcopy
ac_cv_prog_OBJDUMP=objdump
ac_cv_prog_RANLIB=ranlib
ac_cv_prog_READELF=readelf
ac_cv_prog_RUNTEST=runtest
ac_cv_prog_STRIP=strip
ac_cv_prog_YACC='bison -y'
ac_cv_prog_ac_ct_CC=gcc
ac_cv_prog_ac_ct_CXX=g++
ac_cv_prog_cc_c89=
ac_cv_prog_cc_g=yes
ac_cv_prog_cxx_g=yes
ac_cv_target=aarch64-unknown-linux-uclibc
acx_cv_cc_gcc_supports_ada=no
acx_cv_prog_LN=ln
gcc_cv_prog_cmp_skip='cmp --ignore-initial=16 $$f1 $$f2'
gcc_cv_tool_dirs=/home/ssy/aarch-gcc-build_a/tools/libexec/gcc/aarch64-unknown-linux-uclibc/4.9.4:/home/ssy/aarch-gcc-build_a/tools/libexec/gcc/aarch64-unknown-linux-uclibc:/usr/lib/gcc/aarch64-unknown-linux-uclibc/4.9.4:/usr/lib/gcc/aarch64-unknown-linux-uclibc:/home/ssy/aarch-gcc-build_a/tools/aarch64-unknown-linux-uclibc/bin/aarch64-unknown-linux-uclibc/4.9.4:/home/ssy/aarch-gcc-build_a/tools/aarch64-unknown-linux-uclibc/bin:
gcc_cv_tool_prefix=/home/ssy/aarch-gcc-build_a/tools
lt_cv_objdir=.libs

## ----------------- ##
## Output variables. ##
## ----------------- ##

AR='ar'
AR_FOR_BUILD='$(AR)'
AR_FOR_TARGET='/home/ssy/aarch-gcc-build_a/tools/aarch64-unknown-linux-uclibc/bin/ar'
AS='as'
AS_FOR_BUILD='$(AS)'
AS_FOR_TARGET='/home/ssy/aarch-gcc-build_a/tools/aarch64-unknown-linux-uclibc/bin/as'
AWK='gawk'
BISON='bison'
BUILD_CONFIG=''
CC='gcc'
CC_FOR_BUILD='$(CC)'
CC_FOR_TARGET='$$r/$(HOST_SUBDIR)/gcc/xgcc -B$$r/$(HOST_SUBDIR)/gcc/'
CFLAGS='-g -O2'
CFLAGS_FOR_BUILD='-g -O2'
CFLAGS_FOR_TARGET='-g -O2'
COMPILER_AS_FOR_TARGET='$$r/$(HOST_SUBDIR)/gcc/as'
COMPILER_LD_FOR_TARGET='$$r/$(HOST_SUBDIR)/gcc/collect-ld'
COMPILER_NM_FOR_TARGET='$$r/$(HOST_SUBDIR)/gcc/nm'
CONFIGURE_GDB_TK=''
CPPFLAGS=''
CXX='g++'
CXXFLAGS='-g -O2'
CXXFLAGS_FOR_BUILD='-g -O2'
CXXFLAGS_FOR_TARGET='-g -O2'
CXX_FOR_BUILD='$(CXX)'
CXX_FOR_TARGET='aarch64-unknown-linux-uclibc-c++'
DEBUG_PREFIX_CFLAGS_FOR_TARGET=''
DEFS='-DPACKAGE_NAME=\"\" -DPACKAGE_TARNAME=\"\" -DPACKAGE_VERSION=\"\" -DPACKAGE_STRING=\"\" -DPACKAGE_BUGREPORT=\"\" -DPACKAGE_URL=\"\" -DLT_OBJDIR=\".libs/\"'
DLLTOOL='dlltool'
DLLTOOL_FOR_BUILD='$(DLLTOOL)'
DLLTOOL_FOR_TARGET='aarch64-unknown-linux-uclibc-dlltool'
ECHO_C=''
ECHO_N='-n'
ECHO_T=''
EXEEXT=''
EXPECT='expect'
EXTRA_CONFIGARGS_LIBJAVA='--disable-static'
FLAGS_FOR_TARGET=' -B$(build_tooldir)/bin/ -B$(build_tooldir)/lib/ -isystem $(build_tooldir)/include -isystem $(build_tooldir)/sys-include'
FLEX='flex'
GCC_FOR_TARGET='$$r/$(HOST_SUBDIR)/gcc/xgcc -B$$r/$(HOST_SUBDIR)/gcc/'
GCC_SHLIB_SUBDIR=''
GCJ_FOR_BUILD='$(GCJ)'
GCJ_FOR_TARGET='aarch64-unknown-linux-uclibc-gcj'
GDB_TK=''
GFORTRAN_FOR_BUILD='$(GFORTRAN)'
GFORTRAN_FOR_TARGET='aarch64-unknown-linux-uclibc-gfortran'
GNATBIND='no'
GNATMAKE='no'
GOC_FOR_BUILD='$(GOC)'
GOC_FOR_TARGET='aarch64-unknown-linux-uclibc-gccgo'
INSTALL_DATA='${INSTALL} -m 644'
INSTALL_GDB_TK=''
INSTALL_PROGRAM='${INSTALL}'
INSTALL_SCRIPT='${INSTALL}'
LD='ld'
LDFLAGS=''
LDFLAGS_FOR_BUILD=''
LDFLAGS_FOR_TARGET=''
LD_FOR_BUILD='$(LD)'
LD_FOR_TARGET='/home/ssy/aarch-gcc-build_a/tools/aarch64-unknown-linux-uclibc/bin/ld'
LEX='flex'
LIBOBJS=''
LIBS=''
LIPO='lipo'
LIPO_FOR_TARGET='aarch64-unknown-linux-uclibc-lipo'
LN='ln'
LN_S='ln -s'
LTLIBOBJS=''
M4='m4'
MAINT='#'
MAINTAINER_MODE_FALSE=''
MAINTAINER_MODE_TRUE='#'
MAKEINFO='makeinfo'
NM='nm'
NM_FOR_BUILD='$(NM)'
NM_FOR_TARGET='/home/ssy/aarch-gcc-build_a/tools/aarch64-unknown-linux-uclibc/bin/nm'
OBJCOPY='objcopy'
OBJDUMP='objdump'
OBJDUMP_FOR_TARGET='/home/ssy/aarch-gcc-build_a/tools/aarch64-unknown-linux-uclibc/bin/objdump'
OBJEXT='o'
PACKAGE_BUGREPORT=''
PACKAGE_NAME=''
PACKAGE_STRING=''
PACKAGE_TARNAME=''
PACKAGE_URL=''
PACKAGE_VERSION=''
PATH_SEPARATOR=':'
RANLIB='ranlib'
RANLIB_FOR_BUILD='$(RANLIB)'
RANLIB_FOR_TARGET='/home/ssy/aarch-gcc-build_a/tools/aarch64-unknown-linux-uclibc/bin/ranlib'
RAW_CXX_FOR_TARGET='aarch64-unknown-linux-uclibc-c++'
READELF='readelf'
READELF_FOR_TARGET='/home/ssy/aarch-gcc-build_a/tools/aarch64-unknown-linux-uclibc/bin/readelf'
RPATH_ENVVAR='LD_LIBRARY_PATH'
RUNTEST='runtest'
SED='/usr/bin/sed'
SHELL='/bin/bash'
STRIP='strip'
STRIP_FOR_TARGET='/home/ssy/aarch-gcc-build_a/tools/aarch64-unknown-linux-uclibc/bin/strip'
SYSROOT_CFLAGS_FOR_TARGET=''
TOPLEVEL_CONFIGURE_ARGUMENTS='/home/ssy/aarch-gcc-build_a/source/gcc-4.9.4/configure --target=aarch64-unknown-linux-uclibc --prefix=/home/ssy/aarch-gcc-build_a/tools --disable-multilib --disable-libmudflap --disable-libstdcxx --with-newlib --disable-nls --disable-shared --disable-libgomp --disable-libmudflap --disable-libquadmath --disable-__cxa_atexit --disable-tm-clone-registry --with-cloog=no --with-isl=no --with-system-zlib --disable-lto --disable-plugin --disable-nls --disable-libquadmath-support --enable-threads=no --enable-languages=c --disable-werror'
WINDMC='windmc'
WINDMC_FOR_BUILD='$(WINDMC)'
WINDMC_FOR_TARGET='aarch64-unknown-linux-uclibc-windmc'
WINDRES='windres'
WINDRES_FOR_BUILD='$(WINDRES)'
WINDRES_FOR_TARGET='aarch64-unknown-linux-uclibc-windres'
YACC='bison -y'
ac_ct_CC='gcc'
ac_ct_CXX='g++'
bindir='${exec_prefix}/bin'
build='x86_64-unknown-linux-gnu'
build_alias=''
build_configargs=' --cache-file=../config.cache '\''--prefix=/home/ssy/aarch-gcc-build_a/tools'\'' '\''--disable-multilib'\'' '\''--disable-libstdcxx'\'' '\''--with-newlib'\'' '\''--disable-shared'\'' '\''--disable-libgomp'\'' '\''--disable-libmudflap'\'' '\''--disable-libquadmath'\'' '\''--disable-__cxa_atexit'\'' '\''--disable-tm-clone-registry'\'' '\''--with-cloog=no'\'' '\''--with-isl=no'\'' '\''--with-system-zlib'\'' '\''--disable-lto'\'' '\''--disable-plugin'\'' '\''--disable-nls'\'' '\''--disable-libquadmath-support'\'' '\''--enable-threads=no'\'' '\''--disable-werror'\'' '\''--enable-languages=c'\'' --program-transform-name='\''s&^&aarch64-unknown-linux-uclibc-&'\'' --disable-option-checking'
build_configdirs=' libiberty fixincludes'
build_cpu='x86_64'
build_libsubdir='build-x86_64-unknown-linux-gnu'
build_noncanonical='x86_64-unknown-linux-gnu'
build_os='linux-gnu'
build_subdir='build-x86_64-unknown-linux-gnu'
build_tooldir='${exec_prefix}/aarch64-unknown-linux-uclibc'
build_vendor='unknown'
clooginc=''
clooglibs=''
compare_exclusions='gcc/cc*-checksum$(objext) | gcc/ada/*tools/*'
configdirs=' intl libiberty libbacktrace libcpp libdecnumber gmp mpfr mpc fixincludes gcc'
datadir='${datarootdir}'
datarootdir='${prefix}/share'
do_compare='cmp --ignore-initial=16 $$f1 $$f2'
docdir='${datarootdir}/doc/${PACKAGE}'
dvidir='${docdir}'
exec_prefix='${prefix}'
extra_host_libiberty_configure_flags=''
extra_isl_gmp_configure_flags='--with-gmp-builddir=$$r/$(HOST_SUBDIR)/gmp'
extra_mpc_gmp_configure_flags='--with-gmp-include=$$r/$(HOST_SUBDIR)/gmp --with-gmp-lib=$$r/$(HOST_SUBDIR)/gmp/.libs'
extra_mpc_mpfr_configure_flags='--with-mpfr-include=$$s/mpfr --with-mpfr-lib=$$r/$(HOST_SUBDIR)/mpfr/.libs'
extra_mpfr_configure_flags='--with-gmp-include=$$r/$(HOST_SUBDIR)/gmp --with-gmp-lib=$$r/$(HOST_SUBDIR)/gmp/.libs'
gmpinc='-I$$r/$(HOST_SUBDIR)/gmp -I$$s/gmp -I$$r/$(HOST_SUBDIR)/mpfr -I$$s/mpfr -I$$s/mpc/src '
gmplibs='-L$$r/$(HOST_SUBDIR)/gmp/.libs -L$$r/$(HOST_SUBDIR)/mpfr/.libs -L$$r/$(HOST_SUBDIR)/mpc/src/.libs -lmpc -lmpfr -lgmp'
host='x86_64-unknown-linux-gnu'
host_alias=''
host_configargs=' --cache-file=./config.cache  --with-system-zlib '\''--prefix=/home/ssy/aarch-gcc-build_a/tools'\'' '\''--disable-multilib'\'' '\''--disable-libstdcxx'\'' '\''--with-newlib'\'' '\''--disable-shared'\'' '\''--disable-libgomp'\'' '\''--disable-libmudflap'\'' '\''--disable-libquadmath'\'' '\''--disable-__cxa_atexit'\'' '\''--disable-tm-clone-registry'\'' '\''--with-cloog=no'\'' '\''--with-isl=no'\'' '\''--with-system-zlib'\'' '\''--disable-lto'\'' '\''--disable-plugin'\'' '\''--disable-nls'\'' '\''--disable-libquadmath-support'\'' '\''--enable-threads=no'\'' '\''--disable-werror'\'' '\''--enable-languages=c'\'' --program-transform-name='\''s&^&aarch64-unknown-linux-uclibc-&'\'' --disable-option-checking'
host_cpu='x86_64'
host_noncanonical='x86_64-unknown-linux-gnu'
host_os='linux-gnu'
host_shared='no'
host_subdir='.'
host_vendor='unknown'
htmldir='${docdir}'
includedir='${prefix}/include'
infodir='${datarootdir}/info'
islinc=''
libdir='${exec_prefix}/lib'
libexecdir='${exec_prefix}/libexec'
localedir='${datarootdir}/locale'
localstatedir='${prefix}/var'
mandir='${datarootdir}/man'
oldincludedir='/usr/include'
pdfdir='${docdir}'
poststage1_ldflags='-static-libstdc++ -static-libgcc'
poststage1_libs=''
prefix='/home/ssy/aarch-gcc-build_a/tools'
program_transform_name='s&^&aarch64-unknown-linux-uclibc-&'
psdir='${docdir}'
sbindir='${exec_prefix}/sbin'
sharedstatedir='${prefix}/com'
stage1_cflags='-g'
stage1_checking='--enable-checking=yes,types'
stage1_languages='c'
stage1_ldflags='-static-libstdc++ -static-libgcc'
stage1_libs=''
stage2_werror_flag=''
sysconfdir='${prefix}/etc'
target='aarch64-unknown-linux-uclibc'
target_alias='aarch64-unknown-linux-uclibc'
target_configargs='--cache-file=./config.cache --with-cross-host=x86_64-unknown-linux-gnu   '\''--prefix=/home/ssy/aarch-gcc-build_a/tools'\'' '\''--disable-multilib'\'' '\''--disable-libstdcxx'\'' '\''--with-newlib'\'' '\''--disable-shared'\'' '\''--disable-libgomp'\'' '\''--disable-libmudflap'\'' '\''--disable-libquadmath'\'' '\''--disable-__cxa_atexit'\'' '\''--disable-tm-clone-registry'\'' '\''--with-isl=no'\'' '\''--with-system-zlib'\'' '\''--disable-lto'\'' '\''--disable-plugin'\'' '\''--disable-nls'\'' '\''--disable-libquadmath-support'\'' '\''--enable-threads=no'\'' '\''--disable-werror'\'' '\''--enable-languages=c'\'' --program-transform-name='\''s&^&aarch64-unknown-linux-uclibc-&'\'' --disable-option-checking'
target_configdirs=' libgcc libatomic libssp'
target_cpu='aarch64'
target_noncanonical='aarch64-unknown-linux-uclibc'
target_os='linux-uclibc'
target_subdir='aarch64-unknown-linux-uclibc'
target_vendor='unknown'
tooldir='${exec_prefix}/aarch64-unknown-linux-uclibc'

## ------------------- ##
## File substitutions. ##
## ------------------- ##

alphaieee_frag='/dev/null'
host_makefile_frag='/dev/null'
ospace_frag='/dev/null'
serialization_dependencies='serdep.tmp'
target_makefile_frag='/home/ssy/aarch-gcc-build_a/source/gcc-4.9.4/config/mt-gnu'

## ----------- ##
## confdefs.h. ##
## ----------- ##

/* confdefs.h */
#define PACKAGE_NAME ""
#define PACKAGE_TARNAME ""
#define PACKAGE_VERSION ""
#define PACKAGE_STRING ""
#define PACKAGE_BUGREPORT ""
#define PACKAGE_URL ""
#define LT_OBJDIR ".libs/"

configure: exit 0
