make[1]: Entering directory '/root/arm-gcc-build/source/gcc-13.2.0/gcc_build-pass1'
make[2]: Entering directory '/root/arm-gcc-build/source/gcc-13.2.0/gcc_build-pass1'
mkdir -p -- ./c++tools
Configuring in ./c++tools
mkdir -p -- ./gotools
Configuring in ./gcc
Configuring in ./gotools
make[3]: Entering directory '/root/arm-gcc-build/source/gcc-13.2.0/gcc_build-pass1/libiberty'
make[4]: Entering directory '/root/arm-gcc-build/source/gcc-13.2.0/gcc_build-pass1/libiberty/testsuite'
make[4]: Nothing to be done for 'all'.
make[4]: Leaving directory '/root/arm-gcc-build/source/gcc-13.2.0/gcc_build-pass1/libiberty/testsuite'
make[3]: Leaving directory '/root/arm-gcc-build/source/gcc-13.2.0/gcc_build-pass1/libiberty'
make[3]: Entering directory '/root/arm-gcc-build/source/gcc-13.2.0/gcc_build-pass1/intl'
make[3]: Nothing to be done for 'all'.
make[3]: Leaving directory '/root/arm-gcc-build/source/gcc-13.2.0/gcc_build-pass1/intl'
make[3]: Entering directory '/root/arm-gcc-build/source/gcc-13.2.0/gcc_build-pass1/build-x86_64-pc-linux-gnu/libiberty'
make[4]: Entering directory '/root/arm-gcc-build/source/gcc-13.2.0/gcc_build-pass1/build-x86_64-pc-linux-gnu/libiberty/testsuite'
make[4]: Nothing to be done for 'all'.
make[4]: Leaving directory '/root/arm-gcc-build/source/gcc-13.2.0/gcc_build-pass1/build-x86_64-pc-linux-gnu/libiberty/testsuite'
make[3]: Leaving directory '/root/arm-gcc-build/source/gcc-13.2.0/gcc_build-pass1/build-x86_64-pc-linux-gnu/libiberty'
make[3]: Entering directory '/root/arm-gcc-build/source/gcc-13.2.0/gcc_build-pass1/zlib'
true "AR_FLAGS=rc" "CC_FOR_BUILD=gcc" "CFLAGS=-g -O2    " "CXXFLAGS=-g -O2    " "CFLAGS_FOR_BUILD=-g -O2" "CFLAGS_FOR_TARGET=-g -O2" "INSTALL=/usr/bin/install -c" "INSTALL_DATA=/usr/bin/install -c -m 644" "INSTALL_PROGRAM=/usr/bin/install -c" "INSTALL_SCRIPT=/usr/bin/install -c" "LDFLAGS=-static-libstdc++ -static-libgcc " "LIBCFLAGS=-g -O2  " "LIBCFLAGS_FOR_TARGET=-g -O2" "MAKE=make" "MAKEINFO=/root/arm-gcc-build/source/gcc-13.2.0/missing makeinfo --split-size=5000000 --split-size=5000000 " "PICFLAG=" "PICFLAG_FOR_TARGET=" "SHELL=/bin/bash" "EXPECT=expect" "RUNTEST=runtest" "RUNTESTFLAGS=" "exec_prefix=/root/arm-gcc-build/tools" "infodir=/root/arm-gcc-build/tools/share/info" "libdir=/root/arm-gcc-build/tools/lib" "prefix=/root/arm-gcc-build/tools" "tooldir=/root/arm-gcc-build/tools/arm-linux-gnueabihf" "AR=ar" "AS=as" "CC=gcc" "CXX=g++" "LD=ld" "LIBCFLAGS=-g -O2  " "NM=nm" "PICFLAG=" "RANLIB=ranlib" "DESTDIR=" DO=all multi-do # make
make[3]: Leaving directory '/root/arm-gcc-build/source/gcc-13.2.0/gcc_build-pass1/zlib'
make[3]: Entering directory '/root/arm-gcc-build/source/gcc-13.2.0/gcc_build-pass1/libbacktrace'
make  all-am
make[4]: Entering directory '/root/arm-gcc-build/source/gcc-13.2.0/gcc_build-pass1/libbacktrace'
/bin/bash ./libtool  --tag=CC   --mode=compile gcc -DHAVE_CONFIG_H -I. -I../../libbacktrace  -I ../../libbacktrace/../include -I ../../libbacktrace/../libgcc -I ../libgcc  -funwind-tables -frandom-seed=atomic.lo -W -Wall -Wwrite-strings -Wstrict-prototypes -Wmissing-prototypes -Wold-style-definition -Wmissing-format-attribute -Wcast-qual   -g -O2     -c -o atomic.lo ../../libbacktrace/atomic.c
libtool: compile:  gcc -DHAVE_CONFIG_H -I. -I../../libbacktrace -I ../../libbacktrace/../include -I ../../libbacktrace/../libgcc -I ../libgcc -funwind-tables -frandom-seed=atomic.lo -W -Wall -Wwrite-strings -Wstrict-prototypes -Wmissing-prototypes -Wold-style-definition -Wmissing-format-attribute -Wcast-qual -g -O2 -c ../../libbacktrace/atomic.c  -fPIC -DPIC -o .libs/atomic.o
libtool: compile:  gcc -DHAVE_CONFIG_H -I. -I../../libbacktrace -I ../../libbacktrace/../include -I ../../libbacktrace/../libgcc -I ../libgcc -funwind-tables -frandom-seed=atomic.lo -W -Wall -Wwrite-strings -Wstrict-prototypes -Wmissing-prototypes -Wold-style-definition -Wmissing-format-attribute -Wcast-qual -g -O2 -c ../../libbacktrace/atomic.c -o atomic.o >/dev/null 2>&1
configure: creating cache ./config.cache
true  DO=all multi-do # make
/bin/bash ./libtool  --tag=CC   --mode=compile gcc -DHAVE_CONFIG_H -I. -I../../libbacktrace  -I ../../libbacktrace/../include -I ../../libbacktrace/../libgcc -I ../libgcc  -funwind-tables -frandom-seed=dwarf.lo -W -Wall -Wwrite-strings -Wstrict-prototypes -Wmissing-prototypes -Wold-style-definition -Wmissing-format-attribute -Wcast-qual   -g -O2     -c -o dwarf.lo ../../libbacktrace/dwarf.c
configure: creating cache ./config.cache
configure: loading cache ./config.cache
checking build system type... checking build system type... libtool: compile:  gcc -DHAVE_CONFIG_H -I. -I../../libbacktrace -I ../../libbacktrace/../include -I ../../libbacktrace/../libgcc -I ../libgcc -funwind-tables -frandom-seed=dwarf.lo -W -Wall -Wwrite-strings -Wstrict-prototypes -Wmissing-prototypes -Wold-style-definition -Wmissing-format-attribute -Wcast-qual -g -O2 -c ../../libbacktrace/dwarf.c  -fPIC -DPIC -o .libs/dwarf.o
x86_64-pc-linux-gnu
checking host system type... checking build system type... x86_64-pc-linux-gnu
checking host system type... x86_64-pc-linux-gnu
checking target system type... x86_64-pc-linux-gnu
checking host system type... x86_64-pc-linux-gnu
checking target system type... arm-unknown-linux-gnueabihf
checking for a BSD-compatible install... /usr/bin/install -c
x86_64-pc-linux-gnu
checking target system type... arm-unknown-linux-gnueabihf
checking for a BSD-compatible install... /usr/bin/install -c
checking whether build environment is sane... arm-unknown-linux-gnueabihf
yes
checking LIBRARY_PATH variable... ok
checking GCC_EXEC_PREFIX variable... ok
checking whether to place generated files in the source directory... no
configure: error: cannot execute: /root/arm-gcc-build/source/binutils-2.37/binutils_buildld/ld-new: check --with-ld or env. var. DEFAULT_LINKER
checking for a thread-safe mkdir -p... /usr/bin/mkdir -p
checking for gawk... gawk
checking whether make sets $(MAKE)... yes
checking whether the C++ compiler works... checking whether make supports nested variables... yes
checking whether to enable maintainer-specific portions of Makefiles... no
checking for x86_64-pc-linux-gnu-gcc... gcc
make[2]: *** [Makefile:4566: configure-gcc] Error 1
make[2]: *** Waiting for unfinished jobs....
/bin/bash ./libtool  --tag=CC   --mode=compile gcc -DHAVE_CONFIG_H -I. -I../../libbacktrace  -I ../../libbacktrace/../include -I ../../libbacktrace/../libgcc -I ../libgcc  -funwind-tables -frandom-seed=fileline.lo -W -Wall -Wwrite-strings -Wstrict-prototypes -Wmissing-prototypes -Wold-style-definition -Wmissing-format-attribute -Wcast-qual   -g -O2     -c -o fileline.lo ../../libbacktrace/fileline.c
libtool: compile:  gcc -DHAVE_CONFIG_H -I. -I../../libbacktrace -I ../../libbacktrace/../include -I ../../libbacktrace/../libgcc -I ../libgcc -funwind-tables -frandom-seed=fileline.lo -W -Wall -Wwrite-strings -Wstrict-prototypes -Wmissing-prototypes -Wold-style-definition -Wmissing-format-attribute -Wcast-qual -g -O2 -c ../../libbacktrace/fileline.c  -fPIC -DPIC -o .libs/fileline.o
checking whether the C compiler works... yes
checking for C++ compiler default output file name... a.out
checking for suffix of executables... yes
checking for C compiler default output file name... a.out
checking for suffix of executables... 
checking whether we are cross compiling... libtool: compile:  gcc -DHAVE_CONFIG_H -I. -I../../libbacktrace -I ../../libbacktrace/../include -I ../../libbacktrace/../libgcc -I ../libgcc -funwind-tables -frandom-seed=fileline.lo -W -Wall -Wwrite-strings -Wstrict-prototypes -Wmissing-prototypes -Wold-style-definition -Wmissing-format-attribute -Wcast-qual -g -O2 -c ../../libbacktrace/fileline.c -o fileline.o >/dev/null 2>&1

checking whether we are cross compiling... no
checking for suffix of object files... /bin/bash ./libtool  --tag=CC   --mode=compile gcc -DHAVE_CONFIG_H -I. -I../../libbacktrace  -I ../../libbacktrace/../include -I ../../libbacktrace/../libgcc -I ../libgcc  -funwind-tables -frandom-seed=posix.lo -W -Wall -Wwrite-strings -Wstrict-prototypes -Wmissing-prototypes -Wold-style-definition -Wmissing-format-attribute -Wcast-qual   -g -O2     -c -o posix.lo ../../libbacktrace/posix.c
no
checking for suffix of object files... o
checking whether we are using the GNU C++ compiler... libtool: compile:  gcc -DHAVE_CONFIG_H -I. -I../../libbacktrace -I ../../libbacktrace/../include -I ../../libbacktrace/../libgcc -I ../libgcc -funwind-tables -frandom-seed=posix.lo -W -Wall -Wwrite-strings -Wstrict-prototypes -Wmissing-prototypes -Wold-style-definition -Wmissing-format-attribute -Wcast-qual -g -O2 -c ../../libbacktrace/posix.c  -fPIC -DPIC -o .libs/posix.o
yes
checking whether g++ accepts -g... o
checking whether we are using the GNU C compiler... yes
libtool: compile:  gcc -DHAVE_CONFIG_H -I. -I../../libbacktrace -I ../../libbacktrace/../include -I ../../libbacktrace/../libgcc -I ../libgcc -funwind-tables -frandom-seed=posix.lo -W -Wall -Wwrite-strings -Wstrict-prototypes -Wmissing-prototypes -Wold-style-definition -Wmissing-format-attribute -Wcast-qual -g -O2 -c ../../libbacktrace/posix.c -o posix.o >/dev/null 2>&1
checking for autoconf... yes
checking whether gcc accepts -g... no
checking for autoheader... no
checking whether to build C++ tools... yes
checking maintainer-mode... no
checking for O_CLOEXEC... yes
checking for gcc option to accept ISO C89... yes
checking how to run the C++ preprocessor... /bin/bash ./libtool  --tag=CC   --mode=compile gcc -DHAVE_CONFIG_H -I. -I../../libbacktrace  -I ../../libbacktrace/../include -I ../../libbacktrace/../libgcc -I ../libgcc  -funwind-tables -frandom-seed=print.lo -W -Wall -Wwrite-strings -Wstrict-prototypes -Wmissing-prototypes -Wold-style-definition -Wmissing-format-attribute -Wcast-qual   -g -O2     -c -o print.lo ../../libbacktrace/print.c
g++ -E
libtool: compile:  gcc -DHAVE_CONFIG_H -I. -I../../libbacktrace -I ../../libbacktrace/../include -I ../../libbacktrace/../libgcc -I ../libgcc -funwind-tables -frandom-seed=print.lo -W -Wall -Wwrite-strings -Wstrict-prototypes -Wmissing-prototypes -Wold-style-definition -Wmissing-format-attribute -Wcast-qual -g -O2 -c ../../libbacktrace/print.c  -fPIC -DPIC -o .libs/print.o
none needed
checking whether gcc understands -c and -o together... checking for grep that handles long lines and -e... /usr/bin/grep
checking for egrep... /usr/bin/grep -E
checking for ANSI C header files... libtool: compile:  gcc -DHAVE_CONFIG_H -I. -I../../libbacktrace -I ../../libbacktrace/../include -I ../../libbacktrace/../libgcc -I ../libgcc -funwind-tables -frandom-seed=print.lo -W -Wall -Wwrite-strings -Wstrict-prototypes -Wmissing-prototypes -Wold-style-definition -Wmissing-format-attribute -Wcast-qual -g -O2 -c ../../libbacktrace/print.c -o print.o >/dev/null 2>&1
yes
checking for style of include used by make... GNU
checking dependency style of gcc... /bin/bash ./libtool  --tag=CC   --mode=compile gcc -DHAVE_CONFIG_H -I. -I../../libbacktrace  -I ../../libbacktrace/../include -I ../../libbacktrace/../libgcc -I ../libgcc  -funwind-tables -frandom-seed=sort.lo -W -Wall -Wwrite-strings -Wstrict-prototypes -Wmissing-prototypes -Wold-style-definition -Wmissing-format-attribute -Wcast-qual   -g -O2     -c -o sort.lo ../../libbacktrace/sort.c
gcc3
checking for x86_64-pc-linux-gnu-gccgo... no
checking for gccgo... no
checking for x86_64-pc-linux-gnu-gccgo... no
checking for gccgo... no
checking for socket libraries... checking for connect... libtool: compile:  gcc -DHAVE_CONFIG_H -I. -I../../libbacktrace -I ../../libbacktrace/../include -I ../../libbacktrace/../libgcc -I ../libgcc -funwind-tables -frandom-seed=sort.lo -W -Wall -Wwrite-strings -Wstrict-prototypes -Wmissing-prototypes -Wold-style-definition -Wmissing-format-attribute -Wcast-qual -g -O2 -c ../../libbacktrace/sort.c  -fPIC -DPIC -o .libs/sort.o
yes
checking for gethostbyname... libtool: compile:  gcc -DHAVE_CONFIG_H -I. -I../../libbacktrace -I ../../libbacktrace/../include -I ../../libbacktrace/../libgcc -I ../libgcc -funwind-tables -frandom-seed=sort.lo -W -Wall -Wwrite-strings -Wstrict-prototypes -Wmissing-prototypes -Wold-style-definition -Wmissing-format-attribute -Wcast-qual -g -O2 -c ../../libbacktrace/sort.c -o sort.o >/dev/null 2>&1
yes
checking for sys/types.h... yes

checking for library containing sched_yield... /bin/bash ./libtool  --tag=CC   --mode=compile gcc -DHAVE_CONFIG_H -I. -I../../libbacktrace  -I ../../libbacktrace/../include -I ../../libbacktrace/../libgcc -I ../libgcc  -funwind-tables -frandom-seed=state.lo -W -Wall -Wwrite-strings -Wstrict-prototypes -Wmissing-prototypes -Wold-style-definition -Wmissing-format-attribute -Wcast-qual   -g -O2     -c -o state.lo ../../libbacktrace/state.c
libtool: compile:  gcc -DHAVE_CONFIG_H -I. -I../../libbacktrace -I ../../libbacktrace/../include -I ../../libbacktrace/../libgcc -I ../libgcc -funwind-tables -frandom-seed=state.lo -W -Wall -Wwrite-strings -Wstrict-prototypes -Wmissing-prototypes -Wold-style-definition -Wmissing-format-attribute -Wcast-qual -g -O2 -c ../../libbacktrace/state.c  -fPIC -DPIC -o .libs/state.o
yes
checking for sys/stat.h... none required
checking for library containing nanosleep... libtool: compile:  gcc -DHAVE_CONFIG_H -I. -I../../libbacktrace -I ../../libbacktrace/../include -I ../../libbacktrace/../libgcc -I ../libgcc -funwind-tables -frandom-seed=state.lo -W -Wall -Wwrite-strings -Wstrict-prototypes -Wmissing-prototypes -Wold-style-definition -Wmissing-format-attribute -Wcast-qual -g -O2 -c ../../libbacktrace/state.c -o state.o >/dev/null 2>&1
yes
checking for stdlib.h... none required
/bin/bash ./libtool  --tag=CC   --mode=compile gcc -DHAVE_CONFIG_H -I. -I../../libbacktrace  -I ../../libbacktrace/../include -I ../../libbacktrace/../libgcc -I ../libgcc  -funwind-tables -frandom-seed=backtrace.lo -W -Wall -Wwrite-strings -Wstrict-prototypes -Wmissing-prototypes -Wold-style-definition -Wmissing-format-attribute -Wcast-qual   -g -O2     -c -o backtrace.lo ../../libbacktrace/backtrace.c
configure: updating cache ./config.cache
checking that generated files are newer than configure... libtool: compile:  gcc -DHAVE_CONFIG_H -I. -I../../libbacktrace -I ../../libbacktrace/../include -I ../../libbacktrace/../libgcc -I ../libgcc -funwind-tables -frandom-seed=backtrace.lo -W -Wall -Wwrite-strings -Wstrict-prototypes -Wmissing-prototypes -Wold-style-definition -Wmissing-format-attribute -Wcast-qual -g -O2 -c ../../libbacktrace/backtrace.c  -fPIC -DPIC -o .libs/backtrace.o
yes
checking for string.h... libtool: compile:  gcc -DHAVE_CONFIG_H -I. -I../../libbacktrace -I ../../libbacktrace/../include -I ../../libbacktrace/../libgcc -I ../libgcc -funwind-tables -frandom-seed=backtrace.lo -W -Wall -Wwrite-strings -Wstrict-prototypes -Wmissing-prototypes -Wold-style-definition -Wmissing-format-attribute -Wcast-qual -g -O2 -c ../../libbacktrace/backtrace.c -o backtrace.o >/dev/null 2>&1
libtool: compile:  gcc -DHAVE_CONFIG_H -I. -I../../libbacktrace -I ../../libbacktrace/../include -I ../../libbacktrace/../libgcc -I ../libgcc -funwind-tables -frandom-seed=dwarf.lo -W -Wall -Wwrite-strings -Wstrict-prototypes -Wmissing-prototypes -Wold-style-definition -Wmissing-format-attribute -Wcast-qual -g -O2 -c ../../libbacktrace/dwarf.c -o dwarf.o >/dev/null 2>&1
yes
checking for memory.h... /bin/bash ./libtool  --tag=CC   --mode=compile gcc -DHAVE_CONFIG_H -I. -I../../libbacktrace  -I ../../libbacktrace/../include -I ../../libbacktrace/../libgcc -I ../libgcc  -funwind-tables -frandom-seed=simple.lo -W -Wall -Wwrite-strings -Wstrict-prototypes -Wmissing-prototypes -Wold-style-definition -Wmissing-format-attribute -Wcast-qual   -g -O2     -c -o simple.lo ../../libbacktrace/simple.c
libtool: compile:  gcc -DHAVE_CONFIG_H -I. -I../../libbacktrace -I ../../libbacktrace/../include -I ../../libbacktrace/../libgcc -I ../libgcc -funwind-tables -frandom-seed=simple.lo -W -Wall -Wwrite-strings -Wstrict-prototypes -Wmissing-prototypes -Wold-style-definition -Wmissing-format-attribute -Wcast-qual -g -O2 -c ../../libbacktrace/simple.c  -fPIC -DPIC -o .libs/simple.o
yes
checking for strings.h... libtool: compile:  gcc -DHAVE_CONFIG_H -I. -I../../libbacktrace -I ../../libbacktrace/../include -I ../../libbacktrace/../libgcc -I ../libgcc -funwind-tables -frandom-seed=simple.lo -W -Wall -Wwrite-strings -Wstrict-prototypes -Wmissing-prototypes -Wold-style-definition -Wmissing-format-attribute -Wcast-qual -g -O2 -c ../../libbacktrace/simple.c -o simple.o >/dev/null 2>&1
/bin/bash ./libtool  --tag=CC   --mode=compile gcc -DHAVE_CONFIG_H -I. -I../../libbacktrace  -I ../../libbacktrace/../include -I ../../libbacktrace/../libgcc -I ../libgcc  -funwind-tables -frandom-seed=elf.lo -W -Wall -Wwrite-strings -Wstrict-prototypes -Wmissing-prototypes -Wold-style-definition -Wmissing-format-attribute -Wcast-qual   -g -O2     -c -o elf.lo ../../libbacktrace/elf.c
yes
checking for inttypes.h... libtool: compile:  gcc -DHAVE_CONFIG_H -I. -I../../libbacktrace -I ../../libbacktrace/../include -I ../../libbacktrace/../libgcc -I ../libgcc -funwind-tables -frandom-seed=elf.lo -W -Wall -Wwrite-strings -Wstrict-prototypes -Wmissing-prototypes -Wold-style-definition -Wmissing-format-attribute -Wcast-qual -g -O2 -c ../../libbacktrace/elf.c  -fPIC -DPIC -o .libs/elf.o
yes
checking for stdint.h... yes
checking for unistd.h... yes
checking sys/mman.h usability... yes
checking sys/mman.h presence... yes
checking for sys/mman.h... yes
checking for AF_UNIX... yes
checking for AF_INET6... yes
checking for epoll... yes
checking for pselect... yes
checking for select... yes
checking for accept4... yes
checking for inet_ntop... yes
checking for library containing gethostbyname... /bin/bash ./libtool  --tag=CC   --mode=compile gcc -DHAVE_CONFIG_H -I. -I../../libbacktrace  -I ../../libbacktrace/../include -I ../../libbacktrace/../libgcc -I ../libgcc  -funwind-tables -frandom-seed=mmapio.lo -W -Wall -Wwrite-strings -Wstrict-prototypes -Wmissing-prototypes -Wold-style-definition -Wmissing-format-attribute -Wcast-qual   -g -O2     -c -o mmapio.lo ../../libbacktrace/mmapio.c
libtool: compile:  gcc -DHAVE_CONFIG_H -I. -I../../libbacktrace -I ../../libbacktrace/../include -I ../../libbacktrace/../libgcc -I ../libgcc -funwind-tables -frandom-seed=mmapio.lo -W -Wall -Wwrite-strings -Wstrict-prototypes -Wmissing-prototypes -Wold-style-definition -Wmissing-format-attribute -Wcast-qual -g -O2 -c ../../libbacktrace/mmapio.c  -fPIC -DPIC -o .libs/mmapio.o
none required
checking for library containing socket... done
configure: creating ./config.status
libtool: compile:  gcc -DHAVE_CONFIG_H -I. -I../../libbacktrace -I ../../libbacktrace/../include -I ../../libbacktrace/../libgcc -I ../libgcc -funwind-tables -frandom-seed=mmapio.lo -W -Wall -Wwrite-strings -Wstrict-prototypes -Wmissing-prototypes -Wold-style-definition -Wmissing-format-attribute -Wcast-qual -g -O2 -c ../../libbacktrace/mmapio.c -o mmapio.o >/dev/null 2>&1
none required
/bin/bash ./libtool  --tag=CC   --mode=compile gcc -DHAVE_CONFIG_H -I. -I../../libbacktrace  -I ../../libbacktrace/../include -I ../../libbacktrace/../libgcc -I ../libgcc  -funwind-tables -frandom-seed=mmap.lo -W -Wall -Wwrite-strings -Wstrict-prototypes -Wmissing-prototypes -Wold-style-definition -Wmissing-format-attribute -Wcast-qual   -g -O2     -c -o mmap.lo ../../libbacktrace/mmap.c
configure: updating cache ./config.cache
configure: creating ./config.status
libtool: compile:  gcc -DHAVE_CONFIG_H -I. -I../../libbacktrace -I ../../libbacktrace/../include -I ../../libbacktrace/../libgcc -I ../libgcc -funwind-tables -frandom-seed=mmap.lo -W -Wall -Wwrite-strings -Wstrict-prototypes -Wmissing-prototypes -Wold-style-definition -Wmissing-format-attribute -Wcast-qual -g -O2 -c ../../libbacktrace/mmap.c  -fPIC -DPIC -o .libs/mmap.o
config.status: creating Makefile
config.status: executing depfiles commands
libtool: compile:  gcc -DHAVE_CONFIG_H -I. -I../../libbacktrace -I ../../libbacktrace/../include -I ../../libbacktrace/../libgcc -I ../libgcc -funwind-tables -frandom-seed=mmap.lo -W -Wall -Wwrite-strings -Wstrict-prototypes -Wmissing-prototypes -Wold-style-definition -Wmissing-format-attribute -Wcast-qual -g -O2 -c ../../libbacktrace/mmap.c -o mmap.o >/dev/null 2>&1
config.status: creating Makefile
config.status: creating config.h
libtool: compile:  gcc -DHAVE_CONFIG_H -I. -I../../libbacktrace -I ../../libbacktrace/../include -I ../../libbacktrace/../libgcc -I ../libgcc -funwind-tables -frandom-seed=elf.lo -W -Wall -Wwrite-strings -Wstrict-prototypes -Wmissing-prototypes -Wold-style-definition -Wmissing-format-attribute -Wcast-qual -g -O2 -c ../../libbacktrace/elf.c -o elf.o >/dev/null 2>&1
/bin/bash ./libtool  --tag=CC   --mode=link gcc -funwind-tables -frandom-seed=libbacktrace.la -W -Wall -Wwrite-strings -Wstrict-prototypes -Wmissing-prototypes -Wold-style-definition -Wmissing-format-attribute -Wcast-qual   -g -O2      -static-libstdc++ -static-libgcc  -o libbacktrace.la  atomic.lo dwarf.lo fileline.lo posix.lo print.lo sort.lo state.lo backtrace.lo simple.lo elf.lo mmapio.lo mmap.lo 
libtool: link: ar cru .libs/libbacktrace.a .libs/atomic.o .libs/dwarf.o .libs/fileline.o .libs/posix.o .libs/print.o .libs/sort.o .libs/state.o .libs/backtrace.o .libs/simple.o .libs/elf.o .libs/mmapio.o .libs/mmap.o 
ar: `u' modifier ignored since `D' is the default (see `U')
libtool: link: ranlib .libs/libbacktrace.a
libtool: link: ( cd ".libs" && rm -f "libbacktrace.la" && ln -s "../libbacktrace.la" "libbacktrace.la" )
make[4]: Leaving directory '/root/arm-gcc-build/source/gcc-13.2.0/gcc_build-pass1/libbacktrace'
make[3]: Leaving directory '/root/arm-gcc-build/source/gcc-13.2.0/gcc_build-pass1/libbacktrace'
make[2]: Leaving directory '/root/arm-gcc-build/source/gcc-13.2.0/gcc_build-pass1'
make[1]: *** [Makefile:1040: all] Error 2
make[1]: Leaving directory '/root/arm-gcc-build/source/gcc-13.2.0/gcc_build-pass1'
