make[1]: Entering directory '/home/ssy/arm-gcc-build/source/glibc-2.39/glibc_build'
make -r PARALLELMFLAGS="" -C .. objdir=`pwd` install-headers
make[2]: Entering directory '/home/ssy/arm-gcc-build/source/glibc-2.39'
LC_ALL=C gawk -f scripts/sysd-rules.awk > /home/ssy/arm-gcc-build/source/glibc-2.39/glibc_build/sysd-rulesT \
		-v all_object_suffixes='.o .os .oS' \
		-v inhibit_sysdep_asm='' \
		-v sysd_rules_patterns='%:% rtld-%:rtld-% rtld-%:% m_%:s_%' \
		-v config_sysdirs='sysdeps/unix/sysv/linux/arm/le sysdeps/unix/sysv/linux/arm sysdeps/arm/nptl sysdeps/unix/sysv/linux sysdeps/nptl sysdeps/pthread sysdeps/gnu sysdeps/unix/inet sysdeps/unix/sysv sysdeps/unix/arm sysdeps/unix sysdeps/posix sysdeps/arm/le/armv7/multiarch sysdeps/arm/armv7/multiarch sysdeps/arm/le/armv7 sysdeps/arm/armv7 sysdeps/arm/armv6t2 sysdeps/arm/armv6 sysdeps/arm/le/nofpu sysdeps/arm/nofpu sysdeps/ieee754/soft-fp sysdeps/arm/le sysdeps/arm sysdeps/wordsize-32 sysdeps/ieee754/flt-32 sysdeps/ieee754/dbl-64 sysdeps/ieee754 sysdeps/generic'
mv -f /home/ssy/arm-gcc-build/source/glibc-2.39/glibc_build/sysd-rulesT /home/ssy/arm-gcc-build/source/glibc-2.39/glibc_build/sysd-rules
gawk -f scripts/gen-sorted.awk \
       -v subdirs='csu assert ctype locale intl catgets math setjmp signal stdlib stdio-common libio malloc string wcsmbs time dirent posix io termios resource misc socket sysvipc gmon gnulib iconv iconvdata wctype manual po argp localedata timezone rt conform debug mathvec support dlfcn elf' \
       -v srcpfx='' \
       sysdeps/nptl/Subdirs sysdeps/unix/inet/Subdirs sysdeps/posix/Subdirs assert/Depend catgets/Depend debug/Depend iconvdata/Depend intl/Depend libio/Depend localedata/Depend malloc/Depend mathvec/Depend posix/Depend rt/Depend stdio-common/Depend stdlib/Depend string/Depend support/Depend time/Depend wcsmbs/Depend > /home/ssy/arm-gcc-build/source/glibc-2.39/glibc_build/sysd-sorted-tmp
mv -f /home/ssy/arm-gcc-build/source/glibc-2.39/glibc_build/sysd-sorted-tmp /home/ssy/arm-gcc-build/source/glibc-2.39/glibc_build/sysd-sorted
printf "#include <time64-compat.h>\n#ifdef TIME64_NON_DEFAULT\nhave-time64-compat = yes\n#endif" \
| arm-linux-gnueabihf-gcc -E -undef    -Iinclude   -I/home/ssy/arm-gcc-build/source/glibc-2.39/glibc_build  -Isysdeps/unix/sysv/linux/arm/le  -Isysdeps/unix/sysv/linux/arm  -Isysdeps/arm/nptl  -Isysdeps/unix/sysv/linux/include -Isysdeps/unix/sysv/linux  -Isysdeps/nptl  -Isysdeps/pthread  -Isysdeps/gnu  -Isysdeps/unix/inet  -Isysdeps/unix/sysv  -Isysdeps/unix/arm  -Isysdeps/unix  -Isysdeps/posix  -Isysdeps/arm/le/armv7/multiarch  -Isysdeps/arm/armv7/multiarch  -Isysdeps/arm/le/armv7  -Isysdeps/arm/armv7  -Isysdeps/arm/armv6t2  -Isysdeps/arm/armv6  -Isysdeps/arm/le/nofpu  -Isysdeps/arm/nofpu  -Isysdeps/ieee754/soft-fp  -Isysdeps/arm/le  -Isysdeps/arm/include -Isysdeps/arm  -Isysdeps/wordsize-32  -Isysdeps/ieee754/flt-32  -Isysdeps/ieee754/dbl-64  -Isysdeps/ieee754  -Isysdeps/generic   -Ilibio -I. -nostdinc -isystem /home/ssy/arm-gcc-build/tools/lib/gcc/arm-linux-gnueabihf/13.2.0/include -isystem /home/ssy/arm-gcc-build/tools/lib/gcc/arm-linux-gnueabihf/13.2.0/include-fixed -isystem /home/ssy/arm-gcc-build/tools/arm-linux-gnueabihf/include  -D_LIBC_REENTRANT  -include include/libc-symbols.h       -DTOP_NAMESPACE=glibc -x assembler-with-cpp - > /home/ssy/arm-gcc-build/source/glibc-2.39/glibc_build/time64-compat.mk.iT
mv -f /home/ssy/arm-gcc-build/source/glibc-2.39/glibc_build/time64-compat.mk.iT /home/ssy/arm-gcc-build/source/glibc-2.39/glibc_build/time64-compat.mk.i
sed '/^[        ]*#/d;/^[       ]*$/d' /home/ssy/arm-gcc-build/source/glibc-2.39/glibc_build/time64-compat.mk.i > /home/ssy/arm-gcc-build/source/glibc-2.39/glibc_build/time64-compat.mkT
mv -f /home/ssy/arm-gcc-build/source/glibc-2.39/glibc_build/time64-compat.mkT /home/ssy/arm-gcc-build/source/glibc-2.39/glibc_build/time64-compat.mk
sed '/^[ 	]*%/!s/#.*$//;/^[ 	]*$/d;s/^[ 	]*%/#/' \
    sysdeps/unix/sysv/linux/arm/shlib-versions sysdeps/unix/sysv/linux/shlib-versions nptl/shlib-versions nptl_db/shlib-versions shlib-versions \
| arm-linux-gnueabihf-gcc -E -undef    -Iinclude   -I/home/ssy/arm-gcc-build/source/glibc-2.39/glibc_build  -Isysdeps/unix/sysv/linux/arm/le  -Isysdeps/unix/sysv/linux/arm  -Isysdeps/arm/nptl  -Isysdeps/unix/sysv/linux/include -Isysdeps/unix/sysv/linux  -Isysdeps/nptl  -Isysdeps/pthread  -Isysdeps/gnu  -Isysdeps/unix/inet  -Isysdeps/unix/sysv  -Isysdeps/unix/arm  -Isysdeps/unix  -Isysdeps/posix  -Isysdeps/arm/le/armv7/multiarch  -Isysdeps/arm/armv7/multiarch  -Isysdeps/arm/le/armv7  -Isysdeps/arm/armv7  -Isysdeps/arm/armv6t2  -Isysdeps/arm/armv6  -Isysdeps/arm/le/nofpu  -Isysdeps/arm/nofpu  -Isysdeps/ieee754/soft-fp  -Isysdeps/arm/le  -Isysdeps/arm/include -Isysdeps/arm  -Isysdeps/wordsize-32  -Isysdeps/ieee754/flt-32  -Isysdeps/ieee754/dbl-64  -Isysdeps/ieee754  -Isysdeps/generic   -Ilibio -I. -nostdinc -isystem /home/ssy/arm-gcc-build/tools/lib/gcc/arm-linux-gnueabihf/13.2.0/include -isystem /home/ssy/arm-gcc-build/tools/lib/gcc/arm-linux-gnueabihf/13.2.0/include-fixed -isystem /home/ssy/arm-gcc-build/tools/arm-linux-gnueabihf/include  -D_LIBC_REENTRANT  -include include/libc-symbols.h       -DTOP_NAMESPACE=glibc -x assembler-with-cpp - \
	   > /home/ssy/arm-gcc-build/source/glibc-2.39/glibc_build/shlib-versions.v.iT
mv -f /home/ssy/arm-gcc-build/source/glibc-2.39/glibc_build/shlib-versions.v.iT /home/ssy/arm-gcc-build/source/glibc-2.39/glibc_build/shlib-versions.v.i
sed '/^[ 	]*#/d;/^[ 	]*$/d' /home/ssy/arm-gcc-build/source/glibc-2.39/glibc_build/shlib-versions.v.i > /home/ssy/arm-gcc-build/source/glibc-2.39/glibc_build/shlib-versions.vT
mv -f /home/ssy/arm-gcc-build/source/glibc-2.39/glibc_build/shlib-versions.vT /home/ssy/arm-gcc-build/source/glibc-2.39/glibc_build/shlib-versions.v
gawk -f scripts/soversions.awk /home/ssy/arm-gcc-build/source/glibc-2.39/glibc_build/shlib-versions.v > /home/ssy/arm-gcc-build/source/glibc-2.39/glibc_build/soversions.iT
mv -f /home/ssy/arm-gcc-build/source/glibc-2.39/glibc_build/soversions.iT /home/ssy/arm-gcc-build/source/glibc-2.39/glibc_build/soversions.i
sed '/^[ 	]*%/!s/#.*$//;/^[ 	]*$/d;s/^[ 	]*%/#/' \
    csu/Versions iconv/Versions locale/Versions assert/Versions ctype/Versions intl/Versions catgets/Versions math/Versions setjmp/Versions signal/Versions stdlib/Versions stdio-common/Versions libio/Versions dlfcn/Versions nptl/Versions rt/Versions malloc/Versions string/Versions wcsmbs/Versions time/Versions dirent/Versions posix/Versions io/Versions termios/Versions resource/Versions misc/Versions socket/Versions sysvipc/Versions gmon/Versions wctype/Versions argp/Versions debug/Versions nptl_db/Versions inet/Versions resolv/Versions nss/Versions hesiod/Versions sunrpc/Versions nis/Versions login/Versions elf/Versions sysdeps/unix/sysv/linux/arm/Versions sysdeps/unix/sysv/linux/Versions sysdeps/arm/Versions sysdeps/wordsize-32/Versions \
| arm-linux-gnueabihf-gcc -E -undef    -Iinclude   -I/home/ssy/arm-gcc-build/source/glibc-2.39/glibc_build  -Isysdeps/unix/sysv/linux/arm/le  -Isysdeps/unix/sysv/linux/arm  -Isysdeps/arm/nptl  -Isysdeps/unix/sysv/linux/include -Isysdeps/unix/sysv/linux  -Isysdeps/nptl  -Isysdeps/pthread  -Isysdeps/gnu  -Isysdeps/unix/inet  -Isysdeps/unix/sysv  -Isysdeps/unix/arm  -Isysdeps/unix  -Isysdeps/posix  -Isysdeps/arm/le/armv7/multiarch  -Isysdeps/arm/armv7/multiarch  -Isysdeps/arm/le/armv7  -Isysdeps/arm/armv7  -Isysdeps/arm/armv6t2  -Isysdeps/arm/armv6  -Isysdeps/arm/le/nofpu  -Isysdeps/arm/nofpu  -Isysdeps/ieee754/soft-fp  -Isysdeps/arm/le  -Isysdeps/arm/include -Isysdeps/arm  -Isysdeps/wordsize-32  -Isysdeps/ieee754/flt-32  -Isysdeps/ieee754/dbl-64  -Isysdeps/ieee754  -Isysdeps/generic   -Ilibio -I. -nostdinc -isystem /home/ssy/arm-gcc-build/tools/lib/gcc/arm-linux-gnueabihf/13.2.0/include -isystem /home/ssy/arm-gcc-build/tools/lib/gcc/arm-linux-gnueabihf/13.2.0/include-fixed -isystem /home/ssy/arm-gcc-build/tools/arm-linux-gnueabihf/include  -D_LIBC_REENTRANT  -include include/libc-symbols.h       -DTOP_NAMESPACE=glibc -x assembler-with-cpp - \
	   > /home/ssy/arm-gcc-build/source/glibc-2.39/glibc_build/Versions.v.iT
mv -f /home/ssy/arm-gcc-build/source/glibc-2.39/glibc_build/Versions.v.iT /home/ssy/arm-gcc-build/source/glibc-2.39/glibc_build/Versions.v.i
sed '/^[ 	]*#/d;/^[ 	]*$/d' /home/ssy/arm-gcc-build/source/glibc-2.39/glibc_build/Versions.v.i > /home/ssy/arm-gcc-build/source/glibc-2.39/glibc_build/Versions.vT
mv -f /home/ssy/arm-gcc-build/source/glibc-2.39/glibc_build/Versions.vT /home/ssy/arm-gcc-build/source/glibc-2.39/glibc_build/Versions.v
LC_ALL=C gawk -f scripts/versionlist.awk /home/ssy/arm-gcc-build/source/glibc-2.39/glibc_build/Versions.v > /home/ssy/arm-gcc-build/source/glibc-2.39/glibc_build/Versions.defT
mv -f /home/ssy/arm-gcc-build/source/glibc-2.39/glibc_build/Versions.defT /home/ssy/arm-gcc-build/source/glibc-2.39/glibc_build/Versions.def
{ while read which lib version setname; do \
    test x"$which" = xDEFAULT || continue; \
    test -z "$setname" || echo "$lib : $setname"; \
  done < /home/ssy/arm-gcc-build/source/glibc-2.39/glibc_build/soversions.i; \
  cat /home/ssy/arm-gcc-build/source/glibc-2.39/glibc_build/Versions.def; \
} | LC_ALL=C gawk -f scripts/firstversions.awk > /home/ssy/arm-gcc-build/source/glibc-2.39/glibc_build/Versions.allT
mv -f /home/ssy/arm-gcc-build/source/glibc-2.39/glibc_build/Versions.allT /home/ssy/arm-gcc-build/source/glibc-2.39/glibc_build/Versions.all
gawk -f scripts/haveversions.awk /home/ssy/arm-gcc-build/source/glibc-2.39/glibc_build/Versions.all > /home/ssy/arm-gcc-build/source/glibc-2.39/glibc_build/Versions.mkT
mv -f /home/ssy/arm-gcc-build/source/glibc-2.39/glibc_build/Versions.mkT /home/ssy/arm-gcc-build/source/glibc-2.39/glibc_build/Versions.mk
( echo 'sysd-versions-subdirs = csu iconv locale localedata iconvdata assert ctype intl catgets math setjmp signal stdlib stdio-common libio dlfcn nptl rt malloc string wcsmbs timezone time dirent posix io termios resource misc socket sysvipc gmon gnulib wctype manual po argp conform debug mathvec support nptl_db inet resolv nss hesiod sunrpc nis nscd login elf sysdeps/unix/sysv/linux/arm/le sysdeps/unix/sysv/linux/arm sysdeps/arm/nptl sysdeps/unix/sysv/linux sysdeps/nptl sysdeps/pthread sysdeps/gnu sysdeps/unix/inet sysdeps/unix/sysv sysdeps/unix/arm sysdeps/unix sysdeps/posix sysdeps/arm/le/armv7/multiarch sysdeps/arm/armv7/multiarch sysdeps/arm/le/armv7 sysdeps/arm/armv7 sysdeps/arm/armv6t2 sysdeps/arm/armv6 sysdeps/arm/le/nofpu sysdeps/arm/nofpu sysdeps/ieee754/soft-fp sysdeps/arm/le sysdeps/arm sysdeps/wordsize-32 sysdeps/ieee754/flt-32 sysdeps/ieee754/dbl-64 sysdeps/ieee754 sysdeps/generic' ; \
  cat /home/ssy/arm-gcc-build/source/glibc-2.39/glibc_build/Versions.v \
  | LC_ALL=C gawk -v buildroot=/home/ssy/arm-gcc-build/source/glibc-2.39/glibc_build/ -v defsfile=/home/ssy/arm-gcc-build/source/glibc-2.39/glibc_build/Versions.all \
		    -v move_if_change='/bin/sh scripts/move-if-change' \
		    -f scripts/versions.awk; \
) > /home/ssy/arm-gcc-build/source/glibc-2.39/glibc_build/sysd-versionsT
mv -f /home/ssy/arm-gcc-build/source/glibc-2.39/glibc_build/sysd-versionsT /home/ssy/arm-gcc-build/source/glibc-2.39/glibc_build/sysd-versions
touch /home/ssy/arm-gcc-build/source/glibc-2.39/glibc_build/versions.stmp
(while read which lib number setname; do \
   eval seen_$which=1; \
   test x"$which" = xDEFAULT || continue; \
   case $number in \
     [0-9]*) echo "$lib.so-version=.$number"; \
	     echo "all-sonames+=$lib=$lib.so\$($lib.so-version)";;\
     *)	     echo "$lib.so-version=$number"; \
	     echo "all-sonames+=$lib=\$($lib.so-version)";;\
   esac; \
 done; \
 echo soversions.mk-done = t;) < /home/ssy/arm-gcc-build/source/glibc-2.39/glibc_build/soversions.i > /home/ssy/arm-gcc-build/source/glibc-2.39/glibc_build/soversions.mkT; exit 0
mv -f /home/ssy/arm-gcc-build/source/glibc-2.39/glibc_build/soversions.mkT /home/ssy/arm-gcc-build/source/glibc-2.39/glibc_build/soversions.mk
gawk -v buildlist="iconvprogs iconvdata ldconfig libmemusage libpcprofile librpcsvc locale_programs memusagestat nonlib nscd extramodules libnldbl libsupport testsuite testsuite_internal" -f scripts/gen-libc-modules.awk /home/ssy/arm-gcc-build/source/glibc-2.39/glibc_build/soversions.i > /home/ssy/arm-gcc-build/source/glibc-2.39/glibc_build/libc-modules.T
/bin/sh scripts/move-if-change /home/ssy/arm-gcc-build/source/glibc-2.39/glibc_build/libc-modules.T /home/ssy/arm-gcc-build/source/glibc-2.39/glibc_build/libc-modules.h
touch /home/ssy/arm-gcc-build/source/glibc-2.39/glibc_build/libc-modules.stmp
for dir in /home/ssy/arm-gcc-build/source/glibc-2.39/glibc_build sysdeps/unix/sysv/linux/arm/le sysdeps/unix/sysv/linux/arm sysdeps/arm/nptl sysdeps/unix/sysv/linux sysdeps/nptl sysdeps/pthread sysdeps/gnu sysdeps/unix/inet sysdeps/unix/sysv sysdeps/unix/arm sysdeps/unix sysdeps/posix sysdeps/arm/le/armv7/multiarch sysdeps/arm/armv7/multiarch sysdeps/arm/le/armv7 sysdeps/arm/armv7 sysdeps/arm/armv6t2 sysdeps/arm/armv6 sysdeps/arm/le/nofpu sysdeps/arm/nofpu sysdeps/ieee754/soft-fp sysdeps/arm/le sysdeps/arm sysdeps/wordsize-32 sysdeps/ieee754/flt-32 sysdeps/ieee754/dbl-64 sysdeps/ieee754 sysdeps/generic; do \
  test -f $dir/syscalls.list && \
  { sysdirs='sysdeps/unix/sysv/linux/arm/le sysdeps/unix/sysv/linux/arm sysdeps/arm/nptl sysdeps/unix/sysv/linux sysdeps/nptl sysdeps/pthread sysdeps/gnu sysdeps/unix/inet sysdeps/unix/sysv sysdeps/unix/arm sysdeps/unix sysdeps/posix sysdeps/arm/le/armv7/multiarch sysdeps/arm/armv7/multiarch sysdeps/arm/le/armv7 sysdeps/arm/armv7 sysdeps/arm/armv6t2 sysdeps/arm/armv6 sysdeps/arm/le/nofpu sysdeps/arm/nofpu sysdeps/ieee754/soft-fp sysdeps/arm/le sysdeps/arm sysdeps/wordsize-32 sysdeps/ieee754/flt-32 sysdeps/ieee754/dbl-64 sysdeps/ieee754 sysdeps/generic' \
    asm_CPP='arm-linux-gnueabihf-gcc -c    -Iinclude   -I/home/ssy/arm-gcc-build/source/glibc-2.39/glibc_build  -Isysdeps/unix/sysv/linux/arm/le  -Isysdeps/unix/sysv/linux/arm  -Isysdeps/arm/nptl  -Isysdeps/unix/sysv/linux/include -Isysdeps/unix/sysv/linux  -Isysdeps/nptl  -Isysdeps/pthread  -Isysdeps/gnu  -Isysdeps/unix/inet  -Isysdeps/unix/sysv  -Isysdeps/unix/arm  -Isysdeps/unix  -Isysdeps/posix  -Isysdeps/arm/le/armv7/multiarch  -Isysdeps/arm/armv7/multiarch  -Isysdeps/arm/le/armv7  -Isysdeps/arm/armv7  -Isysdeps/arm/armv6t2  -Isysdeps/arm/armv6  -Isysdeps/arm/le/nofpu  -Isysdeps/arm/nofpu  -Isysdeps/ieee754/soft-fp  -Isysdeps/arm/le  -Isysdeps/arm/include -Isysdeps/arm  -Isysdeps/wordsize-32  -Isysdeps/ieee754/flt-32  -Isysdeps/ieee754/dbl-64  -Isysdeps/ieee754  -Isysdeps/generic   -Ilibio -I. -nostdinc -isystem /home/ssy/arm-gcc-build/tools/lib/gcc/arm-linux-gnueabihf/13.2.0/include -isystem /home/ssy/arm-gcc-build/tools/lib/gcc/arm-linux-gnueabihf/13.2.0/include-fixed -isystem /home/ssy/arm-gcc-build/tools/arm-linux-gnueabihf/include  -D_LIBC_REENTRANT -include /home/ssy/arm-gcc-build/source/glibc-2.39/glibc_build/libc-modules.h -DMODULE_NAME=libc -include include/libc-symbols.h       -DTOP_NAMESPACE=glibc -DASSEMBLER  -g -Werror=undef -Wa,--noexecstack   -E -x assembler-with-cpp' \
    /bin/sh sysdeps/unix/make-syscalls.sh $dir || exit 1; }; \
  test $dir = sysdeps/unix && break; \
done > /home/ssy/arm-gcc-build/source/glibc-2.39/glibc_build/sysd-syscallsT
mv -f /home/ssy/arm-gcc-build/source/glibc-2.39/glibc_build/sysd-syscallsT /home/ssy/arm-gcc-build/source/glibc-2.39/glibc_build/sysd-syscalls
/usr/bin/install -c -m 644 include/limits.h /home/ssy/arm-gcc-build/tools/arm-linux-gnueabihf/include/limits.h
/usr/bin/install -c -m 644 include/values.h /home/ssy/arm-gcc-build/tools/arm-linux-gnueabihf/include/values.h
/usr/bin/install -c -m 644 include/features.h /home/ssy/arm-gcc-build/tools/arm-linux-gnueabihf/include/features.h
/usr/bin/install -c -m 644 sysdeps/unix/sysv/linux/features-time64.h /home/ssy/arm-gcc-build/tools/arm-linux-gnueabihf/include/features-time64.h
/usr/bin/install -c -m 644 include/gnu-versions.h /home/ssy/arm-gcc-build/tools/arm-linux-gnueabihf/include/gnu-versions.h
./scripts/mkinstalldirs /home/ssy/arm-gcc-build/tools/arm-linux-gnueabihf/include/bits
mkdir -p -- /home/ssy/arm-gcc-build/tools/arm-linux-gnueabihf/include/bits
/usr/bin/install -c -m 644 include/bits/xopen_lim.h /home/ssy/arm-gcc-build/tools/arm-linux-gnueabihf/include/bits/xopen_lim.h
./scripts/mkinstalldirs /home/ssy/arm-gcc-build/tools/arm-linux-gnueabihf/include/gnu
mkdir -p -- /home/ssy/arm-gcc-build/tools/arm-linux-gnueabihf/include/gnu
/usr/bin/install -c -m 644 include/gnu/libc-version.h /home/ssy/arm-gcc-build/tools/arm-linux-gnueabihf/include/gnu/libc-version.h
/usr/bin/install -c -m 644 include/stdc-predef.h /home/ssy/arm-gcc-build/tools/arm-linux-gnueabihf/include/stdc-predef.h
/usr/bin/install -c -m 644 bits/libc-header-start.h /home/ssy/arm-gcc-build/tools/arm-linux-gnueabihf/include/bits/libc-header-start.h
./scripts/mkinstalldirs /home/ssy/arm-gcc-build/source/glibc-2.39/glibc_build/gnu
mkdir -p -- /home/ssy/arm-gcc-build/source/glibc-2.39/glibc_build/gnu
{ \
 echo '/* This file is automatically generated.';\
 echo '   It defines macros to allow user program to find the shared'; \
 echo '   library files which come as part of GNU libc.  */'; \
 echo '#ifndef __GNU_LIB_NAMES_H'; \
 echo '#define __GNU_LIB_NAMES_H	1'; \
 echo ''; \
  \
   echo '#if !defined __ARM_PCS_VFP'; echo '# include <gnu/lib-names-soft.h>'; echo '#endif';   echo '#if defined __ARM_PCS_VFP'; echo '# include <gnu/lib-names-hard.h>'; echo '#endif'; \
 echo ''; \
 echo '#endif	/* gnu/lib-names.h */'; \
} >  /home/ssy/arm-gcc-build/source/glibc-2.39/glibc_build/gnu/lib-names.h
/usr/bin/install -c -m 644 /home/ssy/arm-gcc-build/source/glibc-2.39/glibc_build/gnu/lib-names.h /home/ssy/arm-gcc-build/tools/arm-linux-gnueabihf/include/gnu/lib-names.h
make  subdir=csu -C csu ..=../ install-headers
make[3]: Entering directory '/home/ssy/arm-gcc-build/source/glibc-2.39/csu'
make[3]: 'install-headers' is up to date.
make[3]: Leaving directory '/home/ssy/arm-gcc-build/source/glibc-2.39/csu'
make  subdir=iconv -C iconv ..=../ install-headers
make[3]: Entering directory '/home/ssy/arm-gcc-build/source/glibc-2.39/iconv'
/usr/bin/install -c -m 644 iconv.h /home/ssy/arm-gcc-build/tools/arm-linux-gnueabihf/include/iconv.h
/usr/bin/install -c -m 644 gconv.h /home/ssy/arm-gcc-build/tools/arm-linux-gnueabihf/include/gconv.h
make[3]: Leaving directory '/home/ssy/arm-gcc-build/source/glibc-2.39/iconv'
make  subdir=locale -C locale ..=../ install-headers
make[3]: Entering directory '/home/ssy/arm-gcc-build/source/glibc-2.39/locale'
/usr/bin/install -c -m 644 bits/locale.h /home/ssy/arm-gcc-build/tools/arm-linux-gnueabihf/include/bits/locale.h
.././scripts/mkinstalldirs /home/ssy/arm-gcc-build/tools/arm-linux-gnueabihf/include/bits/types
mkdir -p -- /home/ssy/arm-gcc-build/tools/arm-linux-gnueabihf/include/bits/types
/usr/bin/install -c -m 644 bits/types/__locale_t.h /home/ssy/arm-gcc-build/tools/arm-linux-gnueabihf/include/bits/types/__locale_t.h
/usr/bin/install -c -m 644 bits/types/locale_t.h /home/ssy/arm-gcc-build/tools/arm-linux-gnueabihf/include/bits/types/locale_t.h
/usr/bin/install -c -m 644 langinfo.h /home/ssy/arm-gcc-build/tools/arm-linux-gnueabihf/include/langinfo.h
/usr/bin/install -c -m 644 locale.h /home/ssy/arm-gcc-build/tools/arm-linux-gnueabihf/include/locale.h
make[3]: Leaving directory '/home/ssy/arm-gcc-build/source/glibc-2.39/locale'
make  subdir=localedata -C localedata ..=../ install-headers
make[3]: Entering directory '/home/ssy/arm-gcc-build/source/glibc-2.39/localedata'
make[3]: 'install-headers' is up to date.
make[3]: Leaving directory '/home/ssy/arm-gcc-build/source/glibc-2.39/localedata'
make  subdir=iconvdata -C iconvdata ..=../ install-headers
make[3]: Entering directory '/home/ssy/arm-gcc-build/source/glibc-2.39/iconvdata'
.././scripts/mkinstalldirs /home/ssy/arm-gcc-build/source/glibc-2.39/glibc_build/iconvdata
mkdir -p -- /home/ssy/arm-gcc-build/source/glibc-2.39/glibc_build/iconvdata
{ echo ISO8859-1 ISO8859-2 ISO8859-3 ISO8859-4 ISO8859-5 ISO8859-6 ISO8859-7 ISO8859-8 ISO8859-9 ISO8859-10 ISO8859-11 ISO8859-13 ISO8859-14 ISO8859-15 ISO8859-16 T.61 ISO_6937 SJIS KOI-8 HP-ROMAN8 HP-ROMAN9 EBCDIC-AT-DE EBCDIC-AT-DE-A EBCDIC-CA-FR EUC-KR UHC JOHAB BIG5 EUC-JP EUC-CN EUC-TW ISO646 EBCDIC-DK-NO EBCDIC-DK-NO-A EBCDIC-ES EBCDIC-ES-A EBCDIC-ES-S EBCDIC-FI-SE EBCDIC-FI-SE-A EBCDIC-FR EBCDIC-IS-FRISS EBCDIC-IT EBCDIC-PT EBCDIC-UK EBCDIC-US IBM037 IBM038 IBM274 IBM275 IBM423 IBM500 IBM870 IBM871 IBM891 IBM903 IBM904 IBM905 IBM1047 IBM874 CP737 CP775 ISO-2022-KR HP-TURKISH8 HP-THAI8 HP-GREEK8 KOI8-R LATIN-GREEK LATIN-GREEK-1 IBM256 IBM273 IBM277 IBM278 IBM280 IBM281 IBM284 IBM285 IBM290 IBM297 IBM420 IBM424 IBM437 IBM850 IBM851 IBM852 IBM855 IBM857 IBM858 IBM860 IBM861 IBM862 IBM863 IBM864 IBM865 IBM868 IBM869 IBM875 IBM880 IBM866 CP1258 IBM922 IBM1124 IBM1129 IBM932 IBM943 IBM856 IBM930 IBM933 IBM935 IBM937 IBM939 IBM1046 IBM1132 IBM1133 IBM1160 IBM1161 IBM1162 IBM1163 IBM1164 IBM918 IBM1004 IBM1026 CP1125 CP1250 CP1251 CP1252 CP1253 CP1254 CP1255 CP1256 CP1257 ISO-2022-JP MACINTOSH IEC_P27-1 ASMO_449 ANSI_X3.110 CSN_369103 CWI DEC-MCS ECMA-CYRILLIC GOST_19768-74 GREEK-CCITT GREEK7 GREEK7-OLD INIS INIS-8 INIS-CYRILLIC ISO_6937-2 ISO_2033 ISO_5427 ISO_5427-EXT ISO_5428 ISO_10367-BOX MAC-IS MAC-UK NATS-DANO NATS-SEFI SAMI-WS2 ISO-IR-197 TIS-620 KOI8-U GBK ISIRI-3342 GBGBK ISO-2022-CN UTF-16 UNICODE UTF-32 UTF-7 BIG5HKSCS GB18030 ISO-2022-CN-EXT VISCII GBBIG5 CP10007 KOI8-T GEORGIAN-PS GEORGIAN-ACADEMY ISO-IR-209 MAC-SAMI ARMSCII-8 TCVN5712-1 EUC-JISX0213 SHIFT_JISX0213 ISO-2022-JP-3 TSCII IBM866NAV CP932 EUC-JP-MS PT154 RK1048 IBM1025 IBM1122 IBM1137 IBM1153 IBM1154 IBM1155 IBM1156 IBM1157 IBM1158 IBM803 IBM901 IBM902 IBM921 IBM1008 IBM1008_420 IBM1097 IBM1112 IBM1123 IBM1130 IBM1140 IBM1141 IBM1142 IBM1143 IBM1144 IBM1145 IBM1146 IBM1147 IBM1148 IBM1149 IBM1166 IBM1167 IBM4517 IBM4899 IBM4909 IBM4971 IBM5347 IBM9030 IBM9066 IBM9448 IBM12712 IBM16804 IBM1364 IBM1371 IBM1388 IBM1390 IBM1399 ISO_11548-1 MIK BRF MAC-CENTRALEUROPE KOI8-RU ISO8859-9E CP770 CP771 CP772 CP773 CP774; \
  echo 8bit iso8859-2 iso8859-3 iso8859-4 iso8859-6 iso8859-9 koi-8 ebcdic-at-de ebcdic-at-de-a ebcdic-ca-fr ebcdic-dk-no ebcdic-dk-no-a ebcdic-es-s ebcdic-fi-se ebcdic-fi-se-a ebcdic-fr ebcdic-it ebcdic-pt ebcdic-us ibm037 ibm038 ibm274 ibm275 ibm423 ibm500 ibm870 ibm871 ibm891 ibm903 ibm904 ibm905 ibm1047; \
  echo 8bit-gap koi8-r latin-greek latin-greek-1 ibm256 ibm273 ibm277 ibm278 ibm280 ibm281 ibm284 ibm285 ibm290 ibm297 ibm420 ibm424 ibm437 ibm850 ibm851 ibm852 ibm855 ibm857 ibm858 ibm860 ibm861 ibm862 ibm863 ibm864 ibm865 ibm868 ibm869 ibm875 ibm880 ibm918 ibm1004 ibm1026 cp1125 cp1250 cp1251 cp1252 cp1253 cp1254 cp1256 cp1257 ibm866 iso8859-5 iso8859-7 iso8859-8 iso8859-10 macintosh iec_p27-1 asmo_449 csn_369103 cwi dec-mcs ecma-cyrillic gost_19768-74 greek-ccitt greek7 greek7-old inis inis-8 inis-cyrillic iso_2033 iso_5427 iso_5427-ext iso_5428 iso_10367-box mac-is nats-dano nats-sefi iso8859-13 iso8859-14 iso8859-15 mac-uk sami-ws2 iso-ir-197 tis-620 koi8-u ibm874 cp10007 koi8-t georgian-ps georgian-academy iso-ir-209 mac-sami iso8859-11 ibm866nav pt154 rk1048 mik brf mac-centraleurope koi8-ru hp-roman8 hp-roman9 ebcdic-es ebcdic-es-a ebcdic-is-friss ebcdic-uk iso8859-16 viscii iso8859-9e hp-turkish8 hp-thai8 hp-greek8 cp770 cp771 cp772 cp773 cp774; } | \
LC_ALL=C \
gawk 'NR == 1 { \
	  for (i = 1; i <= NF; i++) { \
	    printf "%s-routines := %s\n", $i, tolower($i); \
	    printf "libof-%s := iconvdata\n", tolower($i); \
	    printf "%s-map := gconv.map\n", $i; \
	  } \
	}; \
	NR > 1 { \
	  for (i = 2; i <= NF; i++) { \
	    printf "$(objpfx)%s.stmp: ", $i; \
	    map = toupper($i); \
	    sub(/^ISO8859/, "ISO-8859", map); \
	    if (map == "ISO_2033") map = map "-1983"; \
	    printf "$(charmaps)/%s ", map; \
	    printf "gen-%s.sh\n", $1; \
	    printf "\t$(generate-%s-table)\n", $1; \
	  } \
	}' > /home/ssy/arm-gcc-build/source/glibc-2.39/glibc_build/iconvdata/iconv-rules.new
mv -f /home/ssy/arm-gcc-build/source/glibc-2.39/glibc_build/iconvdata/iconv-rules.new /home/ssy/arm-gcc-build/source/glibc-2.39/glibc_build/iconvdata/iconv-rules
make[3]: 'install-headers' is up to date.
make[3]: Leaving directory '/home/ssy/arm-gcc-build/source/glibc-2.39/iconvdata'
make  subdir=assert -C assert ..=../ install-headers
make[3]: Entering directory '/home/ssy/arm-gcc-build/source/glibc-2.39/assert'
/usr/bin/install -c -m 644 assert.h /home/ssy/arm-gcc-build/tools/arm-linux-gnueabihf/include/assert.h
make[3]: Leaving directory '/home/ssy/arm-gcc-build/source/glibc-2.39/assert'
make  subdir=ctype -C ctype ..=../ install-headers
make[3]: Entering directory '/home/ssy/arm-gcc-build/source/glibc-2.39/ctype'
/usr/bin/install -c -m 644 ctype.h /home/ssy/arm-gcc-build/tools/arm-linux-gnueabihf/include/ctype.h
make[3]: Leaving directory '/home/ssy/arm-gcc-build/source/glibc-2.39/ctype'
make  subdir=intl -C intl ..=../ install-headers
make[3]: Entering directory '/home/ssy/arm-gcc-build/source/glibc-2.39/intl'
/usr/bin/install -c -m 644 libintl.h /home/ssy/arm-gcc-build/tools/arm-linux-gnueabihf/include/libintl.h
make[3]: Leaving directory '/home/ssy/arm-gcc-build/source/glibc-2.39/intl'
make  subdir=catgets -C catgets ..=../ install-headers
make[3]: Entering directory '/home/ssy/arm-gcc-build/source/glibc-2.39/catgets'
/usr/bin/install -c -m 644 nl_types.h /home/ssy/arm-gcc-build/tools/arm-linux-gnueabihf/include/nl_types.h
make[3]: Leaving directory '/home/ssy/arm-gcc-build/source/glibc-2.39/catgets'
make  subdir=math -C math ..=../ install-headers
make[3]: Entering directory '/home/ssy/arm-gcc-build/source/glibc-2.39/math'
/usr/bin/install -c -m 644 math.h /home/ssy/arm-gcc-build/tools/arm-linux-gnueabihf/include/math.h
/usr/bin/install -c -m 644 bits/mathcalls.h /home/ssy/arm-gcc-build/tools/arm-linux-gnueabihf/include/bits/mathcalls.h
/usr/bin/install -c -m 644 ../sysdeps/arm/fpu_control.h /home/ssy/arm-gcc-build/tools/arm-linux-gnueabihf/include/fpu_control.h
/usr/bin/install -c -m 644 complex.h /home/ssy/arm-gcc-build/tools/arm-linux-gnueabihf/include/complex.h
/usr/bin/install -c -m 644 bits/cmathcalls.h /home/ssy/arm-gcc-build/tools/arm-linux-gnueabihf/include/bits/cmathcalls.h
/usr/bin/install -c -m 644 fenv.h /home/ssy/arm-gcc-build/tools/arm-linux-gnueabihf/include/fenv.h
/usr/bin/install -c -m 644 ../sysdeps/arm/bits/fenv.h /home/ssy/arm-gcc-build/tools/arm-linux-gnueabihf/include/bits/fenv.h
/usr/bin/install -c -m 644 ../bits/mathdef.h /home/ssy/arm-gcc-build/tools/arm-linux-gnueabihf/include/bits/mathdef.h
/usr/bin/install -c -m 644 tgmath.h /home/ssy/arm-gcc-build/tools/arm-linux-gnueabihf/include/tgmath.h
/usr/bin/install -c -m 644 ../bits/math-vector.h /home/ssy/arm-gcc-build/tools/arm-linux-gnueabihf/include/bits/math-vector.h
.././scripts/mkinstalldirs /home/ssy/arm-gcc-build/tools/arm-linux-gnueabihf/include/finclude
mkdir -p -- /home/ssy/arm-gcc-build/tools/arm-linux-gnueabihf/include/finclude
/usr/bin/install -c -m 644 finclude/math-vector-fortran.h /home/ssy/arm-gcc-build/tools/arm-linux-gnueabihf/include/finclude/math-vector-fortran.h
/usr/bin/install -c -m 644 ../bits/libm-simd-decl-stubs.h /home/ssy/arm-gcc-build/tools/arm-linux-gnueabihf/include/bits/libm-simd-decl-stubs.h
/usr/bin/install -c -m 644 ../bits/iscanonical.h /home/ssy/arm-gcc-build/tools/arm-linux-gnueabihf/include/bits/iscanonical.h
/usr/bin/install -c -m 644 ../bits/flt-eval-method.h /home/ssy/arm-gcc-build/tools/arm-linux-gnueabihf/include/bits/flt-eval-method.h
/usr/bin/install -c -m 644 ../bits/fp-fast.h /home/ssy/arm-gcc-build/tools/arm-linux-gnueabihf/include/bits/fp-fast.h
/usr/bin/install -c -m 644 ../bits/fp-logb.h /home/ssy/arm-gcc-build/tools/arm-linux-gnueabihf/include/bits/fp-logb.h
/usr/bin/install -c -m 644 ../bits/long-double.h /home/ssy/arm-gcc-build/tools/arm-linux-gnueabihf/include/bits/long-double.h
/usr/bin/install -c -m 644 bits/mathcalls-helper-functions.h /home/ssy/arm-gcc-build/tools/arm-linux-gnueabihf/include/bits/mathcalls-helper-functions.h
/usr/bin/install -c -m 644 ../bits/floatn.h /home/ssy/arm-gcc-build/tools/arm-linux-gnueabihf/include/bits/floatn.h
/usr/bin/install -c -m 644 ../bits/floatn-common.h /home/ssy/arm-gcc-build/tools/arm-linux-gnueabihf/include/bits/floatn-common.h
/usr/bin/install -c -m 644 bits/mathcalls-narrow.h /home/ssy/arm-gcc-build/tools/arm-linux-gnueabihf/include/bits/mathcalls-narrow.h
/usr/bin/install -c -m 644 ../sysdeps/ieee754/ieee754.h /home/ssy/arm-gcc-build/tools/arm-linux-gnueabihf/include/ieee754.h
make[3]: Leaving directory '/home/ssy/arm-gcc-build/source/glibc-2.39/math'
make  subdir=setjmp -C setjmp ..=../ install-headers
make[3]: Entering directory '/home/ssy/arm-gcc-build/source/glibc-2.39/setjmp'
/usr/bin/install -c -m 644 setjmp.h /home/ssy/arm-gcc-build/tools/arm-linux-gnueabihf/include/setjmp.h
/usr/bin/install -c -m 644 ../sysdeps/arm/bits/setjmp.h /home/ssy/arm-gcc-build/tools/arm-linux-gnueabihf/include/bits/setjmp.h
/usr/bin/install -c -m 644 bits/setjmp2.h /home/ssy/arm-gcc-build/tools/arm-linux-gnueabihf/include/bits/setjmp2.h
/usr/bin/install -c -m 644 bits/types/struct___jmp_buf_tag.h /home/ssy/arm-gcc-build/tools/arm-linux-gnueabihf/include/bits/types/struct___jmp_buf_tag.h
make[3]: Leaving directory '/home/ssy/arm-gcc-build/source/glibc-2.39/setjmp'
make  subdir=signal -C signal ..=../ install-headers
make[3]: Entering directory '/home/ssy/arm-gcc-build/source/glibc-2.39/signal'
/usr/bin/install -c -m 644 signal.h /home/ssy/arm-gcc-build/tools/arm-linux-gnueabihf/include/signal.h
.././scripts/mkinstalldirs /home/ssy/arm-gcc-build/tools/arm-linux-gnueabihf/include/sys
mkdir -p -- /home/ssy/arm-gcc-build/tools/arm-linux-gnueabihf/include/sys
/usr/bin/install -c -m 644 sys/signal.h /home/ssy/arm-gcc-build/tools/arm-linux-gnueabihf/include/sys/signal.h
/usr/bin/install -c -m 644 ../bits/signum-generic.h /home/ssy/arm-gcc-build/tools/arm-linux-gnueabihf/include/bits/signum-generic.h
/usr/bin/install -c -m 644 ../sysdeps/unix/sysv/linux/bits/signum-arch.h /home/ssy/arm-gcc-build/tools/arm-linux-gnueabihf/include/bits/signum-arch.h
/usr/bin/install -c -m 644 ../sysdeps/unix/sysv/linux/bits/sigcontext.h /home/ssy/arm-gcc-build/tools/arm-linux-gnueabihf/include/bits/sigcontext.h
/usr/bin/install -c -m 644 ../sysdeps/unix/sysv/linux/bits/sigaction.h /home/ssy/arm-gcc-build/tools/arm-linux-gnueabihf/include/bits/sigaction.h
/usr/bin/install -c -m 644 ../sysdeps/unix/sysv/linux/bits/sigevent-consts.h /home/ssy/arm-gcc-build/tools/arm-linux-gnueabihf/include/bits/sigevent-consts.h
/usr/bin/install -c -m 644 ../sysdeps/unix/sysv/linux/bits/siginfo-consts.h /home/ssy/arm-gcc-build/tools/arm-linux-gnueabihf/include/bits/siginfo-consts.h
/usr/bin/install -c -m 644 ../sysdeps/unix/sysv/linux/bits/sigstack.h /home/ssy/arm-gcc-build/tools/arm-linux-gnueabihf/include/bits/sigstack.h
/usr/bin/install -c -m 644 ../sysdeps/pthread/bits/sigthread.h /home/ssy/arm-gcc-build/tools/arm-linux-gnueabihf/include/bits/sigthread.h
/usr/bin/install -c -m 644 ../sysdeps/unix/sysv/linux/bits/ss_flags.h /home/ssy/arm-gcc-build/tools/arm-linux-gnueabihf/include/bits/ss_flags.h
/usr/bin/install -c -m 644 ../sysdeps/unix/sysv/linux/bits/types/__sigset_t.h /home/ssy/arm-gcc-build/tools/arm-linux-gnueabihf/include/bits/types/__sigset_t.h
/usr/bin/install -c -m 644 bits/types/sig_atomic_t.h /home/ssy/arm-gcc-build/tools/arm-linux-gnueabihf/include/bits/types/sig_atomic_t.h
/usr/bin/install -c -m 644 ../sysdeps/unix/sysv/linux/bits/types/sigevent_t.h /home/ssy/arm-gcc-build/tools/arm-linux-gnueabihf/include/bits/types/sigevent_t.h
/usr/bin/install -c -m 644 ../sysdeps/unix/sysv/linux/bits/types/siginfo_t.h /home/ssy/arm-gcc-build/tools/arm-linux-gnueabihf/include/bits/types/siginfo_t.h
/usr/bin/install -c -m 644 bits/types/sigset_t.h /home/ssy/arm-gcc-build/tools/arm-linux-gnueabihf/include/bits/types/sigset_t.h
/usr/bin/install -c -m 644 bits/types/sigval_t.h /home/ssy/arm-gcc-build/tools/arm-linux-gnueabihf/include/bits/types/sigval_t.h
/usr/bin/install -c -m 644 ../sysdeps/unix/sysv/linux/bits/types/stack_t.h /home/ssy/arm-gcc-build/tools/arm-linux-gnueabihf/include/bits/types/stack_t.h
/usr/bin/install -c -m 644 bits/types/struct_sigstack.h /home/ssy/arm-gcc-build/tools/arm-linux-gnueabihf/include/bits/types/struct_sigstack.h
/usr/bin/install -c -m 644 bits/types/__sigval_t.h /home/ssy/arm-gcc-build/tools/arm-linux-gnueabihf/include/bits/types/__sigval_t.h
/usr/bin/install -c -m 644 ../sysdeps/unix/sysv/linux/bits/signal_ext.h /home/ssy/arm-gcc-build/tools/arm-linux-gnueabihf/include/bits/signal_ext.h
/usr/bin/install -c -m 644 ../sysdeps/unix/sysv/linux/bits/sigstksz.h /home/ssy/arm-gcc-build/tools/arm-linux-gnueabihf/include/bits/sigstksz.h
make[3]: Leaving directory '/home/ssy/arm-gcc-build/source/glibc-2.39/signal'
make  subdir=stdlib -C stdlib ..=../ install-headers
make[3]: Entering directory '/home/ssy/arm-gcc-build/source/glibc-2.39/stdlib'
/usr/bin/install -c -m 644 alloca.h /home/ssy/arm-gcc-build/tools/arm-linux-gnueabihf/include/alloca.h
/usr/bin/install -c -m 644 ../sysdeps/unix/sysv/linux/bits/errno.h /home/ssy/arm-gcc-build/tools/arm-linux-gnueabihf/include/bits/errno.h
/usr/bin/install -c -m 644 ../bits/indirect-return.h /home/ssy/arm-gcc-build/tools/arm-linux-gnueabihf/include/bits/indirect-return.h
/usr/bin/install -c -m 644 bits/monetary-ldbl.h /home/ssy/arm-gcc-build/tools/arm-linux-gnueabihf/include/bits/monetary-ldbl.h
/usr/bin/install -c -m 644 ../bits/stdint-intn.h /home/ssy/arm-gcc-build/tools/arm-linux-gnueabihf/include/bits/stdint-intn.h
/usr/bin/install -c -m 644 ../bits/stdint-least.h /home/ssy/arm-gcc-build/tools/arm-linux-gnueabihf/include/bits/stdint-least.h
/usr/bin/install -c -m 644 ../bits/stdint-uintn.h /home/ssy/arm-gcc-build/tools/arm-linux-gnueabihf/include/bits/stdint-uintn.h
/usr/bin/install -c -m 644 ../bits/stdlib-bsearch.h /home/ssy/arm-gcc-build/tools/arm-linux-gnueabihf/include/bits/stdlib-bsearch.h
/usr/bin/install -c -m 644 bits/stdlib-float.h /home/ssy/arm-gcc-build/tools/arm-linux-gnueabihf/include/bits/stdlib-float.h
/usr/bin/install -c -m 644 bits/stdlib-ldbl.h /home/ssy/arm-gcc-build/tools/arm-linux-gnueabihf/include/bits/stdlib-ldbl.h
/usr/bin/install -c -m 644 bits/stdlib.h /home/ssy/arm-gcc-build/tools/arm-linux-gnueabihf/include/bits/stdlib.h
/usr/bin/install -c -m 644 ../bits/time64.h /home/ssy/arm-gcc-build/tools/arm-linux-gnueabihf/include/bits/time64.h
/usr/bin/install -c -m 644 ../sysdeps/unix/sysv/linux/arm/bits/timesize.h /home/ssy/arm-gcc-build/tools/arm-linux-gnueabihf/include/bits/timesize.h
/usr/bin/install -c -m 644 ../bits/types/error_t.h /home/ssy/arm-gcc-build/tools/arm-linux-gnueabihf/include/bits/types/error_t.h
/usr/bin/install -c -m 644 ../sysdeps/wordsize-32/bits/wordsize.h /home/ssy/arm-gcc-build/tools/arm-linux-gnueabihf/include/bits/wordsize.h
/usr/bin/install -c -m 644 errno.h /home/ssy/arm-gcc-build/tools/arm-linux-gnueabihf/include/errno.h
/usr/bin/install -c -m 644 fmtmsg.h /home/ssy/arm-gcc-build/tools/arm-linux-gnueabihf/include/fmtmsg.h
/usr/bin/install -c -m 644 inttypes.h /home/ssy/arm-gcc-build/tools/arm-linux-gnueabihf/include/inttypes.h
/usr/bin/install -c -m 644 monetary.h /home/ssy/arm-gcc-build/tools/arm-linux-gnueabihf/include/monetary.h
/usr/bin/install -c -m 644 stdbit.h /home/ssy/arm-gcc-build/tools/arm-linux-gnueabihf/include/stdbit.h
/usr/bin/install -c -m 644 stdint.h /home/ssy/arm-gcc-build/tools/arm-linux-gnueabihf/include/stdint.h
/usr/bin/install -c -m 644 stdlib.h /home/ssy/arm-gcc-build/tools/arm-linux-gnueabihf/include/stdlib.h
/usr/bin/install -c -m 644 sys/errno.h /home/ssy/arm-gcc-build/tools/arm-linux-gnueabihf/include/sys/errno.h
/usr/bin/install -c -m 644 sys/random.h /home/ssy/arm-gcc-build/tools/arm-linux-gnueabihf/include/sys/random.h
/usr/bin/install -c -m 644 ../sysdeps/unix/sysv/linux/arm/sys/ucontext.h /home/ssy/arm-gcc-build/tools/arm-linux-gnueabihf/include/sys/ucontext.h
/usr/bin/install -c -m 644 ucontext.h /home/ssy/arm-gcc-build/tools/arm-linux-gnueabihf/include/ucontext.h
make[3]: Leaving directory '/home/ssy/arm-gcc-build/source/glibc-2.39/stdlib'
make  subdir=stdio-common -C stdio-common ..=../ install-headers
make[3]: Entering directory '/home/ssy/arm-gcc-build/source/glibc-2.39/stdio-common'
/usr/bin/install -c -m 644 bits/printf-ldbl.h /home/ssy/arm-gcc-build/tools/arm-linux-gnueabihf/include/bits/printf-ldbl.h
/usr/bin/install -c -m 644 ../sysdeps/unix/sysv/linux/bits/stdio_lim.h /home/ssy/arm-gcc-build/tools/arm-linux-gnueabihf/include/bits/stdio_lim.h
/usr/bin/install -c -m 644 printf.h /home/ssy/arm-gcc-build/tools/arm-linux-gnueabihf/include/printf.h
/usr/bin/install -c -m 644 stdio_ext.h /home/ssy/arm-gcc-build/tools/arm-linux-gnueabihf/include/stdio_ext.h
make[3]: Leaving directory '/home/ssy/arm-gcc-build/source/glibc-2.39/stdio-common'
make  subdir=libio -C libio ..=../ install-headers
make[3]: Entering directory '/home/ssy/arm-gcc-build/source/glibc-2.39/libio'
/usr/bin/install -c -m 644 stdio.h /home/ssy/arm-gcc-build/tools/arm-linux-gnueabihf/include/stdio.h
/usr/bin/install -c -m 644 bits/stdio.h /home/ssy/arm-gcc-build/tools/arm-linux-gnueabihf/include/bits/stdio.h
/usr/bin/install -c -m 644 bits/stdio2.h /home/ssy/arm-gcc-build/tools/arm-linux-gnueabihf/include/bits/stdio2.h
/usr/bin/install -c -m 644 bits/stdio2-decl.h /home/ssy/arm-gcc-build/tools/arm-linux-gnueabihf/include/bits/stdio2-decl.h
/usr/bin/install -c -m 644 bits/stdio-ldbl.h /home/ssy/arm-gcc-build/tools/arm-linux-gnueabihf/include/bits/stdio-ldbl.h
/usr/bin/install -c -m 644 bits/types/FILE.h /home/ssy/arm-gcc-build/tools/arm-linux-gnueabihf/include/bits/types/FILE.h
/usr/bin/install -c -m 644 bits/types/__FILE.h /home/ssy/arm-gcc-build/tools/arm-linux-gnueabihf/include/bits/types/__FILE.h
/usr/bin/install -c -m 644 bits/types/struct_FILE.h /home/ssy/arm-gcc-build/tools/arm-linux-gnueabihf/include/bits/types/struct_FILE.h
/usr/bin/install -c -m 644 bits/types/__fpos_t.h /home/ssy/arm-gcc-build/tools/arm-linux-gnueabihf/include/bits/types/__fpos_t.h
/usr/bin/install -c -m 644 bits/types/__fpos64_t.h /home/ssy/arm-gcc-build/tools/arm-linux-gnueabihf/include/bits/types/__fpos64_t.h
/usr/bin/install -c -m 644 bits/types/cookie_io_functions_t.h /home/ssy/arm-gcc-build/tools/arm-linux-gnueabihf/include/bits/types/cookie_io_functions_t.h
make[3]: Leaving directory '/home/ssy/arm-gcc-build/source/glibc-2.39/libio'
make  subdir=dlfcn -C dlfcn ..=../ install-headers
make[3]: Entering directory '/home/ssy/arm-gcc-build/source/glibc-2.39/dlfcn'
/usr/bin/install -c -m 644 ../bits/dlfcn.h /home/ssy/arm-gcc-build/tools/arm-linux-gnueabihf/include/bits/dlfcn.h
/usr/bin/install -c -m 644 ../sysdeps/arm/bits/dl_find_object.h /home/ssy/arm-gcc-build/tools/arm-linux-gnueabihf/include/bits/dl_find_object.h
/usr/bin/install -c -m 644 dlfcn.h /home/ssy/arm-gcc-build/tools/arm-linux-gnueabihf/include/dlfcn.h
make[3]: Leaving directory '/home/ssy/arm-gcc-build/source/glibc-2.39/dlfcn'
make  subdir=nptl -C nptl ..=../ install-headers
make[3]: Entering directory '/home/ssy/arm-gcc-build/source/glibc-2.39/nptl'
.././scripts/mkinstalldirs /home/ssy/arm-gcc-build/source/glibc-2.39/glibc_build/nptl
mkdir -p -- /home/ssy/arm-gcc-build/source/glibc-2.39/glibc_build/nptl
dir=`arm-linux-gnueabihf-gcc -std=gnu11 -fgnu89-inline  -g -O2 -Wall -Wwrite-strings -Wundef -fmerge-all-constants -frounding-math -fno-stack-protector -fno-common -Wp,-U_FORTIFY_SOURCE -Wstrict-prototypes -Wold-style-definition -fmath-errno      -ftls-model=initial-exec     -I../include -I/home/ssy/arm-gcc-build/source/glibc-2.39/glibc_build/nptl  -I/home/ssy/arm-gcc-build/source/glibc-2.39/glibc_build  -I../sysdeps/unix/sysv/linux/arm/le  -I../sysdeps/unix/sysv/linux/arm  -I../sysdeps/arm/nptl  -I../sysdeps/unix/sysv/linux/include -I../sysdeps/unix/sysv/linux  -I../sysdeps/nptl  -I../sysdeps/pthread  -I../sysdeps/gnu  -I../sysdeps/unix/inet  -I../sysdeps/unix/sysv  -I../sysdeps/unix/arm  -I../sysdeps/unix  -I../sysdeps/posix  -I../sysdeps/arm/le/armv7/multiarch  -I../sysdeps/arm/armv7/multiarch  -I../sysdeps/arm/le/armv7  -I../sysdeps/arm/armv7  -I../sysdeps/arm/armv6t2  -I../sysdeps/arm/armv6  -I../sysdeps/arm/le/nofpu  -I../sysdeps/arm/nofpu  -I../sysdeps/ieee754/soft-fp  -I../sysdeps/arm/le  -I../sysdeps/arm/include -I../sysdeps/arm  -I../sysdeps/wordsize-32  -I../sysdeps/ieee754/flt-32  -I../sysdeps/ieee754/dbl-64  -I../sysdeps/ieee754  -I../sysdeps/generic  -I.. -I../libio -I. -nostdinc -isystem /home/ssy/arm-gcc-build/tools/lib/gcc/arm-linux-gnueabihf/13.2.0/include -isystem /home/ssy/arm-gcc-build/tools/lib/gcc/arm-linux-gnueabihf/13.2.0/include-fixed -isystem /home/ssy/arm-gcc-build/tools/arm-linux-gnueabihf/include  -D_LIBC_REENTRANT -include /home/ssy/arm-gcc-build/source/glibc-2.39/glibc_build/libc-modules.h -DMODULE_NAME=libc -include ../include/libc-symbols.h       -DTOP_NAMESPACE=glibc -print-multi-directory`; \
echo "multidir := $dir" > /home/ssy/arm-gcc-build/source/glibc-2.39/glibc_build/nptl/multidir.mkT
mv -f /home/ssy/arm-gcc-build/source/glibc-2.39/glibc_build/nptl/multidir.mkT /home/ssy/arm-gcc-build/source/glibc-2.39/glibc_build/nptl/multidir.mk
/usr/bin/install -c -m 644 ../bits/atomic_wide_counter.h /home/ssy/arm-gcc-build/tools/arm-linux-gnueabihf/include/bits/atomic_wide_counter.h
/usr/bin/install -c -m 644 ../sysdeps/unix/sysv/linux/bits/semaphore.h /home/ssy/arm-gcc-build/tools/arm-linux-gnueabihf/include/bits/semaphore.h
/usr/bin/install -c -m 644 ../sysdeps/nptl/bits/struct_mutex.h /home/ssy/arm-gcc-build/tools/arm-linux-gnueabihf/include/bits/struct_mutex.h
/usr/bin/install -c -m 644 ../sysdeps/nptl/bits/struct_rwlock.h /home/ssy/arm-gcc-build/tools/arm-linux-gnueabihf/include/bits/struct_rwlock.h
/usr/bin/install -c -m 644 ../sysdeps/nptl/pthread.h /home/ssy/arm-gcc-build/tools/arm-linux-gnueabihf/include/pthread.h
/usr/bin/install -c -m 644 ../sysdeps/pthread/semaphore.h /home/ssy/arm-gcc-build/tools/arm-linux-gnueabihf/include/semaphore.h
/usr/bin/install -c -m 644 ../sysdeps/pthread/threads.h /home/ssy/arm-gcc-build/tools/arm-linux-gnueabihf/include/threads.h
make[3]: Leaving directory '/home/ssy/arm-gcc-build/source/glibc-2.39/nptl'
make  subdir=rt -C rt ..=../ install-headers
make[3]: Entering directory '/home/ssy/arm-gcc-build/source/glibc-2.39/rt'
/usr/bin/install -c -m 644 aio.h /home/ssy/arm-gcc-build/tools/arm-linux-gnueabihf/include/aio.h
/usr/bin/install -c -m 644 mqueue.h /home/ssy/arm-gcc-build/tools/arm-linux-gnueabihf/include/mqueue.h
/usr/bin/install -c -m 644 ../sysdeps/unix/sysv/linux/bits/mqueue.h /home/ssy/arm-gcc-build/tools/arm-linux-gnueabihf/include/bits/mqueue.h
/usr/bin/install -c -m 644 bits/mqueue2.h /home/ssy/arm-gcc-build/tools/arm-linux-gnueabihf/include/bits/mqueue2.h
make[3]: Leaving directory '/home/ssy/arm-gcc-build/source/glibc-2.39/rt'
make  subdir=malloc -C malloc ..=../ install-headers
make[3]: Entering directory '/home/ssy/arm-gcc-build/source/glibc-2.39/malloc'
/usr/bin/install -c -m 644 malloc.h /home/ssy/arm-gcc-build/tools/arm-linux-gnueabihf/include/malloc.h
/usr/bin/install -c -m 644 obstack.h /home/ssy/arm-gcc-build/tools/arm-linux-gnueabihf/include/obstack.h
/usr/bin/install -c -m 644 mcheck.h /home/ssy/arm-gcc-build/tools/arm-linux-gnueabihf/include/mcheck.h
make[3]: Leaving directory '/home/ssy/arm-gcc-build/source/glibc-2.39/malloc'
make  subdir=string -C string ..=../ install-headers
make[3]: Entering directory '/home/ssy/arm-gcc-build/source/glibc-2.39/string'
../Rules:360: warning: overriding recipe for target '/home/ssy/arm-gcc-build/source/glibc-2.39/glibc_build/string/tst-strerror.out'
../Rules:347: warning: ignoring old recipe for target '/home/ssy/arm-gcc-build/source/glibc-2.39/glibc_build/string/tst-strerror.out'
../Rules:360: warning: overriding recipe for target '/home/ssy/arm-gcc-build/source/glibc-2.39/glibc_build/string/tst-strsignal.out'
../Rules:347: warning: ignoring old recipe for target '/home/ssy/arm-gcc-build/source/glibc-2.39/glibc_build/string/tst-strsignal.out'
/usr/bin/install -c -m 644 argz.h /home/ssy/arm-gcc-build/tools/arm-linux-gnueabihf/include/argz.h
/usr/bin/install -c -m 644 ../bits/byteswap.h /home/ssy/arm-gcc-build/tools/arm-linux-gnueabihf/include/bits/byteswap.h
/usr/bin/install -c -m 644 bits/endian.h /home/ssy/arm-gcc-build/tools/arm-linux-gnueabihf/include/bits/endian.h
/usr/bin/install -c -m 644 ../sysdeps/arm/bits/endianness.h /home/ssy/arm-gcc-build/tools/arm-linux-gnueabihf/include/bits/endianness.h
/usr/bin/install -c -m 644 bits/string_fortified.h /home/ssy/arm-gcc-build/tools/arm-linux-gnueabihf/include/bits/string_fortified.h
/usr/bin/install -c -m 644 bits/strings_fortified.h /home/ssy/arm-gcc-build/tools/arm-linux-gnueabihf/include/bits/strings_fortified.h
/usr/bin/install -c -m 644 ../bits/uintn-identity.h /home/ssy/arm-gcc-build/tools/arm-linux-gnueabihf/include/bits/uintn-identity.h
/usr/bin/install -c -m 644 byteswap.h /home/ssy/arm-gcc-build/tools/arm-linux-gnueabihf/include/byteswap.h
/usr/bin/install -c -m 644 endian.h /home/ssy/arm-gcc-build/tools/arm-linux-gnueabihf/include/endian.h
/usr/bin/install -c -m 644 envz.h /home/ssy/arm-gcc-build/tools/arm-linux-gnueabihf/include/envz.h
/usr/bin/install -c -m 644 memory.h /home/ssy/arm-gcc-build/tools/arm-linux-gnueabihf/include/memory.h
/usr/bin/install -c -m 644 string.h /home/ssy/arm-gcc-build/tools/arm-linux-gnueabihf/include/string.h
/usr/bin/install -c -m 644 strings.h /home/ssy/arm-gcc-build/tools/arm-linux-gnueabihf/include/strings.h
make[3]: Leaving directory '/home/ssy/arm-gcc-build/source/glibc-2.39/string'
make  subdir=wcsmbs -C wcsmbs ..=../ install-headers
make[3]: Entering directory '/home/ssy/arm-gcc-build/source/glibc-2.39/wcsmbs'
/usr/bin/install -c -m 644 bits/types/__mbstate_t.h /home/ssy/arm-gcc-build/tools/arm-linux-gnueabihf/include/bits/types/__mbstate_t.h
/usr/bin/install -c -m 644 bits/types/mbstate_t.h /home/ssy/arm-gcc-build/tools/arm-linux-gnueabihf/include/bits/types/mbstate_t.h
/usr/bin/install -c -m 644 bits/types/wint_t.h /home/ssy/arm-gcc-build/tools/arm-linux-gnueabihf/include/bits/types/wint_t.h
/usr/bin/install -c -m 644 bits/wchar-ldbl.h /home/ssy/arm-gcc-build/tools/arm-linux-gnueabihf/include/bits/wchar-ldbl.h
/usr/bin/install -c -m 644 ../bits/wchar.h /home/ssy/arm-gcc-build/tools/arm-linux-gnueabihf/include/bits/wchar.h
/usr/bin/install -c -m 644 bits/wchar2-decl.h /home/ssy/arm-gcc-build/tools/arm-linux-gnueabihf/include/bits/wchar2-decl.h
/usr/bin/install -c -m 644 bits/wchar2.h /home/ssy/arm-gcc-build/tools/arm-linux-gnueabihf/include/bits/wchar2.h
/usr/bin/install -c -m 644 uchar.h /home/ssy/arm-gcc-build/tools/arm-linux-gnueabihf/include/uchar.h
/usr/bin/install -c -m 644 wchar.h /home/ssy/arm-gcc-build/tools/arm-linux-gnueabihf/include/wchar.h
make[3]: Leaving directory '/home/ssy/arm-gcc-build/source/glibc-2.39/wcsmbs'
make  subdir=timezone -C timezone ..=../ install-headers
make[3]: Entering directory '/home/ssy/arm-gcc-build/source/glibc-2.39/timezone'
make[3]: 'install-headers' is up to date.
make[3]: Leaving directory '/home/ssy/arm-gcc-build/source/glibc-2.39/timezone'
make  subdir=time -C time ..=../ install-headers
make[3]: Entering directory '/home/ssy/arm-gcc-build/source/glibc-2.39/time'
/usr/bin/install -c -m 644 time.h /home/ssy/arm-gcc-build/tools/arm-linux-gnueabihf/include/time.h
/usr/bin/install -c -m 644 sys/time.h /home/ssy/arm-gcc-build/tools/arm-linux-gnueabihf/include/sys/time.h
/usr/bin/install -c -m 644 sys/timeb.h /home/ssy/arm-gcc-build/tools/arm-linux-gnueabihf/include/sys/timeb.h
/usr/bin/install -c -m 644 ../sysdeps/unix/sysv/linux/bits/time.h /home/ssy/arm-gcc-build/tools/arm-linux-gnueabihf/include/bits/time.h
/usr/bin/install -c -m 644 bits/types/clockid_t.h /home/ssy/arm-gcc-build/tools/arm-linux-gnueabihf/include/bits/types/clockid_t.h
/usr/bin/install -c -m 644 bits/types/clock_t.h /home/ssy/arm-gcc-build/tools/arm-linux-gnueabihf/include/bits/types/clock_t.h
/usr/bin/install -c -m 644 bits/types/struct_itimerspec.h /home/ssy/arm-gcc-build/tools/arm-linux-gnueabihf/include/bits/types/struct_itimerspec.h
/usr/bin/install -c -m 644 bits/types/struct_timespec.h /home/ssy/arm-gcc-build/tools/arm-linux-gnueabihf/include/bits/types/struct_timespec.h
/usr/bin/install -c -m 644 bits/types/struct_timeval.h /home/ssy/arm-gcc-build/tools/arm-linux-gnueabihf/include/bits/types/struct_timeval.h
/usr/bin/install -c -m 644 bits/types/struct_tm.h /home/ssy/arm-gcc-build/tools/arm-linux-gnueabihf/include/bits/types/struct_tm.h
/usr/bin/install -c -m 644 bits/types/timer_t.h /home/ssy/arm-gcc-build/tools/arm-linux-gnueabihf/include/bits/types/timer_t.h
/usr/bin/install -c -m 644 bits/types/time_t.h /home/ssy/arm-gcc-build/tools/arm-linux-gnueabihf/include/bits/types/time_t.h
/usr/bin/install -c -m 644 bits/types/struct_timeb.h /home/ssy/arm-gcc-build/tools/arm-linux-gnueabihf/include/bits/types/struct_timeb.h
/usr/bin/install -c -m 644 ../sysdeps/unix/sysv/linux/bits/timex.h /home/ssy/arm-gcc-build/tools/arm-linux-gnueabihf/include/bits/timex.h
/usr/bin/install -c -m 644 ../sysdeps/unix/sysv/linux/sys/timex.h /home/ssy/arm-gcc-build/tools/arm-linux-gnueabihf/include/sys/timex.h
make[3]: Leaving directory '/home/ssy/arm-gcc-build/source/glibc-2.39/time'
make  subdir=dirent -C dirent ..=../ install-headers
make[3]: Entering directory '/home/ssy/arm-gcc-build/source/glibc-2.39/dirent'
/usr/bin/install -c -m 644 dirent.h /home/ssy/arm-gcc-build/tools/arm-linux-gnueabihf/include/dirent.h
/usr/bin/install -c -m 644 ../sysdeps/unix/sysv/linux/bits/dirent.h /home/ssy/arm-gcc-build/tools/arm-linux-gnueabihf/include/bits/dirent.h
/usr/bin/install -c -m 644 ../sysdeps/unix/sysv/linux/bits/dirent_ext.h /home/ssy/arm-gcc-build/tools/arm-linux-gnueabihf/include/bits/dirent_ext.h
make[3]: Leaving directory '/home/ssy/arm-gcc-build/source/glibc-2.39/dirent'
make  subdir=posix -C posix ..=../ install-headers
make[3]: Entering directory '/home/ssy/arm-gcc-build/source/glibc-2.39/posix'
/usr/bin/install -c -m 644 ../bits/confname.h /home/ssy/arm-gcc-build/tools/arm-linux-gnueabihf/include/bits/confname.h
/usr/bin/install -c -m 644 bits/cpu-set.h /home/ssy/arm-gcc-build/tools/arm-linux-gnueabihf/include/bits/cpu-set.h
/usr/bin/install -c -m 644 ../bits/environments.h /home/ssy/arm-gcc-build/tools/arm-linux-gnueabihf/include/bits/environments.h
/usr/bin/install -c -m 644 bits/getopt_core.h /home/ssy/arm-gcc-build/tools/arm-linux-gnueabihf/include/bits/getopt_core.h
/usr/bin/install -c -m 644 bits/getopt_ext.h /home/ssy/arm-gcc-build/tools/arm-linux-gnueabihf/include/bits/getopt_ext.h
/usr/bin/install -c -m 644 bits/getopt_posix.h /home/ssy/arm-gcc-build/tools/arm-linux-gnueabihf/include/bits/getopt_posix.h
/usr/bin/install -c -m 644 ../sysdeps/unix/sysv/linux/bits/local_lim.h /home/ssy/arm-gcc-build/tools/arm-linux-gnueabihf/include/bits/local_lim.h
/usr/bin/install -c -m 644 ../sysdeps/unix/sysv/linux/bits/mman_ext.h /home/ssy/arm-gcc-build/tools/arm-linux-gnueabihf/include/bits/mman_ext.h
/usr/bin/install -c -m 644 bits/posix1_lim.h /home/ssy/arm-gcc-build/tools/arm-linux-gnueabihf/include/bits/posix1_lim.h
/usr/bin/install -c -m 644 bits/posix2_lim.h /home/ssy/arm-gcc-build/tools/arm-linux-gnueabihf/include/bits/posix2_lim.h
/usr/bin/install -c -m 644 ../sysdeps/unix/sysv/linux/bits/posix_opt.h /home/ssy/arm-gcc-build/tools/arm-linux-gnueabihf/include/bits/posix_opt.h
/usr/bin/install -c -m 644 ../sysdeps/nptl/bits/pthreadtypes-arch.h /home/ssy/arm-gcc-build/tools/arm-linux-gnueabihf/include/bits/pthreadtypes-arch.h
/usr/bin/install -c -m 644 ../sysdeps/nptl/bits/pthreadtypes.h /home/ssy/arm-gcc-build/tools/arm-linux-gnueabihf/include/bits/pthreadtypes.h
/usr/bin/install -c -m 644 ../sysdeps/unix/sysv/linux/bits/sched.h /home/ssy/arm-gcc-build/tools/arm-linux-gnueabihf/include/bits/sched.h
/usr/bin/install -c -m 644 ../sysdeps/unix/sysv/linux/bits/spawn_ext.h /home/ssy/arm-gcc-build/tools/arm-linux-gnueabihf/include/bits/spawn_ext.h
/usr/bin/install -c -m 644 ../sysdeps/nptl/bits/thread-shared-types.h /home/ssy/arm-gcc-build/tools/arm-linux-gnueabihf/include/bits/thread-shared-types.h
/usr/bin/install -c -m 644 bits/types.h /home/ssy/arm-gcc-build/tools/arm-linux-gnueabihf/include/bits/types.h
/usr/bin/install -c -m 644 ../sysdeps/unix/sysv/linux/bits/types/idtype_t.h /home/ssy/arm-gcc-build/tools/arm-linux-gnueabihf/include/bits/types/idtype_t.h
/usr/bin/install -c -m 644 ../bits/types/struct_sched_param.h /home/ssy/arm-gcc-build/tools/arm-linux-gnueabihf/include/bits/types/struct_sched_param.h
/usr/bin/install -c -m 644 ../sysdeps/unix/sysv/linux/arm/bits/typesizes.h /home/ssy/arm-gcc-build/tools/arm-linux-gnueabihf/include/bits/typesizes.h
/usr/bin/install -c -m 644 bits/unistd-decl.h /home/ssy/arm-gcc-build/tools/arm-linux-gnueabihf/include/bits/unistd-decl.h
/usr/bin/install -c -m 644 bits/unistd.h /home/ssy/arm-gcc-build/tools/arm-linux-gnueabihf/include/bits/unistd.h
/usr/bin/install -c -m 644 ../sysdeps/unix/sysv/linux/bits/unistd_ext.h /home/ssy/arm-gcc-build/tools/arm-linux-gnueabihf/include/bits/unistd_ext.h
/usr/bin/install -c -m 644 ../sysdeps/unix/sysv/linux/bits/utsname.h /home/ssy/arm-gcc-build/tools/arm-linux-gnueabihf/include/bits/utsname.h
/usr/bin/install -c -m 644 ../sysdeps/unix/sysv/linux/bits/waitflags.h /home/ssy/arm-gcc-build/tools/arm-linux-gnueabihf/include/bits/waitflags.h
/usr/bin/install -c -m 644 ../bits/waitstatus.h /home/ssy/arm-gcc-build/tools/arm-linux-gnueabihf/include/bits/waitstatus.h
/usr/bin/install -c -m 644 cpio.h /home/ssy/arm-gcc-build/tools/arm-linux-gnueabihf/include/cpio.h
/usr/bin/install -c -m 644 fnmatch.h /home/ssy/arm-gcc-build/tools/arm-linux-gnueabihf/include/fnmatch.h
/usr/bin/install -c -m 644 getopt.h /home/ssy/arm-gcc-build/tools/arm-linux-gnueabihf/include/getopt.h
/usr/bin/install -c -m 644 glob.h /home/ssy/arm-gcc-build/tools/arm-linux-gnueabihf/include/glob.h
/usr/bin/install -c -m 644 re_comp.h /home/ssy/arm-gcc-build/tools/arm-linux-gnueabihf/include/re_comp.h
/usr/bin/install -c -m 644 regex.h /home/ssy/arm-gcc-build/tools/arm-linux-gnueabihf/include/regex.h
/usr/bin/install -c -m 644 sched.h /home/ssy/arm-gcc-build/tools/arm-linux-gnueabihf/include/sched.h
/usr/bin/install -c -m 644 spawn.h /home/ssy/arm-gcc-build/tools/arm-linux-gnueabihf/include/spawn.h
/usr/bin/install -c -m 644 sys/times.h /home/ssy/arm-gcc-build/tools/arm-linux-gnueabihf/include/sys/times.h
/usr/bin/install -c -m 644 sys/types.h /home/ssy/arm-gcc-build/tools/arm-linux-gnueabihf/include/sys/types.h
/usr/bin/install -c -m 644 sys/unistd.h /home/ssy/arm-gcc-build/tools/arm-linux-gnueabihf/include/sys/unistd.h
/usr/bin/install -c -m 644 sys/utsname.h /home/ssy/arm-gcc-build/tools/arm-linux-gnueabihf/include/sys/utsname.h
/usr/bin/install -c -m 644 sys/wait.h /home/ssy/arm-gcc-build/tools/arm-linux-gnueabihf/include/sys/wait.h
/usr/bin/install -c -m 644 tar.h /home/ssy/arm-gcc-build/tools/arm-linux-gnueabihf/include/tar.h
/usr/bin/install -c -m 644 unistd.h /home/ssy/arm-gcc-build/tools/arm-linux-gnueabihf/include/unistd.h
/usr/bin/install -c -m 644 wait.h /home/ssy/arm-gcc-build/tools/arm-linux-gnueabihf/include/wait.h
/usr/bin/install -c -m 644 wordexp.h /home/ssy/arm-gcc-build/tools/arm-linux-gnueabihf/include/wordexp.h
/usr/bin/install -c -m 644 ../sysdeps/unix/sysv/linux/bits/initspin.h /home/ssy/arm-gcc-build/tools/arm-linux-gnueabihf/include/bits/initspin.h
make[3]: Leaving directory '/home/ssy/arm-gcc-build/source/glibc-2.39/posix'
make  subdir=io -C io ..=../ install-headers
make[3]: Entering directory '/home/ssy/arm-gcc-build/source/glibc-2.39/io'
/usr/bin/install -c -m 644 ../sysdeps/unix/sysv/linux/arm/bits/fcntl.h /home/ssy/arm-gcc-build/tools/arm-linux-gnueabihf/include/bits/fcntl.h
/usr/bin/install -c -m 644 bits/fcntl2.h /home/ssy/arm-gcc-build/tools/arm-linux-gnueabihf/include/bits/fcntl2.h
/usr/bin/install -c -m 644 ../sysdeps/unix/sysv/linux/bits/poll.h /home/ssy/arm-gcc-build/tools/arm-linux-gnueabihf/include/bits/poll.h
/usr/bin/install -c -m 644 bits/poll2.h /home/ssy/arm-gcc-build/tools/arm-linux-gnueabihf/include/bits/poll2.h
/usr/bin/install -c -m 644 ../sysdeps/unix/sysv/linux/bits/stat.h /home/ssy/arm-gcc-build/tools/arm-linux-gnueabihf/include/bits/stat.h
/usr/bin/install -c -m 644 ../sysdeps/unix/sysv/linux/bits/statfs.h /home/ssy/arm-gcc-build/tools/arm-linux-gnueabihf/include/bits/statfs.h
/usr/bin/install -c -m 644 ../sysdeps/unix/sysv/linux/bits/statvfs.h /home/ssy/arm-gcc-build/tools/arm-linux-gnueabihf/include/bits/statvfs.h
/usr/bin/install -c -m 644 bits/statx-generic.h /home/ssy/arm-gcc-build/tools/arm-linux-gnueabihf/include/bits/statx-generic.h
/usr/bin/install -c -m 644 ../sysdeps/unix/sysv/linux/bits/statx.h /home/ssy/arm-gcc-build/tools/arm-linux-gnueabihf/include/bits/statx.h
/usr/bin/install -c -m 644 bits/types/struct_statx.h /home/ssy/arm-gcc-build/tools/arm-linux-gnueabihf/include/bits/types/struct_statx.h
/usr/bin/install -c -m 644 bits/types/struct_statx_timestamp.h /home/ssy/arm-gcc-build/tools/arm-linux-gnueabihf/include/bits/types/struct_statx_timestamp.h
/usr/bin/install -c -m 644 fcntl.h /home/ssy/arm-gcc-build/tools/arm-linux-gnueabihf/include/fcntl.h
/usr/bin/install -c -m 644 fts.h /home/ssy/arm-gcc-build/tools/arm-linux-gnueabihf/include/fts.h
/usr/bin/install -c -m 644 ftw.h /home/ssy/arm-gcc-build/tools/arm-linux-gnueabihf/include/ftw.h
/usr/bin/install -c -m 644 poll.h /home/ssy/arm-gcc-build/tools/arm-linux-gnueabihf/include/poll.h
/usr/bin/install -c -m 644 sys/fcntl.h /home/ssy/arm-gcc-build/tools/arm-linux-gnueabihf/include/sys/fcntl.h
/usr/bin/install -c -m 644 sys/poll.h /home/ssy/arm-gcc-build/tools/arm-linux-gnueabihf/include/sys/poll.h
/usr/bin/install -c -m 644 sys/sendfile.h /home/ssy/arm-gcc-build/tools/arm-linux-gnueabihf/include/sys/sendfile.h
/usr/bin/install -c -m 644 sys/stat.h /home/ssy/arm-gcc-build/tools/arm-linux-gnueabihf/include/sys/stat.h
/usr/bin/install -c -m 644 sys/statfs.h /home/ssy/arm-gcc-build/tools/arm-linux-gnueabihf/include/sys/statfs.h
/usr/bin/install -c -m 644 sys/statvfs.h /home/ssy/arm-gcc-build/tools/arm-linux-gnueabihf/include/sys/statvfs.h
/usr/bin/install -c -m 644 sys/vfs.h /home/ssy/arm-gcc-build/tools/arm-linux-gnueabihf/include/sys/vfs.h
/usr/bin/install -c -m 644 utime.h /home/ssy/arm-gcc-build/tools/arm-linux-gnueabihf/include/utime.h
/usr/bin/install -c -m 644 ../sysdeps/unix/sysv/linux/bits/fcntl-linux.h /home/ssy/arm-gcc-build/tools/arm-linux-gnueabihf/include/bits/fcntl-linux.h
make[3]: Leaving directory '/home/ssy/arm-gcc-build/source/glibc-2.39/io'
make  subdir=termios -C termios ..=../ install-headers
make[3]: Entering directory '/home/ssy/arm-gcc-build/source/glibc-2.39/termios'
/usr/bin/install -c -m 644 termios.h /home/ssy/arm-gcc-build/tools/arm-linux-gnueabihf/include/termios.h
/usr/bin/install -c -m 644 ../sysdeps/unix/sysv/linux/bits/termios.h /home/ssy/arm-gcc-build/tools/arm-linux-gnueabihf/include/bits/termios.h
/usr/bin/install -c -m 644 ../sysdeps/unix/sysv/linux/sys/ttydefaults.h /home/ssy/arm-gcc-build/tools/arm-linux-gnueabihf/include/sys/ttydefaults.h
/usr/bin/install -c -m 644 sys/termios.h /home/ssy/arm-gcc-build/tools/arm-linux-gnueabihf/include/sys/termios.h
/usr/bin/install -c -m 644 sys/ttychars.h /home/ssy/arm-gcc-build/tools/arm-linux-gnueabihf/include/sys/ttychars.h
/usr/bin/install -c -m 644 ../sysdeps/unix/sysv/linux/termio.h /home/ssy/arm-gcc-build/tools/arm-linux-gnueabihf/include/termio.h
make[3]: Leaving directory '/home/ssy/arm-gcc-build/source/glibc-2.39/termios'
make  subdir=resource -C resource ..=../ install-headers
make[3]: Entering directory '/home/ssy/arm-gcc-build/source/glibc-2.39/resource'
/usr/bin/install -c -m 644 sys/resource.h /home/ssy/arm-gcc-build/tools/arm-linux-gnueabihf/include/sys/resource.h
/usr/bin/install -c -m 644 ../sysdeps/unix/sysv/linux/bits/resource.h /home/ssy/arm-gcc-build/tools/arm-linux-gnueabihf/include/bits/resource.h
/usr/bin/install -c -m 644 sys/vlimit.h /home/ssy/arm-gcc-build/tools/arm-linux-gnueabihf/include/sys/vlimit.h
/usr/bin/install -c -m 644 ulimit.h /home/ssy/arm-gcc-build/tools/arm-linux-gnueabihf/include/ulimit.h
/usr/bin/install -c -m 644 bits/types/struct_rusage.h /home/ssy/arm-gcc-build/tools/arm-linux-gnueabihf/include/bits/types/struct_rusage.h
make[3]: Leaving directory '/home/ssy/arm-gcc-build/source/glibc-2.39/resource'
make  subdir=misc -C misc ..=../ install-headers
make[3]: Entering directory '/home/ssy/arm-gcc-build/source/glibc-2.39/misc'
/usr/bin/install -c -m 644 sys/uio.h /home/ssy/arm-gcc-build/tools/arm-linux-gnueabihf/include/sys/uio.h
/usr/bin/install -c -m 644 ../sysdeps/unix/sysv/linux/bits/uio-ext.h /home/ssy/arm-gcc-build/tools/arm-linux-gnueabihf/include/bits/uio-ext.h
/usr/bin/install -c -m 644 ../sysdeps/unix/sysv/linux/bits/uio_lim.h /home/ssy/arm-gcc-build/tools/arm-linux-gnueabihf/include/bits/uio_lim.h
/usr/bin/install -c -m 644 sys/ioctl.h /home/ssy/arm-gcc-build/tools/arm-linux-gnueabihf/include/sys/ioctl.h
/usr/bin/install -c -m 644 ../sysdeps/unix/sysv/linux/bits/ioctls.h /home/ssy/arm-gcc-build/tools/arm-linux-gnueabihf/include/bits/ioctls.h
/usr/bin/install -c -m 644 ../sysdeps/unix/sysv/linux/bits/ioctl-types.h /home/ssy/arm-gcc-build/tools/arm-linux-gnueabihf/include/bits/ioctl-types.h
/usr/bin/install -c -m 644 ../sysdeps/unix/sysv/linux/arm/sys/ptrace.h /home/ssy/arm-gcc-build/tools/arm-linux-gnueabihf/include/sys/ptrace.h
/usr/bin/install -c -m 644 sys/file.h /home/ssy/arm-gcc-build/tools/arm-linux-gnueabihf/include/sys/file.h
/usr/bin/install -c -m 644 sys/dir.h /home/ssy/arm-gcc-build/tools/arm-linux-gnueabihf/include/sys/dir.h
/usr/bin/install -c -m 644 sys/cdefs.h /home/ssy/arm-gcc-build/tools/arm-linux-gnueabihf/include/sys/cdefs.h
/usr/bin/install -c -m 644 ar.h /home/ssy/arm-gcc-build/tools/arm-linux-gnueabihf/include/ar.h
/usr/bin/install -c -m 644 ../sysdeps/unix/sysv/linux/a.out.h /home/ssy/arm-gcc-build/tools/arm-linux-gnueabihf/include/a.out.h
/usr/bin/install -c -m 644 libgen.h /home/ssy/arm-gcc-build/tools/arm-linux-gnueabihf/include/libgen.h
/usr/bin/install -c -m 644 stab.h /home/ssy/arm-gcc-build/tools/arm-linux-gnueabihf/include/stab.h
/usr/bin/install -c -m 644 bits/stab.def /home/ssy/arm-gcc-build/tools/arm-linux-gnueabihf/include/bits/stab.def
/usr/bin/install -c -m 644 sgtty.h /home/ssy/arm-gcc-build/tools/arm-linux-gnueabihf/include/sgtty.h
/usr/bin/install -c -m 644 ttyent.h /home/ssy/arm-gcc-build/tools/arm-linux-gnueabihf/include/ttyent.h
/usr/bin/install -c -m 644 ../sysdeps/unix/sysv/linux/paths.h /home/ssy/arm-gcc-build/tools/arm-linux-gnueabihf/include/paths.h
/usr/bin/install -c -m 644 ../sysdeps/unix/sysv/linux/sys/reboot.h /home/ssy/arm-gcc-build/tools/arm-linux-gnueabihf/include/sys/reboot.h
/usr/bin/install -c -m 644 sys/mman.h /home/ssy/arm-gcc-build/tools/arm-linux-gnueabihf/include/sys/mman.h
/usr/bin/install -c -m 644 sys/param.h /home/ssy/arm-gcc-build/tools/arm-linux-gnueabihf/include/sys/param.h
/usr/bin/install -c -m 644 ../sysdeps/unix/sysv/linux/bits/param.h /home/ssy/arm-gcc-build/tools/arm-linux-gnueabihf/include/bits/param.h
/usr/bin/install -c -m 644 fstab.h /home/ssy/arm-gcc-build/tools/arm-linux-gnueabihf/include/fstab.h
/usr/bin/install -c -m 644 mntent.h /home/ssy/arm-gcc-build/tools/arm-linux-gnueabihf/include/mntent.h
/usr/bin/install -c -m 644 search.h /home/ssy/arm-gcc-build/tools/arm-linux-gnueabihf/include/search.h
/usr/bin/install -c -m 644 err.h /home/ssy/arm-gcc-build/tools/arm-linux-gnueabihf/include/err.h
/usr/bin/install -c -m 644 error.h /home/ssy/arm-gcc-build/tools/arm-linux-gnueabihf/include/error.h
/usr/bin/install -c -m 644 sys/queue.h /home/ssy/arm-gcc-build/tools/arm-linux-gnueabihf/include/sys/queue.h
/usr/bin/install -c -m 644 sysexits.h /home/ssy/arm-gcc-build/tools/arm-linux-gnueabihf/include/sysexits.h
/usr/bin/install -c -m 644 syscall.h /home/ssy/arm-gcc-build/tools/arm-linux-gnueabihf/include/syscall.h
/usr/bin/install -c -m 644 ../sysdeps/unix/sysv/linux/sys/syscall.h /home/ssy/arm-gcc-build/tools/arm-linux-gnueabihf/include/sys/syscall.h
/usr/bin/install -c -m 644 ../sysdeps/unix/sysv/linux/sys/swap.h /home/ssy/arm-gcc-build/tools/arm-linux-gnueabihf/include/sys/swap.h
/usr/bin/install -c -m 644 sys/select.h /home/ssy/arm-gcc-build/tools/arm-linux-gnueabihf/include/sys/select.h
/usr/bin/install -c -m 644 ../sysdeps/unix/sysv/linux/sys/sysinfo.h /home/ssy/arm-gcc-build/tools/arm-linux-gnueabihf/include/sys/sysinfo.h
/usr/bin/install -c -m 644 regexp.h /home/ssy/arm-gcc-build/tools/arm-linux-gnueabihf/include/regexp.h
/usr/bin/install -c -m 644 ../bits/select.h /home/ssy/arm-gcc-build/tools/arm-linux-gnueabihf/include/bits/select.h
/usr/bin/install -c -m 644 ../sysdeps/unix/sysv/linux/bits/mman.h /home/ssy/arm-gcc-build/tools/arm-linux-gnueabihf/include/bits/mman.h
/usr/bin/install -c -m 644 sys/xattr.h /home/ssy/arm-gcc-build/tools/arm-linux-gnueabihf/include/sys/xattr.h
/usr/bin/install -c -m 644 syslog.h /home/ssy/arm-gcc-build/tools/arm-linux-gnueabihf/include/syslog.h
/usr/bin/install -c -m 644 sys/syslog.h /home/ssy/arm-gcc-build/tools/arm-linux-gnueabihf/include/sys/syslog.h
/usr/bin/install -c -m 644 bits/syslog-decl.h /home/ssy/arm-gcc-build/tools/arm-linux-gnueabihf/include/bits/syslog-decl.h
/usr/bin/install -c -m 644 bits/syslog.h /home/ssy/arm-gcc-build/tools/arm-linux-gnueabihf/include/bits/syslog.h
/usr/bin/install -c -m 644 bits/syslog-ldbl.h /home/ssy/arm-gcc-build/tools/arm-linux-gnueabihf/include/bits/syslog-ldbl.h
/usr/bin/install -c -m 644 ../bits/syslog-path.h /home/ssy/arm-gcc-build/tools/arm-linux-gnueabihf/include/bits/syslog-path.h
/usr/bin/install -c -m 644 bits/error.h /home/ssy/arm-gcc-build/tools/arm-linux-gnueabihf/include/bits/error.h
/usr/bin/install -c -m 644 bits/select-decl.h /home/ssy/arm-gcc-build/tools/arm-linux-gnueabihf/include/bits/select-decl.h
/usr/bin/install -c -m 644 bits/select2.h /home/ssy/arm-gcc-build/tools/arm-linux-gnueabihf/include/bits/select2.h
/usr/bin/install -c -m 644 ../sysdeps/unix/sysv/linux/arm/bits/hwcap.h /home/ssy/arm-gcc-build/tools/arm-linux-gnueabihf/include/bits/hwcap.h
/usr/bin/install -c -m 644 sys/auxv.h /home/ssy/arm-gcc-build/tools/arm-linux-gnueabihf/include/sys/auxv.h
/usr/bin/install -c -m 644 sys/sysmacros.h /home/ssy/arm-gcc-build/tools/arm-linux-gnueabihf/include/sys/sysmacros.h
/usr/bin/install -c -m 644 ../bits/sysmacros.h /home/ssy/arm-gcc-build/tools/arm-linux-gnueabihf/include/bits/sysmacros.h
/usr/bin/install -c -m 644 bits/types/struct_iovec.h /home/ssy/arm-gcc-build/tools/arm-linux-gnueabihf/include/bits/types/struct_iovec.h
/usr/bin/install -c -m 644 bits/err-ldbl.h /home/ssy/arm-gcc-build/tools/arm-linux-gnueabihf/include/bits/err-ldbl.h
/usr/bin/install -c -m 644 bits/error-ldbl.h /home/ssy/arm-gcc-build/tools/arm-linux-gnueabihf/include/bits/error-ldbl.h
/usr/bin/install -c -m 644 sys/single_threaded.h /home/ssy/arm-gcc-build/tools/arm-linux-gnueabihf/include/sys/single_threaded.h
/usr/bin/install -c -m 644 ../sysdeps/unix/sysv/linux/arm/sys/elf.h /home/ssy/arm-gcc-build/tools/arm-linux-gnueabihf/include/sys/elf.h
/usr/bin/install -c -m 644 ../sysdeps/unix/sysv/linux/bits/a.out.h /home/ssy/arm-gcc-build/tools/arm-linux-gnueabihf/include/bits/a.out.h
/usr/bin/install -c -m 644 ../sysdeps/unix/sysv/linux/bits/epoll.h /home/ssy/arm-gcc-build/tools/arm-linux-gnueabihf/include/bits/epoll.h
/usr/bin/install -c -m 644 ../sysdeps/unix/sysv/linux/bits/eventfd.h /home/ssy/arm-gcc-build/tools/arm-linux-gnueabihf/include/bits/eventfd.h
/usr/bin/install -c -m 644 ../sysdeps/unix/sysv/linux/bits/inotify.h /home/ssy/arm-gcc-build/tools/arm-linux-gnueabihf/include/bits/inotify.h
/usr/bin/install -c -m 644 ../sysdeps/unix/sysv/linux/bits/mman-linux.h /home/ssy/arm-gcc-build/tools/arm-linux-gnueabihf/include/bits/mman-linux.h
/usr/bin/install -c -m 644 ../sysdeps/unix/sysv/linux/bits/mman-map-flags-generic.h /home/ssy/arm-gcc-build/tools/arm-linux-gnueabihf/include/bits/mman-map-flags-generic.h
/usr/bin/install -c -m 644 ../sysdeps/unix/sysv/linux/bits/mman-shared.h /home/ssy/arm-gcc-build/tools/arm-linux-gnueabihf/include/bits/mman-shared.h
/usr/bin/install -c -m 644 ../sysdeps/unix/sysv/linux/bits/procfs-extra.h /home/ssy/arm-gcc-build/tools/arm-linux-gnueabihf/include/bits/procfs-extra.h
/usr/bin/install -c -m 644 ../sysdeps/unix/sysv/linux/arm/bits/procfs-id.h /home/ssy/arm-gcc-build/tools/arm-linux-gnueabihf/include/bits/procfs-id.h
/usr/bin/install -c -m 644 ../sysdeps/unix/sysv/linux/bits/procfs-prregset.h /home/ssy/arm-gcc-build/tools/arm-linux-gnueabihf/include/bits/procfs-prregset.h
/usr/bin/install -c -m 644 ../sysdeps/unix/sysv/linux/arm/bits/procfs.h /home/ssy/arm-gcc-build/tools/arm-linux-gnueabihf/include/bits/procfs.h
/usr/bin/install -c -m 644 ../sysdeps/unix/sysv/linux/bits/pthread_stack_min-dynamic.h /home/ssy/arm-gcc-build/tools/arm-linux-gnueabihf/include/bits/pthread_stack_min-dynamic.h
/usr/bin/install -c -m 644 ../sysdeps/unix/sysv/linux/bits/pthread_stack_min.h /home/ssy/arm-gcc-build/tools/arm-linux-gnueabihf/include/bits/pthread_stack_min.h
/usr/bin/install -c -m 644 ../sysdeps/unix/sysv/linux/bits/ptrace-shared.h /home/ssy/arm-gcc-build/tools/arm-linux-gnueabihf/include/bits/ptrace-shared.h
/usr/bin/install -c -m 644 ../sysdeps/unix/sysv/linux/arm/bits/rseq.h /home/ssy/arm-gcc-build/tools/arm-linux-gnueabihf/include/bits/rseq.h
/usr/bin/install -c -m 644 ../sysdeps/unix/sysv/linux/arm/bits/shmlba.h /home/ssy/arm-gcc-build/tools/arm-linux-gnueabihf/include/bits/shmlba.h
/usr/bin/install -c -m 644 ../sysdeps/unix/sysv/linux/bits/siginfo-arch.h /home/ssy/arm-gcc-build/tools/arm-linux-gnueabihf/include/bits/siginfo-arch.h
/usr/bin/install -c -m 644 ../sysdeps/unix/sysv/linux/bits/siginfo-consts-arch.h /home/ssy/arm-gcc-build/tools/arm-linux-gnueabihf/include/bits/siginfo-consts-arch.h
/usr/bin/install -c -m 644 ../sysdeps/unix/sysv/linux/bits/signalfd.h /home/ssy/arm-gcc-build/tools/arm-linux-gnueabihf/include/bits/signalfd.h
/usr/bin/install -c -m 644 ../sysdeps/unix/sysv/linux/bits/socket_type.h /home/ssy/arm-gcc-build/tools/arm-linux-gnueabihf/include/bits/socket_type.h
/usr/bin/install -c -m 644 ../sysdeps/unix/sysv/linux/arm/bits/struct_stat.h /home/ssy/arm-gcc-build/tools/arm-linux-gnueabihf/include/bits/struct_stat.h
/usr/bin/install -c -m 644 ../sysdeps/unix/sysv/linux/bits/struct_stat_time64_helper.h /home/ssy/arm-gcc-build/tools/arm-linux-gnueabihf/include/bits/struct_stat_time64_helper.h
.././scripts/mkinstalldirs /home/ssy/arm-gcc-build/source/glibc-2.39/glibc_build/misc/bits
mkdir -p -- /home/ssy/arm-gcc-build/source/glibc-2.39/glibc_build/misc/bits
LC_ALL=C gawk -f ../sysdeps/unix/sysv/linux/gen-syscall-h.awk ../sysdeps/unix/sysv/linux/syscall-names.list > /home/ssy/arm-gcc-build/source/glibc-2.39/glibc_build/misc/bits/syscall.h-tmp
/bin/sh ../scripts/move-if-change /home/ssy/arm-gcc-build/source/glibc-2.39/glibc_build/misc/bits/syscall.h-tmp /home/ssy/arm-gcc-build/source/glibc-2.39/glibc_build/misc/bits/syscall.h
/usr/bin/install -c -m 644 /home/ssy/arm-gcc-build/source/glibc-2.39/glibc_build/misc/bits/syscall.h /home/ssy/arm-gcc-build/tools/arm-linux-gnueabihf/include/bits/syscall.h
/usr/bin/install -c -m 644 ../sysdeps/unix/sysv/linux/bits/termios-baud.h /home/ssy/arm-gcc-build/tools/arm-linux-gnueabihf/include/bits/termios-baud.h
/usr/bin/install -c -m 644 ../sysdeps/unix/sysv/linux/bits/termios-c_cc.h /home/ssy/arm-gcc-build/tools/arm-linux-gnueabihf/include/bits/termios-c_cc.h
/usr/bin/install -c -m 644 ../sysdeps/unix/sysv/linux/bits/termios-c_cflag.h /home/ssy/arm-gcc-build/tools/arm-linux-gnueabihf/include/bits/termios-c_cflag.h
/usr/bin/install -c -m 644 ../sysdeps/unix/sysv/linux/bits/termios-c_iflag.h /home/ssy/arm-gcc-build/tools/arm-linux-gnueabihf/include/bits/termios-c_iflag.h
/usr/bin/install -c -m 644 ../sysdeps/unix/sysv/linux/bits/termios-c_lflag.h /home/ssy/arm-gcc-build/tools/arm-linux-gnueabihf/include/bits/termios-c_lflag.h
/usr/bin/install -c -m 644 ../sysdeps/unix/sysv/linux/bits/termios-c_oflag.h /home/ssy/arm-gcc-build/tools/arm-linux-gnueabihf/include/bits/termios-c_oflag.h
/usr/bin/install -c -m 644 ../sysdeps/unix/sysv/linux/bits/termios-misc.h /home/ssy/arm-gcc-build/tools/arm-linux-gnueabihf/include/bits/termios-misc.h
/usr/bin/install -c -m 644 ../sysdeps/unix/sysv/linux/bits/termios-struct.h /home/ssy/arm-gcc-build/tools/arm-linux-gnueabihf/include/bits/termios-struct.h
/usr/bin/install -c -m 644 ../sysdeps/unix/sysv/linux/bits/termios-tcflow.h /home/ssy/arm-gcc-build/tools/arm-linux-gnueabihf/include/bits/termios-tcflow.h
/usr/bin/install -c -m 644 ../sysdeps/unix/sysv/linux/bits/timerfd.h /home/ssy/arm-gcc-build/tools/arm-linux-gnueabihf/include/bits/timerfd.h
/usr/bin/install -c -m 644 ../sysdeps/unix/sysv/linux/bits/types/struct_msqid64_ds.h /home/ssy/arm-gcc-build/tools/arm-linux-gnueabihf/include/bits/types/struct_msqid64_ds.h
/usr/bin/install -c -m 644 ../sysdeps/unix/sysv/linux/bits/types/struct_msqid64_ds_helper.h /home/ssy/arm-gcc-build/tools/arm-linux-gnueabihf/include/bits/types/struct_msqid64_ds_helper.h
/usr/bin/install -c -m 644 ../sysdeps/unix/sysv/linux/bits/types/struct_semid64_ds.h /home/ssy/arm-gcc-build/tools/arm-linux-gnueabihf/include/bits/types/struct_semid64_ds.h
/usr/bin/install -c -m 644 ../sysdeps/unix/sysv/linux/bits/types/struct_semid64_ds_helper.h /home/ssy/arm-gcc-build/tools/arm-linux-gnueabihf/include/bits/types/struct_semid64_ds_helper.h
/usr/bin/install -c -m 644 ../sysdeps/unix/sysv/linux/bits/types/struct_semid_ds.h /home/ssy/arm-gcc-build/tools/arm-linux-gnueabihf/include/bits/types/struct_semid_ds.h
/usr/bin/install -c -m 644 ../sysdeps/unix/sysv/linux/bits/types/struct_shmid64_ds.h /home/ssy/arm-gcc-build/tools/arm-linux-gnueabihf/include/bits/types/struct_shmid64_ds.h
/usr/bin/install -c -m 644 ../sysdeps/unix/sysv/linux/bits/types/struct_shmid64_ds_helper.h /home/ssy/arm-gcc-build/tools/arm-linux-gnueabihf/include/bits/types/struct_shmid64_ds_helper.h
/usr/bin/install -c -m 644 ../sysdeps/unix/sysv/linux/scsi/scsi.h /home/ssy/arm-gcc-build/tools/arm-linux-gnueabihf/include/scsi/scsi.h
/usr/bin/install -c -m 644 ../sysdeps/unix/sysv/linux/scsi/scsi_ioctl.h /home/ssy/arm-gcc-build/tools/arm-linux-gnueabihf/include/scsi/scsi_ioctl.h
/usr/bin/install -c -m 644 ../sysdeps/unix/sysv/linux/scsi/sg.h /home/ssy/arm-gcc-build/tools/arm-linux-gnueabihf/include/scsi/sg.h
/usr/bin/install -c -m 644 ../sysdeps/unix/sysv/linux/sys/acct.h /home/ssy/arm-gcc-build/tools/arm-linux-gnueabihf/include/sys/acct.h
/usr/bin/install -c -m 644 ../sysdeps/unix/sysv/linux/sys/epoll.h /home/ssy/arm-gcc-build/tools/arm-linux-gnueabihf/include/sys/epoll.h
/usr/bin/install -c -m 644 ../sysdeps/unix/sysv/linux/sys/eventfd.h /home/ssy/arm-gcc-build/tools/arm-linux-gnueabihf/include/sys/eventfd.h
/usr/bin/install -c -m 644 ../sysdeps/unix/sysv/linux/sys/fanotify.h /home/ssy/arm-gcc-build/tools/arm-linux-gnueabihf/include/sys/fanotify.h
/usr/bin/install -c -m 644 ../sysdeps/unix/sysv/linux/sys/fsuid.h /home/ssy/arm-gcc-build/tools/arm-linux-gnueabihf/include/sys/fsuid.h
/usr/bin/install -c -m 644 ../sysdeps/unix/sysv/linux/sys/inotify.h /home/ssy/arm-gcc-build/tools/arm-linux-gnueabihf/include/sys/inotify.h
/usr/bin/install -c -m 644 ../sysdeps/unix/sysv/linux/sys/kd.h /home/ssy/arm-gcc-build/tools/arm-linux-gnueabihf/include/sys/kd.h
/usr/bin/install -c -m 644 ../sysdeps/unix/sysv/linux/sys/klog.h /home/ssy/arm-gcc-build/tools/arm-linux-gnueabihf/include/sys/klog.h
/usr/bin/install -c -m 644 ../sysdeps/unix/sysv/linux/sys/mount.h /home/ssy/arm-gcc-build/tools/arm-linux-gnueabihf/include/sys/mount.h
/usr/bin/install -c -m 644 ../sysdeps/unix/sysv/linux/sys/pci.h /home/ssy/arm-gcc-build/tools/arm-linux-gnueabihf/include/sys/pci.h
/usr/bin/install -c -m 644 ../sysdeps/unix/sysv/linux/sys/personality.h /home/ssy/arm-gcc-build/tools/arm-linux-gnueabihf/include/sys/personality.h
/usr/bin/install -c -m 644 ../sysdeps/unix/sysv/linux/sys/pidfd.h /home/ssy/arm-gcc-build/tools/arm-linux-gnueabihf/include/sys/pidfd.h
/usr/bin/install -c -m 644 ../sysdeps/unix/sysv/linux/sys/prctl.h /home/ssy/arm-gcc-build/tools/arm-linux-gnueabihf/include/sys/prctl.h
/usr/bin/install -c -m 644 ../sysdeps/unix/sysv/linux/sys/quota.h /home/ssy/arm-gcc-build/tools/arm-linux-gnueabihf/include/sys/quota.h
/usr/bin/install -c -m 644 ../sysdeps/unix/sysv/linux/sys/raw.h /home/ssy/arm-gcc-build/tools/arm-linux-gnueabihf/include/sys/raw.h
/usr/bin/install -c -m 644 ../sysdeps/unix/sysv/linux/sys/rseq.h /home/ssy/arm-gcc-build/tools/arm-linux-gnueabihf/include/sys/rseq.h
/usr/bin/install -c -m 644 ../sysdeps/unix/sysv/linux/sys/signalfd.h /home/ssy/arm-gcc-build/tools/arm-linux-gnueabihf/include/sys/signalfd.h
/usr/bin/install -c -m 644 ../sysdeps/unix/sysv/linux/sys/soundcard.h /home/ssy/arm-gcc-build/tools/arm-linux-gnueabihf/include/sys/soundcard.h
/usr/bin/install -c -m 644 ../sysdeps/unix/sysv/linux/sys/timerfd.h /home/ssy/arm-gcc-build/tools/arm-linux-gnueabihf/include/sys/timerfd.h
/usr/bin/install -c -m 644 ../sysdeps/unix/sysv/linux/arm/sys/user.h /home/ssy/arm-gcc-build/tools/arm-linux-gnueabihf/include/sys/user.h
/usr/bin/install -c -m 644 ../sysdeps/unix/sysv/linux/sys/vt.h /home/ssy/arm-gcc-build/tools/arm-linux-gnueabihf/include/sys/vt.h
/usr/bin/install -c -m 644 ../sysdeps/gnu/sys/mtio.h /home/ssy/arm-gcc-build/tools/arm-linux-gnueabihf/include/sys/mtio.h
make[3]: Leaving directory '/home/ssy/arm-gcc-build/source/glibc-2.39/misc'
make  subdir=socket -C socket ..=../ install-headers
make[3]: Entering directory '/home/ssy/arm-gcc-build/source/glibc-2.39/socket'
/usr/bin/install -c -m 644 ../bits/sockaddr.h /home/ssy/arm-gcc-build/tools/arm-linux-gnueabihf/include/bits/sockaddr.h
/usr/bin/install -c -m 644 ../sysdeps/unix/sysv/linux/bits/socket.h /home/ssy/arm-gcc-build/tools/arm-linux-gnueabihf/include/bits/socket.h
/usr/bin/install -c -m 644 bits/socket2.h /home/ssy/arm-gcc-build/tools/arm-linux-gnueabihf/include/bits/socket2.h
/usr/bin/install -c -m 644 bits/types/struct_osockaddr.h /home/ssy/arm-gcc-build/tools/arm-linux-gnueabihf/include/bits/types/struct_osockaddr.h
.././scripts/mkinstalldirs /home/ssy/arm-gcc-build/tools/arm-linux-gnueabihf/include/net
mkdir -p -- /home/ssy/arm-gcc-build/tools/arm-linux-gnueabihf/include/net
/usr/bin/install -c -m 644 ../sysdeps/gnu/net/if.h /home/ssy/arm-gcc-build/tools/arm-linux-gnueabihf/include/net/if.h
/usr/bin/install -c -m 644 sys/socket.h /home/ssy/arm-gcc-build/tools/arm-linux-gnueabihf/include/sys/socket.h
/usr/bin/install -c -m 644 ../sysdeps/generic/sys/socketvar.h /home/ssy/arm-gcc-build/tools/arm-linux-gnueabihf/include/sys/socketvar.h
/usr/bin/install -c -m 644 sys/un.h /home/ssy/arm-gcc-build/tools/arm-linux-gnueabihf/include/sys/un.h
/usr/bin/install -c -m 644 ../sysdeps/unix/sysv/linux/bits/socket-constants.h /home/ssy/arm-gcc-build/tools/arm-linux-gnueabihf/include/bits/socket-constants.h
/usr/bin/install -c -m 644 ../sysdeps/unix/sysv/linux/net/ethernet.h /home/ssy/arm-gcc-build/tools/arm-linux-gnueabihf/include/net/ethernet.h
/usr/bin/install -c -m 644 ../sysdeps/unix/sysv/linux/net/if_arp.h /home/ssy/arm-gcc-build/tools/arm-linux-gnueabihf/include/net/if_arp.h
/usr/bin/install -c -m 644 ../sysdeps/unix/sysv/linux/net/if_packet.h /home/ssy/arm-gcc-build/tools/arm-linux-gnueabihf/include/net/if_packet.h
/usr/bin/install -c -m 644 ../sysdeps/unix/sysv/linux/net/if_ppp.h /home/ssy/arm-gcc-build/tools/arm-linux-gnueabihf/include/net/if_ppp.h
/usr/bin/install -c -m 644 ../sysdeps/unix/sysv/linux/net/if_shaper.h /home/ssy/arm-gcc-build/tools/arm-linux-gnueabihf/include/net/if_shaper.h
/usr/bin/install -c -m 644 ../sysdeps/unix/sysv/linux/net/if_slip.h /home/ssy/arm-gcc-build/tools/arm-linux-gnueabihf/include/net/if_slip.h
/usr/bin/install -c -m 644 ../sysdeps/unix/sysv/linux/net/ppp-comp.h /home/ssy/arm-gcc-build/tools/arm-linux-gnueabihf/include/net/ppp-comp.h
/usr/bin/install -c -m 644 ../sysdeps/unix/sysv/linux/net/ppp_defs.h /home/ssy/arm-gcc-build/tools/arm-linux-gnueabihf/include/net/ppp_defs.h
/usr/bin/install -c -m 644 ../sysdeps/unix/sysv/linux/net/route.h /home/ssy/arm-gcc-build/tools/arm-linux-gnueabihf/include/net/route.h
make[3]: Leaving directory '/home/ssy/arm-gcc-build/source/glibc-2.39/socket'
make  subdir=sysvipc -C sysvipc ..=../ install-headers
make[3]: Entering directory '/home/ssy/arm-gcc-build/source/glibc-2.39/sysvipc'
/usr/bin/install -c -m 644 sys/ipc.h /home/ssy/arm-gcc-build/tools/arm-linux-gnueabihf/include/sys/ipc.h
/usr/bin/install -c -m 644 sys/msg.h /home/ssy/arm-gcc-build/tools/arm-linux-gnueabihf/include/sys/msg.h
/usr/bin/install -c -m 644 sys/sem.h /home/ssy/arm-gcc-build/tools/arm-linux-gnueabihf/include/sys/sem.h
/usr/bin/install -c -m 644 sys/shm.h /home/ssy/arm-gcc-build/tools/arm-linux-gnueabihf/include/sys/shm.h
/usr/bin/install -c -m 644 ../bits/ipctypes.h /home/ssy/arm-gcc-build/tools/arm-linux-gnueabihf/include/bits/ipctypes.h
/usr/bin/install -c -m 644 ../sysdeps/gnu/bits/ipc.h /home/ssy/arm-gcc-build/tools/arm-linux-gnueabihf/include/bits/ipc.h
/usr/bin/install -c -m 644 ../sysdeps/unix/sysv/linux/bits/msq.h /home/ssy/arm-gcc-build/tools/arm-linux-gnueabihf/include/bits/msq.h
/usr/bin/install -c -m 644 ../sysdeps/unix/sysv/linux/bits/sem.h /home/ssy/arm-gcc-build/tools/arm-linux-gnueabihf/include/bits/sem.h
/usr/bin/install -c -m 644 ../sysdeps/unix/sysv/linux/bits/shm.h /home/ssy/arm-gcc-build/tools/arm-linux-gnueabihf/include/bits/shm.h
/usr/bin/install -c -m 644 ../sysdeps/unix/sysv/linux/bits/ipc-perm.h /home/ssy/arm-gcc-build/tools/arm-linux-gnueabihf/include/bits/ipc-perm.h
/usr/bin/install -c -m 644 ../sysdeps/unix/sysv/linux/bits/types/struct_msqid_ds.h /home/ssy/arm-gcc-build/tools/arm-linux-gnueabihf/include/bits/types/struct_msqid_ds.h
/usr/bin/install -c -m 644 ../sysdeps/unix/sysv/linux/bits/types/struct_shmid_ds.h /home/ssy/arm-gcc-build/tools/arm-linux-gnueabihf/include/bits/types/struct_shmid_ds.h
make[3]: Leaving directory '/home/ssy/arm-gcc-build/source/glibc-2.39/sysvipc'
make  subdir=gmon -C gmon ..=../ install-headers
make[3]: Entering directory '/home/ssy/arm-gcc-build/source/glibc-2.39/gmon'
/usr/bin/install -c -m 644 sys/gmon.h /home/ssy/arm-gcc-build/tools/arm-linux-gnueabihf/include/sys/gmon.h
/usr/bin/install -c -m 644 sys/gmon_out.h /home/ssy/arm-gcc-build/tools/arm-linux-gnueabihf/include/sys/gmon_out.h
/usr/bin/install -c -m 644 sys/profil.h /home/ssy/arm-gcc-build/tools/arm-linux-gnueabihf/include/sys/profil.h
make[3]: Leaving directory '/home/ssy/arm-gcc-build/source/glibc-2.39/gmon'
make  subdir=gnulib -C gnulib ..=../ install-headers
make[3]: Entering directory '/home/ssy/arm-gcc-build/source/glibc-2.39/gnulib'
make[3]: 'install-headers' is up to date.
make[3]: Leaving directory '/home/ssy/arm-gcc-build/source/glibc-2.39/gnulib'
make  subdir=wctype -C wctype ..=../ install-headers
make[3]: Entering directory '/home/ssy/arm-gcc-build/source/glibc-2.39/wctype'
/usr/bin/install -c -m 644 wctype.h /home/ssy/arm-gcc-build/tools/arm-linux-gnueabihf/include/wctype.h
/usr/bin/install -c -m 644 bits/wctype-wchar.h /home/ssy/arm-gcc-build/tools/arm-linux-gnueabihf/include/bits/wctype-wchar.h
make[3]: Leaving directory '/home/ssy/arm-gcc-build/source/glibc-2.39/wctype'
make  subdir=manual -C manual ..=../ install-headers
make[3]: Entering directory '/home/ssy/arm-gcc-build/source/glibc-2.39/manual'
.././scripts/mkinstalldirs /home/ssy/arm-gcc-build/source/glibc-2.39/glibc_build/manual
mkdir -p -- /home/ssy/arm-gcc-build/source/glibc-2.39/glibc_build/manual
gawk -f texis.awk intro.texi errno.texi memory.texi ctype.texi string.texi charset.texi locale.texi message.texi search.texi pattern.texi io.texi stdio.texi llio.texi filesys.texi pipe.texi socket.texi terminal.texi syslog.texi math.texi arith.texi stdbit.texi time.texi resource.texi setjmp.texi signal.texi startup.texi process.texi ipc.texi job.texi nss.texi users.texi sysinfo.texi conf.texi crypt.texi debug.texi threads.texi dynlink.texi probes.texi tunables.texi lang.texi header.texi install.texi maint.texi platform.texi contrib.texi freemanuals.texi lgpl-2.1.texi fdl-1.3.texi > /home/ssy/arm-gcc-build/source/glibc-2.39/glibc_build/manual/texis.T
mv -f /home/ssy/arm-gcc-build/source/glibc-2.39/glibc_build/manual/texis.T /home/ssy/arm-gcc-build/source/glibc-2.39/glibc_build/manual/texis
make[3]: 'install-headers' is up to date.
make[3]: Leaving directory '/home/ssy/arm-gcc-build/source/glibc-2.39/manual'
make  subdir=po -C po ..=../ install-headers
make[3]: Entering directory '/home/ssy/arm-gcc-build/source/glibc-2.39/po'
make[3]: 'install-headers' is up to date.
make[3]: Leaving directory '/home/ssy/arm-gcc-build/source/glibc-2.39/po'
make  subdir=argp -C argp ..=../ install-headers
make[3]: Entering directory '/home/ssy/arm-gcc-build/source/glibc-2.39/argp'
/usr/bin/install -c -m 644 argp.h /home/ssy/arm-gcc-build/tools/arm-linux-gnueabihf/include/argp.h
/usr/bin/install -c -m 644 bits/argp-ldbl.h /home/ssy/arm-gcc-build/tools/arm-linux-gnueabihf/include/bits/argp-ldbl.h
make[3]: Leaving directory '/home/ssy/arm-gcc-build/source/glibc-2.39/argp'
make  subdir=conform -C conform ..=../ install-headers
make[3]: Entering directory '/home/ssy/arm-gcc-build/source/glibc-2.39/conform'
make[3]: 'install-headers' is up to date.
make[3]: Leaving directory '/home/ssy/arm-gcc-build/source/glibc-2.39/conform'
make  subdir=debug -C debug ..=../ install-headers
make[3]: Entering directory '/home/ssy/arm-gcc-build/source/glibc-2.39/debug'
/usr/bin/install -c -m 644 execinfo.h /home/ssy/arm-gcc-build/tools/arm-linux-gnueabihf/include/execinfo.h
make[3]: Leaving directory '/home/ssy/arm-gcc-build/source/glibc-2.39/debug'
make  subdir=mathvec -C mathvec ..=../ install-headers
make[3]: Entering directory '/home/ssy/arm-gcc-build/source/glibc-2.39/mathvec'
make[3]: 'install-headers' is up to date.
make[3]: Leaving directory '/home/ssy/arm-gcc-build/source/glibc-2.39/mathvec'
make  subdir=support -C support ..=../ install-headers
make[3]: Entering directory '/home/ssy/arm-gcc-build/source/glibc-2.39/support'
make[3]: 'install-headers' is up to date.
make[3]: Leaving directory '/home/ssy/arm-gcc-build/source/glibc-2.39/support'
make  subdir=nptl_db -C nptl_db ..=../ install-headers
make[3]: Entering directory '/home/ssy/arm-gcc-build/source/glibc-2.39/nptl_db'
/usr/bin/install -c -m 644 ../sysdeps/nptl/proc_service.h /home/ssy/arm-gcc-build/tools/arm-linux-gnueabihf/include/proc_service.h
/usr/bin/install -c -m 644 ../sysdeps/nptl/thread_db.h /home/ssy/arm-gcc-build/tools/arm-linux-gnueabihf/include/thread_db.h
/usr/bin/install -c -m 644 ../sysdeps/unix/sysv/linux/sys/procfs.h /home/ssy/arm-gcc-build/tools/arm-linux-gnueabihf/include/sys/procfs.h
make[3]: Leaving directory '/home/ssy/arm-gcc-build/source/glibc-2.39/nptl_db'
make  subdir=inet -C inet ..=../ install-headers
make[3]: Entering directory '/home/ssy/arm-gcc-build/source/glibc-2.39/inet'
.././scripts/mkinstalldirs /home/ssy/arm-gcc-build/tools/arm-linux-gnueabihf/include/arpa
mkdir -p -- /home/ssy/arm-gcc-build/tools/arm-linux-gnueabihf/include/arpa
/usr/bin/install -c -m 644 arpa/inet.h /home/ssy/arm-gcc-build/tools/arm-linux-gnueabihf/include/arpa/inet.h
/usr/bin/install -c -m 644 arpa/telnet.h /home/ssy/arm-gcc-build/tools/arm-linux-gnueabihf/include/arpa/telnet.h
/usr/bin/install -c -m 644 arpa/ftp.h /home/ssy/arm-gcc-build/tools/arm-linux-gnueabihf/include/arpa/ftp.h
/usr/bin/install -c -m 644 arpa/tftp.h /home/ssy/arm-gcc-build/tools/arm-linux-gnueabihf/include/arpa/tftp.h
.././scripts/mkinstalldirs /home/ssy/arm-gcc-build/tools/arm-linux-gnueabihf/include/protocols
mkdir -p -- /home/ssy/arm-gcc-build/tools/arm-linux-gnueabihf/include/protocols
/usr/bin/install -c -m 644 protocols/routed.h /home/ssy/arm-gcc-build/tools/arm-linux-gnueabihf/include/protocols/routed.h
/usr/bin/install -c -m 644 protocols/timed.h /home/ssy/arm-gcc-build/tools/arm-linux-gnueabihf/include/protocols/timed.h
/usr/bin/install -c -m 644 protocols/rwhod.h /home/ssy/arm-gcc-build/tools/arm-linux-gnueabihf/include/protocols/rwhod.h
/usr/bin/install -c -m 644 protocols/talkd.h /home/ssy/arm-gcc-build/tools/arm-linux-gnueabihf/include/protocols/talkd.h
/usr/bin/install -c -m 644 ../sysdeps/unix/sysv/linux/bits/in.h /home/ssy/arm-gcc-build/tools/arm-linux-gnueabihf/include/bits/in.h
/usr/bin/install -c -m 644 ifaddrs.h /home/ssy/arm-gcc-build/tools/arm-linux-gnueabihf/include/ifaddrs.h
.././scripts/mkinstalldirs /home/ssy/arm-gcc-build/tools/arm-linux-gnueabihf/include/netinet
mkdir -p -- /home/ssy/arm-gcc-build/tools/arm-linux-gnueabihf/include/netinet
/usr/bin/install -c -m 644 netinet/ether.h /home/ssy/arm-gcc-build/tools/arm-linux-gnueabihf/include/netinet/ether.h
/usr/bin/install -c -m 644 netinet/icmp6.h /home/ssy/arm-gcc-build/tools/arm-linux-gnueabihf/include/netinet/icmp6.h
/usr/bin/install -c -m 644 ../sysdeps/unix/sysv/linux/netinet/if_ether.h /home/ssy/arm-gcc-build/tools/arm-linux-gnueabihf/include/netinet/if_ether.h
/usr/bin/install -c -m 644 netinet/igmp.h /home/ssy/arm-gcc-build/tools/arm-linux-gnueabihf/include/netinet/igmp.h
/usr/bin/install -c -m 644 netinet/in.h /home/ssy/arm-gcc-build/tools/arm-linux-gnueabihf/include/netinet/in.h
/usr/bin/install -c -m 644 ../sysdeps/generic/netinet/in_systm.h /home/ssy/arm-gcc-build/tools/arm-linux-gnueabihf/include/netinet/in_systm.h
/usr/bin/install -c -m 644 ../sysdeps/generic/netinet/ip.h /home/ssy/arm-gcc-build/tools/arm-linux-gnueabihf/include/netinet/ip.h
/usr/bin/install -c -m 644 netinet/ip6.h /home/ssy/arm-gcc-build/tools/arm-linux-gnueabihf/include/netinet/ip6.h
/usr/bin/install -c -m 644 ../sysdeps/gnu/netinet/tcp.h /home/ssy/arm-gcc-build/tools/arm-linux-gnueabihf/include/netinet/tcp.h
.././scripts/mkinstalldirs /home/ssy/arm-gcc-build/tools/arm-linux-gnueabihf/include/rpc
mkdir -p -- /home/ssy/arm-gcc-build/tools/arm-linux-gnueabihf/include/rpc
/usr/bin/install -c -m 644 rpc/netdb.h /home/ssy/arm-gcc-build/tools/arm-linux-gnueabihf/include/rpc/netdb.h
.././scripts/mkinstalldirs /home/ssy/arm-gcc-build/tools/arm-linux-gnueabihf/include/netash
mkdir -p -- /home/ssy/arm-gcc-build/tools/arm-linux-gnueabihf/include/netash
/usr/bin/install -c -m 644 ../sysdeps/unix/sysv/linux/netash/ash.h /home/ssy/arm-gcc-build/tools/arm-linux-gnueabihf/include/netash/ash.h
.././scripts/mkinstalldirs /home/ssy/arm-gcc-build/tools/arm-linux-gnueabihf/include/netatalk
mkdir -p -- /home/ssy/arm-gcc-build/tools/arm-linux-gnueabihf/include/netatalk
/usr/bin/install -c -m 644 ../sysdeps/unix/sysv/linux/netatalk/at.h /home/ssy/arm-gcc-build/tools/arm-linux-gnueabihf/include/netatalk/at.h
.././scripts/mkinstalldirs /home/ssy/arm-gcc-build/tools/arm-linux-gnueabihf/include/netax25
mkdir -p -- /home/ssy/arm-gcc-build/tools/arm-linux-gnueabihf/include/netax25
/usr/bin/install -c -m 644 ../sysdeps/unix/sysv/linux/netax25/ax25.h /home/ssy/arm-gcc-build/tools/arm-linux-gnueabihf/include/netax25/ax25.h
.././scripts/mkinstalldirs /home/ssy/arm-gcc-build/tools/arm-linux-gnueabihf/include/neteconet
mkdir -p -- /home/ssy/arm-gcc-build/tools/arm-linux-gnueabihf/include/neteconet
/usr/bin/install -c -m 644 ../sysdeps/unix/sysv/linux/neteconet/ec.h /home/ssy/arm-gcc-build/tools/arm-linux-gnueabihf/include/neteconet/ec.h
/usr/bin/install -c -m 644 ../sysdeps/unix/sysv/linux/netinet/if_fddi.h /home/ssy/arm-gcc-build/tools/arm-linux-gnueabihf/include/netinet/if_fddi.h
/usr/bin/install -c -m 644 ../sysdeps/unix/sysv/linux/netinet/if_tr.h /home/ssy/arm-gcc-build/tools/arm-linux-gnueabihf/include/netinet/if_tr.h
.././scripts/mkinstalldirs /home/ssy/arm-gcc-build/tools/arm-linux-gnueabihf/include/netipx
mkdir -p -- /home/ssy/arm-gcc-build/tools/arm-linux-gnueabihf/include/netipx
/usr/bin/install -c -m 644 ../sysdeps/unix/sysv/linux/netipx/ipx.h /home/ssy/arm-gcc-build/tools/arm-linux-gnueabihf/include/netipx/ipx.h
.././scripts/mkinstalldirs /home/ssy/arm-gcc-build/tools/arm-linux-gnueabihf/include/netiucv
mkdir -p -- /home/ssy/arm-gcc-build/tools/arm-linux-gnueabihf/include/netiucv
/usr/bin/install -c -m 644 ../sysdeps/unix/sysv/linux/netiucv/iucv.h /home/ssy/arm-gcc-build/tools/arm-linux-gnueabihf/include/netiucv/iucv.h
.././scripts/mkinstalldirs /home/ssy/arm-gcc-build/tools/arm-linux-gnueabihf/include/netpacket
mkdir -p -- /home/ssy/arm-gcc-build/tools/arm-linux-gnueabihf/include/netpacket
/usr/bin/install -c -m 644 ../sysdeps/unix/sysv/linux/netpacket/packet.h /home/ssy/arm-gcc-build/tools/arm-linux-gnueabihf/include/netpacket/packet.h
.././scripts/mkinstalldirs /home/ssy/arm-gcc-build/tools/arm-linux-gnueabihf/include/netrom
mkdir -p -- /home/ssy/arm-gcc-build/tools/arm-linux-gnueabihf/include/netrom
/usr/bin/install -c -m 644 ../sysdeps/unix/sysv/linux/netrom/netrom.h /home/ssy/arm-gcc-build/tools/arm-linux-gnueabihf/include/netrom/netrom.h
.././scripts/mkinstalldirs /home/ssy/arm-gcc-build/tools/arm-linux-gnueabihf/include/netrose
mkdir -p -- /home/ssy/arm-gcc-build/tools/arm-linux-gnueabihf/include/netrose
/usr/bin/install -c -m 644 ../sysdeps/unix/sysv/linux/netrose/rose.h /home/ssy/arm-gcc-build/tools/arm-linux-gnueabihf/include/netrose/rose.h
/usr/bin/install -c -m 644 ../sysdeps/gnu/netinet/udp.h /home/ssy/arm-gcc-build/tools/arm-linux-gnueabihf/include/netinet/udp.h
/usr/bin/install -c -m 644 ../sysdeps/gnu/netinet/ip_icmp.h /home/ssy/arm-gcc-build/tools/arm-linux-gnueabihf/include/netinet/ip_icmp.h
make[3]: Leaving directory '/home/ssy/arm-gcc-build/source/glibc-2.39/inet'
make  subdir=resolv -C resolv ..=../ install-headers
make[3]: Entering directory '/home/ssy/arm-gcc-build/source/glibc-2.39/resolv'
/usr/bin/install -c -m 644 resolv.h /home/ssy/arm-gcc-build/tools/arm-linux-gnueabihf/include/resolv.h
/usr/bin/install -c -m 644 bits/types/res_state.h /home/ssy/arm-gcc-build/tools/arm-linux-gnueabihf/include/bits/types/res_state.h
/usr/bin/install -c -m 644 netdb.h /home/ssy/arm-gcc-build/tools/arm-linux-gnueabihf/include/netdb.h
/usr/bin/install -c -m 644 ../bits/netdb.h /home/ssy/arm-gcc-build/tools/arm-linux-gnueabihf/include/bits/netdb.h
/usr/bin/install -c -m 644 arpa/nameser.h /home/ssy/arm-gcc-build/tools/arm-linux-gnueabihf/include/arpa/nameser.h
/usr/bin/install -c -m 644 arpa/nameser_compat.h /home/ssy/arm-gcc-build/tools/arm-linux-gnueabihf/include/arpa/nameser_compat.h
/usr/bin/install -c -m 644 sys/bitypes.h /home/ssy/arm-gcc-build/tools/arm-linux-gnueabihf/include/sys/bitypes.h
make[3]: Leaving directory '/home/ssy/arm-gcc-build/source/glibc-2.39/resolv'
make  subdir=nss -C nss ..=../ install-headers
make[3]: Entering directory '/home/ssy/arm-gcc-build/source/glibc-2.39/nss'
/usr/bin/install -c -m 644 aliases.h /home/ssy/arm-gcc-build/tools/arm-linux-gnueabihf/include/aliases.h
/usr/bin/install -c -m 644 grp.h /home/ssy/arm-gcc-build/tools/arm-linux-gnueabihf/include/grp.h
/usr/bin/install -c -m 644 gshadow.h /home/ssy/arm-gcc-build/tools/arm-linux-gnueabihf/include/gshadow.h
/usr/bin/install -c -m 644 nss.h /home/ssy/arm-gcc-build/tools/arm-linux-gnueabihf/include/nss.h
/usr/bin/install -c -m 644 pwd.h /home/ssy/arm-gcc-build/tools/arm-linux-gnueabihf/include/pwd.h
/usr/bin/install -c -m 644 shadow.h /home/ssy/arm-gcc-build/tools/arm-linux-gnueabihf/include/shadow.h
make[3]: Leaving directory '/home/ssy/arm-gcc-build/source/glibc-2.39/nss'
make  subdir=hesiod -C hesiod ..=../ install-headers
make[3]: Entering directory '/home/ssy/arm-gcc-build/source/glibc-2.39/hesiod'
make[3]: 'install-headers' is up to date.
make[3]: Leaving directory '/home/ssy/arm-gcc-build/source/glibc-2.39/hesiod'
make  subdir=sunrpc -C sunrpc ..=../ install-headers
make[3]: Entering directory '/home/ssy/arm-gcc-build/source/glibc-2.39/sunrpc'
.././scripts/mkinstalldirs /home/ssy/arm-gcc-build/tools/arm-linux-gnueabihf/include/nfs
mkdir -p -- /home/ssy/arm-gcc-build/tools/arm-linux-gnueabihf/include/nfs
/usr/bin/install -c -m 644 ../sysdeps/unix/sysv/linux/nfs/nfs.h /home/ssy/arm-gcc-build/tools/arm-linux-gnueabihf/include/nfs/nfs.h
make[3]: Leaving directory '/home/ssy/arm-gcc-build/source/glibc-2.39/sunrpc'
make  subdir=nis -C nis ..=../ install-headers
make[3]: Entering directory '/home/ssy/arm-gcc-build/source/glibc-2.39/nis'
make[3]: 'install-headers' is up to date.
make[3]: Leaving directory '/home/ssy/arm-gcc-build/source/glibc-2.39/nis'
make  subdir=nscd -C nscd ..=../ install-headers
make[3]: Entering directory '/home/ssy/arm-gcc-build/source/glibc-2.39/nscd'
make[3]: 'install-headers' is up to date.
make[3]: Leaving directory '/home/ssy/arm-gcc-build/source/glibc-2.39/nscd'
make  subdir=login -C login ..=../ install-headers
make[3]: Entering directory '/home/ssy/arm-gcc-build/source/glibc-2.39/login'
/usr/bin/install -c -m 644 utmp.h /home/ssy/arm-gcc-build/tools/arm-linux-gnueabihf/include/utmp.h
/usr/bin/install -c -m 644 ../bits/utmp.h /home/ssy/arm-gcc-build/tools/arm-linux-gnueabihf/include/bits/utmp.h
/usr/bin/install -c -m 644 lastlog.h /home/ssy/arm-gcc-build/tools/arm-linux-gnueabihf/include/lastlog.h
/usr/bin/install -c -m 644 pty.h /home/ssy/arm-gcc-build/tools/arm-linux-gnueabihf/include/pty.h
/usr/bin/install -c -m 644 ../sysdeps/gnu/utmpx.h /home/ssy/arm-gcc-build/tools/arm-linux-gnueabihf/include/utmpx.h
/usr/bin/install -c -m 644 ../sysdeps/gnu/bits/utmpx.h /home/ssy/arm-gcc-build/tools/arm-linux-gnueabihf/include/bits/utmpx.h
make[3]: Leaving directory '/home/ssy/arm-gcc-build/source/glibc-2.39/login'
make  subdir=elf -C elf ..=../ install-headers
make[3]: Entering directory '/home/ssy/arm-gcc-build/source/glibc-2.39/elf'
python3 -B ../scripts/dso-ordering-test.py --description-file dso-sort-tests-2.def --objpfx /home/ssy/arm-gcc-build/source/glibc-2.39/glibc_build/elf/ --output-makefile /home/ssy/arm-gcc-build/source/glibc-2.39/glibc_build/elf/dso-sort-tests-2.def.generated-makefileT
mv /home/ssy/arm-gcc-build/source/glibc-2.39/glibc_build/elf/dso-sort-tests-2.def.generated-makefileT /home/ssy/arm-gcc-build/source/glibc-2.39/glibc_build/elf/dso-sort-tests-2.def.generated-makefile
python3 -B ../scripts/dso-ordering-test.py --description-file dso-sort-tests-1.def --objpfx /home/ssy/arm-gcc-build/source/glibc-2.39/glibc_build/elf/ --output-makefile /home/ssy/arm-gcc-build/source/glibc-2.39/glibc_build/elf/dso-sort-tests-1.def.generated-makefileT
mv /home/ssy/arm-gcc-build/source/glibc-2.39/glibc_build/elf/dso-sort-tests-1.def.generated-makefileT /home/ssy/arm-gcc-build/source/glibc-2.39/glibc_build/elf/dso-sort-tests-1.def.generated-makefile
/usr/bin/install -c -m 644 ../bits/elfclass.h /home/ssy/arm-gcc-build/tools/arm-linux-gnueabihf/include/bits/elfclass.h
/usr/bin/install -c -m 644 ../sysdeps/arm/bits/link.h /home/ssy/arm-gcc-build/tools/arm-linux-gnueabihf/include/bits/link.h
/usr/bin/install -c -m 644 ../bits/link_lavcurrent.h /home/ssy/arm-gcc-build/tools/arm-linux-gnueabihf/include/bits/link_lavcurrent.h
/usr/bin/install -c -m 644 elf.h /home/ssy/arm-gcc-build/tools/arm-linux-gnueabihf/include/elf.h
/usr/bin/install -c -m 644 link.h /home/ssy/arm-gcc-build/tools/arm-linux-gnueabihf/include/link.h
make[3]: Leaving directory '/home/ssy/arm-gcc-build/source/glibc-2.39/elf'
make[2]: Leaving directory '/home/ssy/arm-gcc-build/source/glibc-2.39'
make[1]: Leaving directory '/home/ssy/arm-gcc-build/source/glibc-2.39/glibc_build'
